#
# There is insufficient memory for the Java Runtime Environment to continue.
# Native memory allocation (malloc) failed to allocate 136314880 bytes for committing reserved memory.
# Possible reasons:
#   The system is out of physical RAM or swap space
#   In 32 bit mode, the process size limit was hit
# Possible solutions:
#   Reduce memory load on the system
#   Increase physical memory or swap space
#   Check if swap backing store is full
#   Use 64 bit Java on a 64 bit OS
#   Decrease Java heap size (-Xmx/-Xms)
#   Decrease number of Java threads
#   Decrease Java thread stack sizes (-Xss)
#   Set larger code cache with -XX:ReservedCodeCacheSize=
# This output file may be truncated or incomplete.
#
#  Out of Memory Error (os_linux.cpp:2827), pid=10557, tid=140718837344000
#
# JRE version: OpenJDK Runtime Environment (7.0_91-b02) (build 1.7.0_91-b02)
# Java VM: OpenJDK 64-Bit Server VM (24.91-b01 mixed mode linux-amd64 compressed oops)
# Derivative: IcedTea 2.6.3
# Distribution: Ubuntu 15.04, package 7u91-2.6.3-0ubuntu0.15.04.1
# Failed to write core dump. Core dumps have been disabled. To enable core dumping, try "ulimit -c unlimited" before starting Java again
#

---------------  T H R E A D  ---------------

Current thread (0x00007ffbac071000):  VMThread [stack: 0x00007ffba8402000,0x00007ffba8503000] [id=10563]

Stack: [0x00007ffba8402000,0x00007ffba8503000],  sp=0x00007ffba85014e0,  free space=1021k
Native frames: (J=compiled Java code, j=interpreted, Vv=VM code, C=native code)
V  [libjvm.so+0x991aa6]  VMError::report_and_die()+0x186
V  [libjvm.so+0x4934c2]  report_vm_out_of_memory(char const*, int, unsigned long, char const*)+0x92
V  [libjvm.so+0x80371b]  os::pd_commit_memory(char*, unsigned long, unsigned long, bool)+0xeb
V  [libjvm.so+0x7fddfe]  os::commit_memory(char*, unsigned long, unsigned long, bool)+0x2e
V  [libjvm.so+0x871c0b]  PSVirtualSpace::expand_by(unsigned long)+0x5b
V  [libjvm.so+0x872ac3]  PSYoungGen::resize_generation(unsigned long, unsigned long)+0xd3
V  [libjvm.so+0x8731db]  PSYoungGen::resize(unsigned long, unsigned long)+0x1b
V  [libjvm.so+0x86eb41]  PSScavenge::invoke_no_policy()+0xd51
V  [libjvm.so+0x86f3b8]  PSScavenge::invoke()+0x38
V  [libjvm.so+0x826a73]  ParallelScavengeHeap::failed_mem_allocate(unsigned long)+0x63
V  [libjvm.so+0x993372]  VM_ParallelGCFailedAllocation::doit()+0x92
V  [libjvm.so+0x9977f7]  VM_Operation::evaluate()+0x47
V  [libjvm.so+0x995f6b]  VMThread::evaluate_operation(VM_Operation*)+0xab
V  [libjvm.so+0x996616]  VMThread::loop()+0x1e6
V  [libjvm.so+0x996ae1]  VMThread::run()+0x81
V  [libjvm.so+0x800642]  java_start(Thread*)+0xf2

VM_Operation (0x00007ffba1156780): ParallelGCFailedAllocation, mode: safepoint, requested by thread 0x00007ffb7400e800


---------------  P R O C E S S  ---------------

Java Threads: ( => current thread )
  0x000000000116b800 JavaThread "File lock request listener" [_thread_in_native, id=10588, stack(0x00007ffb9e593000,0x00007ffb9e694000)]
  0x0000000000fbf800 JavaThread "process reaper" daemon [_thread_blocked, id=10587, stack(0x00007ffba1019000,0x00007ffba1052000)]
  0x0000000000cb4000 JavaThread "Stdin handler" [_thread_blocked, id=10579, stack(0x00007ffb9e6ff000,0x00007ffb9e800000)]
  0x00007ffb7400e800 JavaThread "Daemon worker" [_thread_blocked, id=10576, stack(0x00007ffba105a000,0x00007ffba115b000)]
  0x00007ffb7400e000 JavaThread "Cancel handler" [_thread_blocked, id=10575, stack(0x00007ffba115b000,0x00007ffba125c000)]
  0x00007ffb74008800 JavaThread "Handler for socket connection from /127.0.0.1:59968 to /127.0.0.1:33193" [_thread_in_native, id=10574, stack(0x00007ffba125c000,0x00007ffba135d000)]
  0x00007ffb70011800 JavaThread "Daemon" [_thread_blocked, id=10573, stack(0x00007ffba135d000,0x00007ffba145e000)]
  0x00007ffbacab1800 JavaThread "Incoming local TCP Connector on port 59968" [_thread_in_native, id=10572, stack(0x00007ffba145e000,0x00007ffba155f000)]
  0x00007ffbac0aa000 JavaThread "Service Thread" daemon [_thread_blocked, id=10569, stack(0x00007ffba361b000,0x00007ffba371c000)]
  0x00007ffbac0a7800 JavaThread "C2 CompilerThread1" daemon [_thread_blocked, id=10568, stack(0x00007ffba371c000,0x00007ffba381d000)]
  0x00007ffbac0a4800 JavaThread "C2 CompilerThread0" daemon [_thread_blocked, id=10567, stack(0x00007ffba381d000,0x00007ffba391e000)]
  0x00007ffbac0a2800 JavaThread "Signal Dispatcher" daemon [_thread_blocked, id=10566, stack(0x00007ffba80ff000,0x00007ffba8200000)]
  0x00007ffbac077800 JavaThread "Finalizer" daemon [_thread_blocked, id=10565, stack(0x00007ffba8200000,0x00007ffba8301000)]
  0x00007ffbac075800 JavaThread "Reference Handler" daemon [_thread_blocked, id=10564, stack(0x00007ffba8301000,0x00007ffba8402000)]
  0x00007ffbac00a000 JavaThread "main" [_thread_blocked, id=10560, stack(0x00007ffbb3e6f000,0x00007ffbb3f70000)]

Other Threads:
=>0x00007ffbac071000 VMThread [stack: 0x00007ffba8402000,0x00007ffba8503000] [id=10563]
  0x00007ffbac0b5000 WatcherThread [stack: 0x00007ffba351a000,0x00007ffba361b000] [id=10570]

VM state:at safepoint (normal execution)

VM Mutex/Monitor currently owned by a thread:  ([mutex/lock_event])
[0x00007ffbac0066e0] Threads_lock - owner thread: 0x00007ffbac071000
[0x00007ffbac006be0] Heap_lock - owner thread: 0x00007ffb7400e800

Heap
 PSYoungGen      total 134144K, used 11249K [0x00000000eaa80000, 0x00000000f3880000, 0x0000000100000000)
  eden space 122880K, 0% used [0x00000000eaa80000,0x00000000eaa80000,0x00000000f2280000)
  from space 11264K, 99% used [0x00000000f2280000,0x00000000f2d7c408,0x00000000f2d80000)
  to   space 10752K, 0% used [0x00000000f2e00000,0x00000000f2e00000,0x00000000f3880000)
 ParOldGen       total 39936K, used 21452K [0x00000000c0000000, 0x00000000c2700000, 0x00000000eaa80000)
  object space 39936K, 53% used [0x00000000c0000000,0x00000000c14f3110,0x00000000c2700000)
 PSPermGen       total 33792K, used 33388K [0x00000000b0000000, 0x00000000b2100000, 0x00000000c0000000)
  object space 33792K, 98% used [0x00000000b0000000,0x00000000b209b160,0x00000000b2100000)

Card table byte_map: [0x00007ffbb07db000,0x00007ffbb0a5c000] byte_map_base: 0x00007ffbb025b000

Polling page: 0x00007ffbb3f9b000

Code Cache  [0x00007ffba9000000, 0x00007ffba9300000, 0x00007ffbac000000)
 total_blobs=1166 nmethods=566 adapters=554 free_code_cache=46180Kb largest_free_block=47231616

Compilation events (10 events):
Event: 23.179 Thread 0x00007ffbac0a4800  617 %           java.util.regex.Matcher::search @ 46 (109 bytes)
Event: 23.181 Thread 0x00007ffbac0a7800  618             java.util.regex.Pattern::has (15 bytes)
Event: 23.182 Thread 0x00007ffbac0a7800 nmethod 618 0x00007ffba92dab50 code [0x00007ffba92dac80, 0x00007ffba92dacd8]
Event: 23.323 Thread 0x00007ffbac0a4800 nmethod 617% 0x00007ffba92d73d0 code [0x00007ffba92d7560, 0x00007ffba92d78f8]
Event: 23.420 Thread 0x00007ffbac0a7800  619             java.util.regex.Matcher::search (109 bytes)
Event: 23.424 Thread 0x00007ffbac0a7800 nmethod 619 0x00007ffba92dbdd0 code [0x00007ffba92dbf40, 0x00007ffba92dc238]
Event: 23.592 Thread 0x00007ffbac0a4800  621             org.gradle.internal.classloader.FilteringClassLoader::classAllowed (116 bytes)
Event: 23.631 Thread 0x00007ffbac0a4800 nmethod 621 0x00007ffba92f2710 code [0x00007ffba92f29e0, 0x00007ffba92f3b10]
Event: 23.665 Thread 0x00007ffbac0a7800  622             com.sun.beans.TypeResolver::resolve (37 bytes)
Event: 23.691 Thread 0x00007ffbac0a4800  623             org.codehaus.groovy.runtime.metaclass.MetaMethodIndex::addMethodToList (290 bytes)

GC Heap History (10 events):
Event: 2.188 GC heap after
Heap after GC invocations=2 (full 0):
 PSYoungGen      total 33280K, used 1942K [0x00000000eaa80000, 0x00000000ecd80000, 0x0000000100000000)
  eden space 30720K, 0% used [0x00000000eaa80000,0x00000000eaa80000,0x00000000ec880000)
  from space 2560K, 75% used [0x00000000ecb00000,0x00000000ecce5808,0x00000000ecd80000)
  to   space 2560K, 0% used [0x00000000ec880000,0x00000000ec880000,0x00000000ecb00000)
 ParOldGen       total 39936K, used 48K [0x00000000c0000000, 0x00000000c2700000, 0x00000000eaa80000)
  object space 39936K, 0% used [0x00000000c0000000,0x00000000c000c000,0x00000000c2700000)
 PSPermGen       total 21504K, used 6032K [0x00000000b0000000, 0x00000000b1500000, 0x00000000c0000000)
  object space 21504K, 28% used [0x00000000b0000000,0x00000000b05e4260,0x00000000b1500000)
}
Event: 4.652 GC heap before
{Heap before GC invocations=3 (full 0):
 PSYoungGen      total 33280K, used 32662K [0x00000000eaa80000, 0x00000000ecd80000, 0x0000000100000000)
  eden space 30720K, 100% used [0x00000000eaa80000,0x00000000ec880000,0x00000000ec880000)
  from space 2560K, 75% used [0x00000000ecb00000,0x00000000ecce5808,0x00000000ecd80000)
  to   space 2560K, 0% used [0x00000000ec880000,0x00000000ec880000,0x00000000ecb00000)
 ParOldGen       total 39936K, used 48K [0x00000000c0000000, 0x00000000c2700000, 0x00000000eaa80000)
  object space 39936K, 0% used [0x00000000c0000000,0x00000000c000c000,0x00000000c2700000)
 PSPermGen       total 21504K, used 11752K [0x00000000b0000000, 0x00000000b1500000, 0x00000000c0000000)
  object space 21504K, 54% used [0x00000000b0000000,0x00000000b0b7a3e0,0x00000000b1500000)
Event: 4.685 GC heap after
Heap after GC invocations=3 (full 0):
 PSYoungGen      total 33280K, used 2528K [0x00000000eaa80000, 0x00000000eeb80000, 0x0000000100000000)
  eden space 30720K, 0% used [0x00000000eaa80000,0x00000000eaa80000,0x00000000ec880000)
  from space 2560K, 98% used [0x00000000ec880000,0x00000000ecaf82f8,0x00000000ecb00000)
  to   space 2560K, 0% used [0x00000000ee900000,0x00000000ee900000,0x00000000eeb80000)
 ParOldGen       total 39936K, used 3345K [0x00000000c0000000, 0x00000000c2700000, 0x00000000eaa80000)
  object space 39936K, 8% used [0x00000000c0000000,0x00000000c03444c0,0x00000000c2700000)
 PSPermGen       total 21504K, used 11752K [0x00000000b0000000, 0x00000000b1500000, 0x00000000c0000000)
  object space 21504K, 54% used [0x00000000b0000000,0x00000000b0b7a3e0,0x00000000b1500000)
}
Event: 7.257 GC heap before
{Heap before GC invocations=4 (full 0):
 PSYoungGen      total 33280K, used 33248K [0x00000000eaa80000, 0x00000000eeb80000, 0x0000000100000000)
  eden space 30720K, 100% used [0x00000000eaa80000,0x00000000ec880000,0x00000000ec880000)
  from space 2560K, 98% used [0x00000000ec880000,0x00000000ecaf82f8,0x00000000ecb00000)
  to   space 2560K, 0% used [0x00000000ee900000,0x00000000ee900000,0x00000000eeb80000)
 ParOldGen       total 39936K, used 3345K [0x00000000c0000000, 0x00000000c2700000, 0x00000000eaa80000)
  object space 39936K, 8% used [0x00000000c0000000,0x00000000c03444c0,0x00000000c2700000)
 PSPermGen       total 21504K, used 17724K [0x00000000b0000000, 0x00000000b1500000, 0x00000000c0000000)
  object space 21504K, 82% used [0x00000000b0000000,0x00000000b114f128,0x00000000b1500000)
Event: 7.294 GC heap after
Heap after GC invocations=4 (full 0):
 PSYoungGen      total 64000K, used 2528K [0x00000000eaa80000, 0x00000000eeb80000, 0x0000000100000000)
  eden space 61440K, 0% used [0x00000000eaa80000,0x00000000eaa80000,0x00000000ee680000)
  from space 2560K, 98% used [0x00000000ee900000,0x00000000eeb78040,0x00000000eeb80000)
  to   space 2560K, 0% used [0x00000000ee680000,0x00000000ee680000,0x00000000ee900000)
 ParOldGen       total 39936K, used 8347K [0x00000000c0000000, 0x00000000c2700000, 0x00000000eaa80000)
  object space 39936K, 20% used [0x00000000c0000000,0x00000000c0826c60,0x00000000c2700000)
 PSPermGen       total 21504K, used 17724K [0x00000000b0000000, 0x00000000b1500000, 0x00000000c0000000)
  object space 21504K, 82% used [0x00000000b0000000,0x00000000b114f128,0x00000000b1500000)
}
Event: 13.065 GC heap before
{Heap before GC invocations=5 (full 0):
 PSYoungGen      total 64000K, used 63968K [0x00000000eaa80000, 0x00000000eeb80000, 0x0000000100000000)
  eden space 61440K, 100% used [0x00000000eaa80000,0x00000000ee680000,0x00000000ee680000)
  from space 2560K, 98% used [0x00000000ee900000,0x00000000eeb78040,0x00000000eeb80000)
  to   space 2560K, 0% used [0x00000000ee680000,0x00000000ee680000,0x00000000ee900000)
 ParOldGen       total 39936K, used 8347K [0x00000000c0000000, 0x00000000c2700000, 0x00000000eaa80000)
  object space 39936K, 20% used [0x00000000c0000000,0x00000000c0826c60,0x00000000c2700000)
 PSPermGen       total 22528K, used 22377K [0x00000000b0000000, 0x00000000b1600000, 0x00000000c0000000)
  object space 22528K, 99% used [0x00000000b0000000,0x00000000b15da5f0,0x00000000b1600000)
Event: 13.100 GC heap after
Heap after GC invocations=5 (full 0):
 PSYoungGen      total 64000K, used 2544K [0x00000000eaa80000, 0x00000000f3980000, 0x0000000100000000)
  eden space 61440K, 0% used [0x00000000eaa80000,0x00000000eaa80000,0x00000000ee680000)
  from space 2560K, 99% used [0x00000000ee680000,0x00000000ee8fc030,0x00000000ee900000)
  to   space 11776K, 0% used [0x00000000f2e00000,0x00000000f2e00000,0x00000000f3980000)
 ParOldGen       total 39936K, used 15276K [0x00000000c0000000, 0x00000000c2700000, 0x00000000eaa80000)
  object space 39936K, 38% used [0x00000000c0000000,0x00000000c0eeb208,0x00000000c2700000)
 PSPermGen       total 22528K, used 22377K [0x00000000b0000000, 0x00000000b1600000, 0x00000000c0000000)
  object space 22528K, 99% used [0x00000000b0000000,0x00000000b15da5f0,0x00000000b1600000)
}
Event: 16.840 GC heap before
{Heap before GC invocations=6 (full 0):
 PSYoungGen      total 64000K, used 63984K [0x00000000eaa80000, 0x00000000f3980000, 0x0000000100000000)
  eden space 61440K, 100% used [0x00000000eaa80000,0x00000000ee680000,0x00000000ee680000)
  from space 2560K, 99% used [0x00000000ee680000,0x00000000ee8fc030,0x00000000ee900000)
  to   space 11776K, 0% used [0x00000000f2e00000,0x00000000f2e00000,0x00000000f3980000)
 ParOldGen       total 39936K, used 15276K [0x00000000c0000000, 0x00000000c2700000, 0x00000000eaa80000)
  object space 39936K, 38% used [0x00000000c0000000,0x00000000c0eeb208,0x00000000c2700000)
 PSPermGen       total 26624K, used 26533K [0x00000000b0000000, 0x00000000b1a00000, 0x00000000c0000000)
  object space 26624K, 99% used [0x00000000b0000000,0x00000000b19e9680,0x00000000b1a00000)
Event: 16.906 GC heap after
Heap after GC invocations=6 (full 0):
 PSYoungGen      total 133632K, used 6580K [0x00000000eaa80000, 0x00000000f3880000, 0x0000000100000000)
  eden space 122880K, 0% used [0x00000000eaa80000,0x00000000eaa80000,0x00000000f2280000)
  from space 10752K, 61% used [0x00000000f2e00000,0x00000000f346d1a8,0x00000000f3880000)
  to   space 11264K, 0% used [0x00000000f2280000,0x00000000f2280000,0x00000000f2d80000)
 ParOldGen       total 39936K, used 15284K [0x00000000c0000000, 0x00000000c2700000, 0x00000000eaa80000)
  object space 39936K, 38% used [0x00000000c0000000,0x00000000c0eed208,0x00000000c2700000)
 PSPermGen       total 26624K, used 26533K [0x00000000b0000000, 0x00000000b1a00000, 0x00000000c0000000)
  object space 26624K, 99% used [0x00000000b0000000,0x00000000b19e9680,0x00000000b1a00000)
}
Event: 23.694 GC heap before
{Heap before GC invocations=7 (full 0):
 PSYoungGen      total 133632K, used 129460K [0x00000000eaa80000, 0x00000000f3880000, 0x0000000100000000)
  eden space 122880K, 100% used [0x00000000eaa80000,0x00000000f2280000,0x00000000f2280000)
  from space 10752K, 61% used [0x00000000f2e00000,0x00000000f346d1a8,0x00000000f3880000)
  to   space 11264K, 0% used [0x00000000f2280000,0x00000000f2280000,0x00000000f2d80000)
 ParOldGen       total 39936K, used 15284K [0x00000000c0000000, 0x00000000c2700000, 0x00000000eaa80000)
  object space 39936K, 38% used [0x00000000c0000000,0x00000000c0eed208,0x00000000c2700000)
 PSPermGen       total 33792K, used 33388K [0x00000000b0000000, 0x00000000b2100000, 0x00000000c0000000)
  object space 33792K, 98% used [0x00000000b0000000,0x00000000b209b160,0x00000000b2100000)

Deoptimization events (10 events):
Event: 23.453 Thread 0x00007ffb7400e800 Uncommon trap: reason=bimorphic action=maybe_recompile pc=0x00007ffba92c5c74 method=java.util.regex.Pattern$5.isSatisfiedBy(I)Z @ 16
Event: 23.615 Thread 0x00007ffb7400e800 Uncommon trap: reason=class_check action=maybe_recompile pc=0x00007ffba92bb824 method=groovy.lang.MetaMethod.isStatic()Z @ 1
Event: 23.615 Thread 0x00007ffb7400e800 Uncommon trap: reason=class_check action=maybe_recompile pc=0x00007ffba92bb824 method=groovy.lang.MetaMethod.isStatic()Z @ 1
Event: 23.615 Thread 0x00007ffb7400e800 Uncommon trap: reason=unstable_if action=reinterpret pc=0x00007ffba92c9590 method=groovy.lang.MetaClassImpl.populateMethods(Ljava/util/LinkedList;Lorg/codehaus/groovy/reflection/CachedClass;)V @ 151
Event: 23.616 Thread 0x00007ffb7400e800 Uncommon trap: reason=bimorphic action=maybe_recompile pc=0x00007ffba92bbcec method=org.codehaus.groovy.util.SingleKeyHashMap.get(Ljava/lang/Object;)Ljava/lang/Object; @ 43
Event: 23.618 Thread 0x00007ffb7400e800 Uncommon trap: reason=unstable_if action=reinterpret pc=0x00007ffba92d335c method=groovy.lang.MetaClassImpl.checkIfStdMethod(Lgroovy/lang/MetaMethod;)V @ 168
Event: 23.632 Thread 0x00007ffb7400e800 Uncommon trap: reason=unstable_if action=reinterpret pc=0x00007ffba92bfad8 method=groovy.lang.MetaClassImpl.checkIfStdMethod(Lgroovy/lang/MetaMethod;)V @ 168
Event: 23.633 Thread 0x00007ffb7400e800 Uncommon trap: reason=class_check action=maybe_recompile pc=0x00007ffba92bb824 method=groovy.lang.MetaMethod.isStatic()Z @ 1
Event: 23.633 Thread 0x00007ffb7400e800 Uncommon trap: reason=class_check action=maybe_recompile pc=0x00007ffba92bb824 method=groovy.lang.MetaMethod.isStatic()Z @ 1
Event: 23.669 Thread 0x00007ffb7400e800 Uncommon trap: reason=bimorphic action=maybe_recompile pc=0x00007ffba92bbcec method=org.codehaus.groovy.util.SingleKeyHashMap.get(Ljava/lang/Object;)Ljava/lang/Object; @ 43

Internal exceptions (10 events):
Event: 23.684 Thread 0x00007ffb7400e800 Threw 0x00000000f2229a70 at /build/openjdk-7-1hyu6m/openjdk-7-7u91-2.6.3/build/openjdk/hotspot/src/share/vm/prims/jvm.cpp:1322
Event: 23.684 Thread 0x00007ffb7400e800 Threw 0x00000000f2229f00 at /build/openjdk-7-1hyu6m/openjdk-7-7u91-2.6.3/build/openjdk/hotspot/src/share/vm/classfile/systemDictionary.cpp:185
Event: 23.684 Thread 0x00007ffb7400e800 Threw 0x00000000f2231108 at /build/openjdk-7-1hyu6m/openjdk-7-7u91-2.6.3/build/openjdk/hotspot/src/share/vm/prims/jvm.cpp:1322
Event: 23.684 Thread 0x00007ffb7400e800 Threw 0x00000000f2231c50 at /build/openjdk-7-1hyu6m/openjdk-7-7u91-2.6.3/build/openjdk/hotspot/src/share/vm/prims/jvm.cpp:1322
Event: 23.685 Thread 0x00007ffb7400e800 Threw 0x00000000f2235680 at /build/openjdk-7-1hyu6m/openjdk-7-7u91-2.6.3/build/openjdk/hotspot/src/share/vm/prims/jvm.cpp:1322
Event: 23.685 Thread 0x00007ffb7400e800 Threw 0x00000000f2235b08 at /build/openjdk-7-1hyu6m/openjdk-7-7u91-2.6.3/build/openjdk/hotspot/src/share/vm/classfile/systemDictionary.cpp:185
Event: 23.689 Thread 0x00007ffb7400e800 Threw 0x00000000f224cdc0 at /build/openjdk-7-1hyu6m/openjdk-7-7u91-2.6.3/build/openjdk/hotspot/src/share/vm/prims/jvm.cpp:1322
Event: 23.689 Thread 0x00007ffb7400e800 Threw 0x00000000f22502b8 at /build/openjdk-7-1hyu6m/openjdk-7-7u91-2.6.3/build/openjdk/hotspot/src/share/vm/prims/jvm.cpp:1322
Event: 23.689 Thread 0x00007ffb7400e800 Threw 0x00000000f22513c8 at /build/openjdk-7-1hyu6m/openjdk-7-7u91-2.6.3/build/openjdk/hotspot/src/share/vm/prims/jvm.cpp:1322
Event: 23.689 Thread 0x00007ffb7400e800 Threw 0x00000000f225b548 at /build/openjdk-7-1hyu6m/openjdk-7-7u91-2.6.3/build/openjdk/hotspot/src/share/vm/prims/jvm.cpp:1322

Events (10 events):
Event: 23.685 loading class 0x0000000001681c40 done
Event: 23.687 loading class 0x0000000000d04010
Event: 23.687 loading class 0x0000000000d04010 done
Event: 23.688 loading class 0x0000000000d60d30
Event: 23.688 loading class 0x0000000000d60d30 done
Event: 23.688 loading class 0x0000000000d76030
Event: 23.688 loading class 0x0000000000d76030 done
Event: 23.689 loading class 0x000000000167eb50
Event: 23.689 loading class 0x000000000167eb50 done
Event: 23.694 Executing VM operation: ParallelGCFailedAllocation


Dynamic libraries:
00400000-00401000 r-xp 00000000 08:05 2627979                            /usr/lib/jvm/java-7-openjdk-amd64/jre/bin/java
00600000-00601000 r--p 00000000 08:05 2627979                            /usr/lib/jvm/java-7-openjdk-amd64/jre/bin/java
00601000-00602000 rw-p 00001000 08:05 2627979                            /usr/lib/jvm/java-7-openjdk-amd64/jre/bin/java
00c8c000-016c3000 rw-p 00000000 00:00 0                                  [heap]
b0000000-b2100000 rw-p 00000000 00:00 0 
b2100000-c0000000 rw-p 00000000 00:00 0 
c0000000-c2700000 rw-p 00000000 00:00 0 
c2700000-eaa80000 rw-p 00000000 00:00 0 
eaa80000-f3880000 rw-p 00000000 00:00 0 
fba80000-100000000 rw-p 00000000 00:00 0 
7ffb68000000-7ffb68021000 rw-p 00000000 00:00 0 
7ffb68021000-7ffb6c000000 ---p 00000000 00:00 0 
7ffb6c000000-7ffb6c021000 rw-p 00000000 00:00 0 
7ffb6c021000-7ffb70000000 ---p 00000000 00:00 0 
7ffb70000000-7ffb70082000 rw-p 00000000 00:00 0 
7ffb70082000-7ffb74000000 ---p 00000000 00:00 0 
7ffb74000000-7ffb74021000 rw-p 00000000 00:00 0 
7ffb74021000-7ffb78000000 ---p 00000000 00:00 0 
7ffb78000000-7ffb78021000 rw-p 00000000 00:00 0 
7ffb78021000-7ffb7c000000 ---p 00000000 00:00 0 
7ffb7c000000-7ffb7c021000 rw-p 00000000 00:00 0 
7ffb7c021000-7ffb80000000 ---p 00000000 00:00 0 
7ffb80000000-7ffb80cbe000 rw-p 00000000 00:00 0 
7ffb80cbe000-7ffb84000000 ---p 00000000 00:00 0 
7ffb84000000-7ffb84842000 rw-p 00000000 00:00 0 
7ffb84842000-7ffb88000000 ---p 00000000 00:00 0 
7ffb88000000-7ffb88021000 rw-p 00000000 00:00 0 
7ffb88021000-7ffb8c000000 ---p 00000000 00:00 0 
7ffb8c000000-7ffb8c021000 rw-p 00000000 00:00 0 
7ffb8c021000-7ffb90000000 ---p 00000000 00:00 0 
7ffb90000000-7ffb90240000 rw-p 00000000 00:00 0 
7ffb90240000-7ffb94000000 ---p 00000000 00:00 0 
7ffb94000000-7ffb94021000 rw-p 00000000 00:00 0 
7ffb94021000-7ffb98000000 ---p 00000000 00:00 0 
7ffb98000000-7ffb98022000 rw-p 00000000 00:00 0 
7ffb98022000-7ffb9c000000 ---p 00000000 00:00 0 
7ffb9e24e000-7ffb9e24f000 rw-p 00000000 00:00 0 
7ffb9e24f000-7ffb9e257000 r-xp 00000000 08:05 2628012                    /usr/lib/jvm/java-7-openjdk-amd64/jre/lib/amd64/libmanagement.so
7ffb9e257000-7ffb9e456000 ---p 00008000 08:05 2628012                    /usr/lib/jvm/java-7-openjdk-amd64/jre/lib/amd64/libmanagement.so
7ffb9e456000-7ffb9e457000 r--p 00007000 08:05 2628012                    /usr/lib/jvm/java-7-openjdk-amd64/jre/lib/amd64/libmanagement.so
7ffb9e457000-7ffb9e458000 rw-p 00008000 08:05 2628012                    /usr/lib/jvm/java-7-openjdk-amd64/jre/lib/amd64/libmanagement.so
7ffb9e458000-7ffb9e459000 r--s 00004000 08:05 3416934                    /home/yogesh/Downloads/android-studio/gradle/m2repository/com/intellij/annotations/12.0/annotations-12.0.jar
7ffb9e459000-7ffb9e45b000 r--s 0000d000 08:05 3550182                    /home/yogesh/Downloads/android-studio/gradle/m2repository/commons-codec/commons-codec/1.4/commons-codec-1.4.jar
7ffb9e45b000-7ffb9e45d000 r--s 0000d000 08:05 1189818                    /home/yogesh/Downloads/android-studio/gradle/m2repository/commons-logging/commons-logging/1.1.1/commons-logging-1.1.1.jar
7ffb9e45d000-7ffb9e462000 r--s 00028000 08:05 1190100                    /home/yogesh/Downloads/android-studio/gradle/m2repository/org/apache/httpcomponents/httpcore/4.1/httpcore-4.1.jar
7ffb9e462000-7ffb9e46a000 r--s 000a8000 08:05 1192603                    /home/yogesh/Downloads/android-studio/gradle/m2repository/com/android/tools/external/lombok/lombok-ast/0.2.3/lombok-ast-0.2.3.jar
7ffb9e46a000-7ffb9e46c000 r--s 00005000 08:05 1311556                    /home/yogesh/Downloads/android-studio/gradle/m2repository/org/abego/treelayout/org.abego.treelayout.core/1.0.1/org.abego.treelayout.core-1.0.1.jar
7ffb9e46c000-7ffb9e46d000 r--s 0000a000 08:05 3550015                    /home/yogesh/Downloads/android-studio/gradle/m2repository/net/sf/kxml/kxml2/2.3.0/kxml2-2.3.0.jar
7ffb9e46d000-7ffb9e46e000 r--s 00005000 08:05 1582895                    /home/yogesh/Downloads/android-studio/gradle/m2repository/com/android/tools/dvlib/24.5.0/dvlib-24.5.0.jar
7ffb9e46e000-7ffb9e475000 r--s 00053000 08:05 1190236                    /home/yogesh/Downloads/android-studio/gradle/m2repository/org/apache/commons/commons-compress/1.8.1/commons-compress-1.8.1.jar
7ffb9e475000-7ffb9e47a000 r--s 0002a000 08:05 1192538                    /home/yogesh/Downloads/android-studio/gradle/m2repository/com/google/code/gson/gson/2.2.4/gson-2.2.4.jar
7ffb9e47a000-7ffb9e47d000 r--s 00013000 08:05 1582940                    /home/yogesh/Downloads/android-studio/gradle/m2repository/com/android/tools/layoutlib/layoutlib-api/24.5.0/layoutlib-api-24.5.0.jar
7ffb9e47d000-7ffb9e47f000 r--s 00005000 08:05 1190070                    /home/yogesh/Downloads/android-studio/gradle/m2repository/org/apache/httpcomponents/httpmime/4.1/httpmime-4.1.jar
7ffb9e47f000-7ffb9e487000 r--s 0004e000 08:05 1190143                    /home/yogesh/Downloads/android-studio/gradle/m2repository/org/apache/httpcomponents/httpclient/4.1.1/httpclient-4.1.1.jar
7ffb9e487000-7ffb9e48a000 r--s 0002d000 08:05 1582903                    /home/yogesh/Downloads/android-studio/gradle/m2repository/com/android/tools/lint/lint-api/24.5.0/lint-api-24.5.0.jar
7ffb9e48a000-7ffb9e48b000 r--s 00004000 08:05 1190842                    /home/yogesh/Downloads/android-studio/gradle/m2repository/org/ow2/asm/asm-analysis/5.0.3/asm-analysis-5.0.3.jar
7ffb9e48b000-7ffb9e48f000 r--s 00037000 08:05 1190217                    /home/yogesh/Downloads/android-studio/gradle/m2repository/org/antlr/ST4/4.0.8/ST4-4.0.8.jar
7ffb9e48f000-7ffb9e490000 r--s 00002000 08:05 1326521                    /home/yogesh/Downloads/android-studio/gradle/m2repository/com/tunnelvisionlabs/antlr4-annotations/4.5/antlr4-annotations-4.5.jar
7ffb9e490000-7ffb9e497000 r--s 00062000 08:05 1326514                    /home/yogesh/Downloads/android-studio/gradle/m2repository/com/tunnelvisionlabs/antlr4-runtime/4.5/antlr4-runtime-4.5.jar
7ffb9e497000-7ffb9e4a5000 r--s 00081000 08:05 1190542                    /home/yogesh/Downloads/android-studio/gradle/m2repository/org/bouncycastle/bcpkix-jdk15on/1.48/bcpkix-jdk15on-1.48.jar
7ffb9e4a5000-7ffb9e4a7000 r--s 00005000 08:05 3416928                    /home/yogesh/Downloads/android-studio/gradle/m2repository/com/android/tools/jill/jill-api/0.9.0/jill-api-0.9.0.jar
7ffb9e4a7000-7ffb9e4ab000 r--s 00027000 08:05 5643212                    /home/yogesh/Downloads/android-studio/gradle/m2repository/com/android/tools/build/manifest-merger/24.5.0/manifest-merger-24.5.0.jar
7ffb9e4ab000-7ffb9e4b0000 r--s 00047000 08:05 1582914                    /home/yogesh/Downloads/android-studio/gradle/m2repository/com/android/tools/ddms/ddmlib/24.5.0/ddmlib-24.5.0.jar
7ffb9e4b0000-7ffb9e4b2000 r--s 00006000 08:05 1192556                    /home/yogesh/Downloads/android-studio/gradle/m2repository/com/android/tools/jack/jack-api/0.9.0/jack-api-0.9.0.jar
7ffb9e4b2000-7ffb9e4b3000 r--s 0000c000 08:05 1192256                    /home/yogesh/Downloads/android-studio/gradle/m2repository/org/ow2/asm/asm/5.0.3/asm-5.0.3.jar
7ffb9e4b3000-7ffb9e4b4000 r--s 00002000 08:05 5643219                    /home/yogesh/Downloads/android-studio/gradle/m2repository/com/android/tools/build/builder-test-api/1.5.0/builder-test-api-1.5.0.jar
7ffb9e4b4000-7ffb9e4b7000 r--s 00026000 08:05 1189495                    /home/yogesh/Downloads/android-studio/gradle/m2repository/org/antlr/antlr-runtime/3.5.2/antlr-runtime-3.5.2.jar
7ffb9e4b7000-7ffb9e4c1000 r--s 000ab000 08:05 5643204                    /home/yogesh/Downloads/android-studio/gradle/m2repository/com/android/tools/sdklib/24.5.0/sdklib-24.5.0.jar
7ffb9e4c1000-7ffb9e4c3000 r--s 00002000 08:05 1192527                    /home/yogesh/Downloads/android-studio/gradle/m2repository/com/squareup/javawriter/2.5.0/javawriter-2.5.0.jar
7ffb9e4c3000-7ffb9e4c5000 r--s 00016000 08:05 1582922                    /home/yogesh/Downloads/android-studio/gradle/m2repository/com/android/tools/common/24.5.0/common-24.5.0.jar
7ffb9e4c5000-7ffb9e4c7000 r--s 00006000 08:05 1192512                    /home/yogesh/Downloads/android-studio/gradle/m2repository/org/ow2/asm/asm-tree/5.0.3/asm-tree-5.0.3.jar
7ffb9e4c7000-7ffb9e4c9000 r--s 00005000 08:05 1582932                    /home/yogesh/Downloads/android-studio/gradle/m2repository/com/android/tools/build/builder-model/1.5.0/builder-model-1.5.0.jar
7ffb9e4c9000-7ffb9e4fc000 r--s 00203000 08:05 1190717                    /home/yogesh/Downloads/android-studio/gradle/m2repository/org/bouncycastle/bcprov-jdk15on/1.48/bcprov-jdk15on-1.48.jar
7ffb9e4fc000-7ffb9e504000 r--s 00079000 08:05 1582920                    /home/yogesh/Downloads/android-studio/gradle/m2repository/com/android/tools/sdk-common/24.5.0/sdk-common-24.5.0.jar
7ffb9e504000-7ffb9e516000 r--s 00223000 08:05 1189862                    /home/yogesh/Downloads/android-studio/gradle/m2repository/org/eclipse/jdt/core/compiler/ecj/4.4.2/ecj-4.4.2.jar
7ffb9e516000-7ffb9e51c000 r--s 000af000 08:05 1582912                    /home/yogesh/Downloads/android-studio/gradle/m2repository/com/android/tools/lint/lint-checks/24.5.0/lint-checks-24.5.0.jar
7ffb9e51c000-7ffb9e52c000 r--s 000d6000 08:05 3416947                    /home/yogesh/Downloads/android-studio/gradle/m2repository/net/sf/proguard/proguard-base/5.2.1/proguard-base-5.2.1.jar
7ffb9e52c000-7ffb9e52d000 r--s 00002000 08:05 1582950                    /home/yogesh/Downloads/android-studio/gradle/m2repository/com/android/databinding/baseLibrary/1.0-rc5/baseLibrary-1.0-rc5.jar
7ffb9e52d000-7ffb9e531000 r--s 0002a000 08:05 1187737                    /home/yogesh/Downloads/android-studio/gradle/m2repository/commons-io/commons-io/2.4/commons-io-2.4.jar
7ffb9e531000-7ffb9e53b000 r--s 00099000 08:05 1326518                    /home/yogesh/Downloads/android-studio/gradle/m2repository/com/tunnelvisionlabs/antlr4/4.5/antlr4-4.5.jar
7ffb9e53b000-7ffb9e542000 r--s 0005e000 08:05 1192579                    /home/yogesh/Downloads/android-studio/gradle/m2repository/org/apache/commons/commons-lang3/3.3.2/commons-lang3-3.3.2.jar
7ffb9e542000-7ffb9e545000 r--s 00033000 08:05 1582892                    /home/yogesh/Downloads/android-studio/gradle/m2repository/com/googlecode/juniversalchardet/juniversalchardet/1.0.3/juniversalchardet-1.0.3.jar
7ffb9e545000-7ffb9e546000 r--s 00001000 08:05 1582898                    /home/yogesh/Downloads/android-studio/gradle/m2repository/com/android/tools/annotations/24.5.0/annotations-24.5.0.jar
7ffb9e546000-7ffb9e571000 r--s 001f9000 08:05 1192545                    /home/yogesh/Downloads/android-studio/gradle/m2repository/com/google/guava/guava/17.0/guava-17.0.jar
7ffb9e571000-7ffb9e576000 r--s 00058000 08:05 1188274                    /home/yogesh/Downloads/android-studio/gradle/m2repository/org/ow2/asm/asm-debug-all/5.0.1/asm-debug-all-5.0.1.jar
7ffb9e576000-7ffb9e57c000 r--s 0005a000 08:05 1582927                    /home/yogesh/Downloads/android-studio/gradle/m2repository/com/android/tools/build/builder/1.5.0/builder-1.5.0.jar
7ffb9e57c000-7ffb9e593000 r--s 0012c000 08:05 5643206                    /home/yogesh/Downloads/android-studio/gradle/m2repository/com/android/tools/build/gradle-core/1.5.0/gradle-core-1.5.0.jar
7ffb9e593000-7ffb9e596000 ---p 00000000 00:00 0 
7ffb9e596000-7ffb9e694000 rw-p 00000000 00:00 0                          [stack:10588]
7ffb9e694000-7ffb9e6ff000 r--s 0069d000 08:05 2752532                    /usr/lib/jvm/java-7-openjdk-amd64/lib/tools.jar
7ffb9e6ff000-7ffb9e702000 ---p 00000000 00:00 0 
7ffb9e702000-7ffba1000000 rw-p 00000000 00:00 0                          [stack:10579]
7ffba1000000-7ffba1002000 r--s 00022000 08:05 1582908                    /home/yogesh/Downloads/android-studio/gradle/m2repository/com/android/tools/lint/lint/24.5.0/lint-24.5.0.jar
7ffba1002000-7ffba1003000 r--s 00002000 08:05 3416958                    /home/yogesh/Downloads/android-studio/gradle/m2repository/net/sf/proguard/proguard-gradle/5.2.1/proguard-gradle-5.2.1.jar
7ffba1003000-7ffba1007000 r--s 00026000 08:05 1582945                    /home/yogesh/Downloads/android-studio/gradle/m2repository/com/android/databinding/compilerCommon/1.0-rc5/compilerCommon-1.0-rc5.jar
7ffba1007000-7ffba1009000 r--s 00001000 08:05 1582937                    /home/yogesh/Downloads/android-studio/gradle/m2repository/com/android/tools/build/transform-api/1.5.0/transform-api-1.5.0.jar
7ffba1009000-7ffba100d000 r--s 0001e000 08:05 1192566                    /home/yogesh/Downloads/android-studio/gradle/m2repository/org/jacoco/org.jacoco.core/0.7.4.201502262128/org.jacoco.core-0.7.4.201502262128.jar
7ffba100d000-7ffba100f000 r--s 0000d000 08:05 5643215                    /home/yogesh/Downloads/android-studio/gradle/m2repository/com/android/tools/build/gradle/1.5.0/gradle-1.5.0.jar
7ffba100f000-7ffba1019000 r--s 000ae000 08:05 2628053                    /usr/lib/jvm/java-7-openjdk-amd64/jre/lib/resources.jar
7ffba1019000-7ffba101c000 ---p 00000000 00:00 0 
7ffba101c000-7ffba1052000 rw-p 00000000 00:00 0                          [stack:10587]
7ffba1052000-7ffba1053000 r--p 00000000 00:00 0 
7ffba1053000-7ffba105a000 r--s 00000000 08:05 2886550                    /usr/lib/x86_64-linux-gnu/gconv/gconv-modules.cache
7ffba105a000-7ffba105d000 ---p 00000000 00:00 0 
7ffba105d000-7ffba115b000 rw-p 00000000 00:00 0                          [stack:10576]
7ffba115b000-7ffba115e000 ---p 00000000 00:00 0 
7ffba115e000-7ffba125c000 rw-p 00000000 00:00 0                          [stack:10575]
7ffba125c000-7ffba125f000 ---p 00000000 00:00 0 
7ffba125f000-7ffba135d000 rw-p 00000000 00:00 0                          [stack:10574]
7ffba135d000-7ffba1360000 ---p 00000000 00:00 0 
7ffba1360000-7ffba145e000 rw-p 00000000 00:00 0                          [stack:10573]
7ffba145e000-7ffba1461000 ---p 00000000 00:00 0 
7ffba1461000-7ffba155f000 rw-p 00000000 00:00 0                          [stack:10572]
7ffba155f000-7ffba1564000 r--s 0004e000 08:05 2628046                    /usr/lib/jvm/java-7-openjdk-amd64/jre/lib/jsse.jar
7ffba1564000-7ffba1566000 r--s 00005000 08:05 1713061                    /home/yogesh/Downloads/android-studio/gradle/gradle-2.8/lib/plugins/gradle-tooling-api-builders-2.8.jar
7ffba1566000-7ffba1576000 r--s 00088000 08:05 1713021                    /home/yogesh/Downloads/android-studio/gradle/gradle-2.8/lib/plugins/joda-time-2.8.2.jar
7ffba1576000-7ffba1587000 r--s 000cf000 08:05 1716457                    /home/yogesh/Downloads/android-studio/gradle/gradle-2.8/lib/plugins/jackson-databind-2.3.2.jar
7ffba1587000-7ffba1589000 r--s 00007000 08:05 1716462                    /home/yogesh/Downloads/android-studio/gradle/gradle-2.8/lib/plugins/jackson-annotations-2.3.2.jar
7ffba1589000-7ffba158c000 r--s 0002e000 08:05 1716466                    /home/yogesh/Downloads/android-studio/gradle/gradle-2.8/lib/plugins/jackson-core-2.3.2.jar
7ffba158c000-7ffba1597000 r--s 0006b000 08:05 1716439                    /home/yogesh/Downloads/android-studio/gradle/gradle-2.8/lib/plugins/aws-java-sdk-core-1.9.19.jar
7ffba1597000-7ffba159d000 r--s 00036000 08:05 1716476                    /home/yogesh/Downloads/android-studio/gradle/gradle-2.8/lib/plugins/aws-java-sdk-kms-1.9.19.jar
7ffba159d000-7ffba15a8000 r--s 00079000 08:05 1716433                    /home/yogesh/Downloads/android-studio/gradle/gradle-2.8/lib/plugins/aws-java-sdk-s3-1.9.19.jar
7ffba15a8000-7ffba15a9000 r--s 00003000 08:05 1713040                    /home/yogesh/Downloads/android-studio/gradle/gradle-2.8/lib/plugins/gradle-resources-s3-2.8.jar
7ffba15a9000-7ffba15aa000 r--s 00004000 08:05 1713063                    /home/yogesh/Downloads/android-studio/gradle/gradle-2.8/lib/plugins/gradle-resources-sftp-2.8.jar
7ffba15aa000-7ffba15ab000 r--s 00001000 08:05 1712983                    /home/yogesh/Downloads/android-studio/gradle/gradle-2.8/lib/plugins/gradle-plugin-development-2.8.jar
7ffba15ab000-7ffba15ad000 r--s 00005000 08:05 1713043                    /home/yogesh/Downloads/android-studio/gradle/gradle-2.8/lib/plugins/gradle-testing-native-2.8.jar
7ffba15ad000-7ffba15b2000 r--s 0002b000 08:05 1713019                    /home/yogesh/Downloads/android-studio/gradle/gradle-2.8/lib/plugins/gradle-ide-native-2.8.jar
7ffba15b2000-7ffba15b8000 r--s 00019000 08:05 1713051                    /home/yogesh/Downloads/android-studio/gradle/gradle-2.8/lib/plugins/gradle-language-native-2.8.jar
7ffba15b8000-7ffba15bd000 r--s 00028000 08:05 1713062                    /home/yogesh/Downloads/android-studio/gradle/gradle-2.8/lib/plugins/gradle-platform-play-2.8.jar
7ffba15bd000-7ffba15ca000 r--s 0004f000 08:05 1713009                    /home/yogesh/Downloads/android-studio/gradle/gradle-2.8/lib/plugins/gradle-platform-native-2.8.jar
7ffba15ca000-7ffba15cd000 r--s 00008000 08:05 1713022                    /home/yogesh/Downloads/android-studio/gradle/gradle-2.8/lib/plugins/gradle-language-scala-2.8.jar
7ffba15cd000-7ffba15d0000 r--s 00009000 08:05 1713046                    /home/yogesh/Downloads/android-studio/gradle/gradle-2.8/lib/plugins/gradle-language-groovy-2.8.jar
7ffba15d0000-7ffba15d6000 r--s 00023000 08:05 1712991                    /home/yogesh/Downloads/android-studio/gradle/gradle-2.8/lib/plugins/gradle-language-java-2.8.jar
7ffba15d6000-7ffba15d8000 r--s 00008000 08:05 1712982                    /home/yogesh/Downloads/android-studio/gradle/gradle-2.8/lib/plugins/gradle-language-jvm-2.8.jar
7ffba15d8000-7ffba15db000 r--s 0000d000 08:05 1713053                    /home/yogesh/Downloads/android-studio/gradle/gradle-2.8/lib/plugins/gradle-platform-jvm-2.8.jar
7ffba15db000-7ffba15e3000 r--s 0002c000 08:05 1713031                    /home/yogesh/Downloads/android-studio/gradle/gradle-2.8/lib/plugins/gradle-platform-base-2.8.jar
7ffba15e3000-7ffba15e7000 r--s 00020000 08:05 1713015                    /home/yogesh/Downloads/android-studio/gradle/gradle-2.8/lib/plugins/gradle-build-init-2.8.jar
7ffba15e7000-7ffba15ea000 r--s 00017000 08:05 1713056                    /home/yogesh/Downloads/android-studio/gradle/gradle-2.8/lib/plugins/gradle-jacoco-2.8.jar
7ffba15ea000-7ffba15ed000 r--s 0000e000 08:05 1713018                    /home/yogesh/Downloads/android-studio/gradle/gradle-2.8/lib/plugins/gradle-ivy-2.8.jar
7ffba15ed000-7ffba15ef000 r--s 00002000 08:05 1713014                    /home/yogesh/Downloads/android-studio/gradle/gradle-2.8/lib/plugins/gradle-publish-2.8.jar
7ffba15ef000-7ffba15f1000 r--s 00005000 08:05 1716441                    /home/yogesh/Downloads/android-studio/gradle/gradle-2.8/lib/plugins/jatl-0.2.2.jar
7ffba15f1000-7ffba15f3000 r--s 0000f000 08:05 1713049                    /home/yogesh/Downloads/android-studio/gradle/gradle-2.8/lib/plugins/gradle-reporting-2.8.jar
7ffba15f3000-7ffba15f8000 r--s 00035000 08:05 1713036                    /home/yogesh/Downloads/android-studio/gradle/gradle-2.8/lib/plugins/gradle-diagnostics-2.8.jar
7ffba15f8000-7ffba15ff000 r--s 0008f000 08:05 1713057                    /home/yogesh/Downloads/android-studio/gradle/gradle-2.8/lib/plugins/gradle-build-comparison-2.8.jar
7ffba15ff000-7ffba1606000 r--s 00035000 08:05 1716449                    /home/yogesh/Downloads/android-studio/gradle/gradle-2.8/lib/plugins/simple-4.1.21.jar
7ffba1606000-7ffba1612000 r--s 00100000 08:05 1716455                    /home/yogesh/Downloads/android-studio/gradle/gradle-2.8/lib/plugins/rhino-1.7R3.jar
7ffba1612000-7ffba1616000 r--s 0001c000 08:05 1712989                    /home/yogesh/Downloads/android-studio/gradle/gradle-2.8/lib/plugins/gradle-javascript-2.8.jar
7ffba1616000-7ffba1618000 r--s 0000b000 08:05 1713044                    /home/yogesh/Downloads/android-studio/gradle/gradle-2.8/lib/plugins/gradle-ear-2.8.jar
7ffba1618000-7ffba161f000 r--s 00038000 08:05 1716463                    /home/yogesh/Downloads/android-studio/gradle/gradle-2.8/lib/plugins/bcpg-jdk15on-1.51.jar
7ffba161f000-7ffba1621000 r--s 00017000 08:05 1713013                    /home/yogesh/Downloads/android-studio/gradle/gradle-2.8/lib/plugins/gradle-signing-2.8.jar
7ffba1621000-7ffba1622000 r--s 00002000 08:05 1716450                    /home/yogesh/Downloads/android-studio/gradle/gradle-2.8/lib/plugins/sonar-batch-bootstrapper-2.9.jar
7ffba1622000-7ffba1625000 r--s 00015000 08:05 1713037                    /home/yogesh/Downloads/android-studio/gradle/gradle-2.8/lib/plugins/gradle-sonar-2.8.jar
7ffba1625000-7ffba1628000 r--s 00010000 08:05 1713034                    /home/yogesh/Downloads/android-studio/gradle/gradle-2.8/lib/plugins/gradle-scala-2.8.jar
7ffba1628000-7ffba162a000 r--s 0000a000 08:05 1713033                    /home/yogesh/Downloads/android-studio/gradle/gradle-2.8/lib/plugins/gradle-announce-2.8.jar
7ffba162a000-7ffba1638000 r--s 0009f000 08:05 1713035                    /home/yogesh/Downloads/android-studio/gradle/gradle-2.8/lib/plugins/gradle-ide-2.8.jar
7ffba1638000-7ffba163b000 r--s 0000c000 08:05 1716474                    /home/yogesh/Downloads/android-studio/gradle/gradle-2.8/lib/plugins/pmaven-groovy-0.8-20100325.jar
7ffba163b000-7ffba163c000 r--s 00004000 08:05 1716465                    /home/yogesh/Downloads/android-studio/gradle/gradle-2.8/lib/plugins/pmaven-common-0.8-20100325.jar
7ffba163c000-7ffba1642000 r--s 00022000 08:05 1713048                    /home/yogesh/Downloads/android-studio/gradle/gradle-2.8/lib/plugins/gradle-maven-2.8.jar
7ffba1642000-7ffba1663000 r--s 001c3000 08:05 1713047                    /home/yogesh/Downloads/android-studio/gradle/gradle-2.8/lib/plugins/bndlib-2.4.0.jar
7ffba1663000-7ffba1665000 r--s 00004000 08:05 1712985                    /home/yogesh/Downloads/android-studio/gradle/gradle-2.8/lib/plugins/gradle-osgi-2.8.jar
7ffba1665000-7ffba1667000 r--s 00008000 08:05 1713042                    /home/yogesh/Downloads/android-studio/gradle/gradle-2.8/lib/plugins/gradle-antlr-2.8.jar
7ffba1667000-7ffba166a000 r--s 0001e000 08:05 1716475                    /home/yogesh/Downloads/android-studio/gradle/gradle-2.8/lib/plugins/jsp-api-2.1-6.1.14.jar
7ffba166a000-7ffba168d000 r--s 00344000 08:05 1716478                    /home/yogesh/Downloads/android-studio/gradle/gradle-2.8/lib/plugins/core-3.1.1.jar
7ffba168d000-7ffba168e000 r--s 00006000 08:05 1716472                    /home/yogesh/Downloads/android-studio/gradle/gradle-2.8/lib/plugins/jetty-naming-6.1.25.jar
7ffba168e000-7ffba168f000 r--s 00002000 08:05 1716453                    /home/yogesh/Downloads/android-studio/gradle/gradle-2.8/lib/plugins/geronimo-annotation_1.0_spec-1.0.jar
7ffba168f000-7ffba1691000 r--s 00002000 08:05 1716434                    /home/yogesh/Downloads/android-studio/gradle/gradle-2.8/lib/plugins/jetty-annotations-6.1.25.jar
7ffba1691000-7ffba16a2000 r--s 000ea000 08:05 1716479                    /home/yogesh/Downloads/android-studio/gradle/gradle-2.8/lib/plugins/jsp-2.1-6.1.14.jar
7ffba16a2000-7ffba16a4000 r--s 0000d000 08:05 1716429                    /home/yogesh/Downloads/android-studio/gradle/gradle-2.8/lib/plugins/jetty-plus-6.1.25.jar
7ffba16a4000-7ffba16a6000 r--s 0001f000 08:05 1716425                    /home/yogesh/Downloads/android-studio/gradle/gradle-2.8/lib/plugins/servlet-api-2.5-20081211.jar
7ffba16a6000-7ffba16aa000 r--s 00028000 08:05 1716468                    /home/yogesh/Downloads/android-studio/gradle/gradle-2.8/lib/plugins/jetty-util-6.1.25.jar
7ffba16aa000-7ffba16b1000 r--s 0007d000 08:05 1716427                    /home/yogesh/Downloads/android-studio/gradle/gradle-2.8/lib/plugins/jetty-6.1.25.jar
7ffba16b1000-7ffba16b3000 r--s 00009000 08:05 1713020                    /home/yogesh/Downloads/android-studio/gradle/gradle-2.8/lib/plugins/gradle-jetty-2.8.jar
7ffba16b3000-7ffba16b9000 r--s 00036000 08:05 1713050                    /home/yogesh/Downloads/android-studio/gradle/gradle-2.8/lib/plugins/gradle-code-quality-2.8.jar
7ffba16b9000-7ffba16bb000 r--s 00009000 08:05 1716456                    /home/yogesh/Downloads/android-studio/gradle/gradle-2.8/lib/plugins/hamcrest-core-1.3.jar
7ffba16bb000-7ffba16c1000 r--s 00033000 08:05 1716426                    /home/yogesh/Downloads/android-studio/gradle/gradle-2.8/lib/plugins/snakeyaml-1.6.jar
7ffba16c1000-7ffba16c3000 r--s 00006000 08:05 1716473                    /home/yogesh/Downloads/android-studio/gradle/gradle-2.8/lib/plugins/jcommander-1.12.jar
7ffba16c3000-7ffba16c8000 r--s 00040000 08:05 1716436                    /home/yogesh/Downloads/android-studio/gradle/gradle-2.8/lib/plugins/bsh-2.0b4.jar
7ffba16c8000-7ffba16ca000 r--s 00009000 08:05 1716451                    /home/yogesh/Downloads/android-studio/gradle/gradle-2.8/lib/plugins/commons-cli-1.2.jar
7ffba16ca000-7ffba16d3000 r--s 00089000 08:05 1716471                    /home/yogesh/Downloads/android-studio/gradle/gradle-2.8/lib/plugins/testng-6.3.1.jar
7ffba16d3000-7ffba16db000 r--s 00045000 08:05 1716460                    /home/yogesh/Downloads/android-studio/gradle/gradle-2.8/lib/plugins/junit-4.12.jar
7ffba16db000-7ffba16e7000 r--s 00073000 08:05 1713001                    /home/yogesh/Downloads/android-studio/gradle/gradle-2.8/lib/plugins/gradle-plugins-2.8.jar
7ffba16e7000-7ffba16ff000 r--s 00115000 08:05 1716467                    /home/yogesh/Downloads/android-studio/gradle/gradle-2.8/lib/plugins/xercesImpl-2.9.1.jar
7ffba16ff000-7ffba1707000 r--s 00028000 08:05 1716431                    /home/yogesh/Downloads/android-studio/gradle/gradle-2.8/lib/plugins/xml-apis-1.3.04.jar
7ffba1707000-7ffba170d000 r--s 0005b000 08:05 1716428                    /home/yogesh/Downloads/android-studio/gradle/gradle-2.8/lib/plugins/jcifs-1.3.17.jar
7ffba170d000-7ffba1713000 r--s 00031000 08:05 1716458                    /home/yogesh/Downloads/android-studio/gradle/gradle-2.8/lib/plugins/httpcore-4.2.2.jar
7ffba1713000-7ffba1719000 r--s 00033000 08:05 1716464                    /home/yogesh/Downloads/android-studio/gradle/gradle-2.8/lib/plugins/commons-codec-1.6.jar
7ffba1719000-7ffba171c000 r--s 0001c000 08:05 1716452                    /home/yogesh/Downloads/android-studio/gradle/gradle-2.8/lib/plugins/nekohtml-1.9.14.jar
7ffba171c000-7ffba1725000 r--s 00060000 08:05 1716461                    /home/yogesh/Downloads/android-studio/gradle/gradle-2.8/lib/plugins/httpclient-4.2.2.jar
7ffba1725000-7ffba1727000 r--s 00009000 08:05 1712981                    /home/yogesh/Downloads/android-studio/gradle/gradle-2.8/lib/plugins/gradle-resources-http-2.8.jar
7ffba1727000-7ffba172a000 r--s 00011000 08:05 1713024                    /home/yogesh/Downloads/android-studio/gradle/gradle-2.8/lib/plugins/gradle-plugin-use-2.8.jar
7ffba172a000-7ffba172b000 r--s 00007000 08:05 1713032                    /home/yogesh/Downloads/android-studio/gradle/gradle-2.8/lib/plugins/wagon-http-shared4-2.4.jar
7ffba172b000-7ffba172f000 r--s 00033000 08:05 1713016                    /home/yogesh/Downloads/android-studio/gradle/gradle-2.8/lib/plugins/plexus-utils-2.0.6.jar
7ffba172f000-7ffba1733000 r--s 00021000 08:05 1713059                    /home/yogesh/Downloads/android-studio/gradle/gradle-2.8/lib/plugins/maven-model-builder-3.0.4.jar
7ffba1733000-7ffba1734000 r--s 00002000 08:05 1713026                    /home/yogesh/Downloads/android-studio/gradle/gradle-2.8/lib/plugins/wagon-file-2.4.jar
7ffba1734000-7ffba1736000 r--s 00002000 08:05 1713012                    /home/yogesh/Downloads/android-studio/gradle/gradle-2.8/lib/plugins/plexus-cipher-1.7.jar
7ffba1736000-7ffba1739000 r--s 00013000 08:05 1713039                    /home/yogesh/Downloads/android-studio/gradle/gradle-2.8/lib/plugins/aether-api-1.13.1.jar
7ffba1739000-7ffba173b000 r--s 0000a000 08:05 1712979                    /home/yogesh/Downloads/android-studio/gradle/gradle-2.8/lib/plugins/maven-settings-3.0.4.jar
7ffba173b000-7ffba173d000 r--s 0000d000 08:05 1713038                    /home/yogesh/Downloads/android-studio/gradle/gradle-2.8/lib/plugins/plexus-interpolation-1.14.jar
7ffba173d000-7ffba173f000 r--s 0000b000 08:05 1712980                    /home/yogesh/Downloads/android-studio/gradle/gradle-2.8/lib/plugins/maven-artifact-3.0.4.jar
7ffba173f000-7ffba1746000 r--s 0002e000 08:05 1713064                    /home/yogesh/Downloads/android-studio/gradle/gradle-2.8/lib/plugins/plexus-container-default-1.5.5.jar
7ffba1746000-7ffba1748000 r--s 0000b000 08:05 1713006                    /home/yogesh/Downloads/android-studio/gradle/gradle-2.8/lib/plugins/maven-plugin-api-3.0.4.jar
7ffba1748000-7ffba174a000 r--s 00000000 08:05 1713025                    /home/yogesh/Downloads/android-studio/gradle/gradle-2.8/lib/plugins/plexus-component-annotations-1.5.5.jar
7ffba174a000-7ffba1750000 r--s 0003f000 08:05 1713027                    /home/yogesh/Downloads/android-studio/gradle/gradle-2.8/lib/plugins/maven-compat-3.0.4.jar
7ffba1750000-7ffba1753000 r--s 00008000 08:05 1712988                    /home/yogesh/Downloads/android-studio/gradle/gradle-2.8/lib/plugins/maven-settings-builder-3.0.4.jar
7ffba1753000-7ffba1754000 r--s 00002000 08:05 1713060                    /home/yogesh/Downloads/android-studio/gradle/gradle-2.8/lib/plugins/wagon-http-2.4.jar
7ffba1754000-7ffba1756000 r--s 00026000 08:05 1713055                    /home/yogesh/Downloads/android-studio/gradle/gradle-2.8/lib/plugins/maven-model-3.0.4.jar
7ffba1756000-7ffba1758000 r--s 00006000 08:05 1712986                    /home/yogesh/Downloads/android-studio/gradle/gradle-2.8/lib/plugins/aether-connector-wagon-1.13.1.jar
7ffba1758000-7ffba175a000 r--s 0000a000 08:05 1713029                    /home/yogesh/Downloads/android-studio/gradle/gradle-2.8/lib/plugins/plexus-classworlds-2.4.jar
7ffba175a000-7ffba175c000 r--s 00006000 08:05 1712990                    /home/yogesh/Downloads/android-studio/gradle/gradle-2.8/lib/plugins/maven-repository-metadata-3.0.4.jar
7ffba175c000-7ffba175e000 r--s 0000c000 08:05 1713023                    /home/yogesh/Downloads/android-studio/gradle/gradle-2.8/lib/plugins/maven-aether-provider-3.0.4.jar
7ffba175e000-7ffba1760000 r--s 0000b000 08:05 1713030                    /home/yogesh/Downloads/android-studio/gradle/gradle-2.8/lib/plugins/wagon-provider-api-2.4.jar
7ffba1760000-7ffba1764000 r--s 0001c000 08:05 1713041                    /home/yogesh/Downloads/android-studio/gradle/gradle-2.8/lib/plugins/aether-util-1.13.1.jar
7ffba1764000-7ffba1767000 r--s 0001d000 08:05 1713052                    /home/yogesh/Downloads/android-studio/gradle/gradle-2.8/lib/plugins/aether-impl-1.13.1.jar
7ffba1767000-7ffba176b000 r--s 0003d000 08:05 1716442                    /home/yogesh/Downloads/android-studio/gradle/gradle-2.8/lib/plugins/jsch-0.1.51.jar
7ffba176b000-7ffba17ab000 r--s 00277000 08:05 1716459                    /home/yogesh/Downloads/android-studio/gradle/gradle-2.8/lib/plugins/bcprov-jdk15on-1.51.jar
7ffba17ab000-7ffba17b7000 r--s 0007d000 08:05 1713045                    /home/yogesh/Downloads/android-studio/gradle/gradle-2.8/lib/plugins/maven-core-3.0.4.jar
7ffba17b7000-7ffba17c6000 r--s 000d9000 08:05 1716454                    /home/yogesh/Downloads/android-studio/gradle/gradle-2.8/lib/plugins/ivy-2.2.0.jar
7ffba17c6000-7ffba17ca000 r-xp 00000000 08:05 6824133                    /home/yogesh/.gradle/native/19/linux-amd64/libnative-platform.so
7ffba17ca000-7ffba19c9000 ---p 00004000 08:05 6824133                    /home/yogesh/.gradle/native/19/linux-amd64/libnative-platform.so
7ffba19c9000-7ffba19ca000 rw-p 00003000 08:05 6824133                    /home/yogesh/.gradle/native/19/linux-amd64/libnative-platform.so
7ffba19ca000-7ffba19db000 r-xp 00000000 08:05 2628004                    /usr/lib/jvm/java-7-openjdk-amd64/jre/lib/amd64/libnio.so
7ffba19db000-7ffba1bda000 ---p 00011000 08:05 2628004                    /usr/lib/jvm/java-7-openjdk-amd64/jre/lib/amd64/libnio.so
7ffba1bda000-7ffba1bdb000 r--p 00010000 08:05 2628004                    /usr/lib/jvm/java-7-openjdk-amd64/jre/lib/amd64/libnio.so
7ffba1bdb000-7ffba1bdc000 rw-p 00011000 08:05 2628004                    /usr/lib/jvm/java-7-openjdk-amd64/jre/lib/amd64/libnio.so
7ffba1bdc000-7ffba1edd000 rw-p 00000000 00:00 0 
7ffba1edd000-7ffba1f49000 r-xp 00000000 08:05 393325                     /lib/x86_64-linux-gnu/libpcre.so.3.13.1
7ffba1f49000-7ffba2148000 ---p 0006c000 08:05 393325                     /lib/x86_64-linux-gnu/libpcre.so.3.13.1
7ffba2148000-7ffba2149000 r--p 0006b000 08:05 393325                     /lib/x86_64-linux-gnu/libpcre.so.3.13.1
7ffba2149000-7ffba214a000 rw-p 0006c000 08:05 393325                     /lib/x86_64-linux-gnu/libpcre.so.3.13.1
7ffba214a000-7ffba2151000 r-xp 00000000 08:05 2630320                    /usr/lib/x86_64-linux-gnu/libffi.so.6.0.4
7ffba2151000-7ffba2350000 ---p 00007000 08:05 2630320                    /usr/lib/x86_64-linux-gnu/libffi.so.6.0.4
7ffba2350000-7ffba2351000 r--p 00006000 08:05 2630320                    /usr/lib/x86_64-linux-gnu/libffi.so.6.0.4
7ffba2351000-7ffba2352000 rw-p 00007000 08:05 2630320                    /usr/lib/x86_64-linux-gnu/libffi.so.6.0.4
7ffba2352000-7ffba2369000 r-xp 00000000 08:05 397641                     /lib/x86_64-linux-gnu/libresolv-2.21.so
7ffba2369000-7ffba2569000 ---p 00017000 08:05 397641                     /lib/x86_64-linux-gnu/libresolv-2.21.so
7ffba2569000-7ffba256b000 r--p 00017000 08:05 397641                     /lib/x86_64-linux-gnu/libresolv-2.21.so
7ffba256b000-7ffba256c000 rw-p 00019000 08:05 397641                     /lib/x86_64-linux-gnu/libresolv-2.21.so
7ffba256c000-7ffba256e000 rw-p 00000000 00:00 0 
7ffba256e000-7ffba258f000 r-xp 00000000 08:05 397645                     /lib/x86_64-linux-gnu/libselinux.so.1
7ffba258f000-7ffba278e000 ---p 00021000 08:05 397645                     /lib/x86_64-linux-gnu/libselinux.so.1
7ffba278e000-7ffba278f000 r--p 00020000 08:05 397645                     /lib/x86_64-linux-gnu/libselinux.so.1
7ffba278f000-7ffba2790000 rw-p 00021000 08:05 397645                     /lib/x86_64-linux-gnu/libselinux.so.1
7ffba2790000-7ffba2792000 rw-p 00000000 00:00 0 
7ffba2792000-7ffba2795000 r-xp 00000000 08:05 2621863                    /usr/lib/x86_64-linux-gnu/libgmodule-2.0.so.0.4400.1
7ffba2795000-7ffba2994000 ---p 00003000 08:05 2621863                    /usr/lib/x86_64-linux-gnu/libgmodule-2.0.so.0.4400.1
7ffba2994000-7ffba2995000 r--p 00002000 08:05 2621863                    /usr/lib/x86_64-linux-gnu/libgmodule-2.0.so.0.4400.1
7ffba2995000-7ffba2996000 rw-p 00003000 08:05 2621863                    /usr/lib/x86_64-linux-gnu/libgmodule-2.0.so.0.4400.1
7ffba2996000-7ffba2aa3000 r-xp 00000000 08:05 397406                     /lib/x86_64-linux-gnu/libglib-2.0.so.0.4400.1
7ffba2aa3000-7ffba2ca2000 ---p 0010d000 08:05 397406                     /lib/x86_64-linux-gnu/libglib-2.0.so.0.4400.1
7ffba2ca2000-7ffba2ca3000 r--p 0010c000 08:05 397406                     /lib/x86_64-linux-gnu/libglib-2.0.so.0.4400.1
7ffba2ca3000-7ffba2ca4000 rw-p 0010d000 08:05 397406                     /lib/x86_64-linux-gnu/libglib-2.0.so.0.4400.1
7ffba2ca4000-7ffba2ca5000 rw-p 00000000 00:00 0 
7ffba2ca5000-7ffba2cf5000 r-xp 00000000 08:05 2621823                    /usr/lib/x86_64-linux-gnu/libgobject-2.0.so.0.4400.1
7ffba2cf5000-7ffba2ef5000 ---p 00050000 08:05 2621823                    /usr/lib/x86_64-linux-gnu/libgobject-2.0.so.0.4400.1
7ffba2ef5000-7ffba2ef6000 r--p 00050000 08:05 2621823                    /usr/lib/x86_64-linux-gnu/libgobject-2.0.so.0.4400.1
7ffba2ef6000-7ffba2ef7000 rw-p 00051000 08:05 2621823                    /usr/lib/x86_64-linux-gnu/libgobject-2.0.so.0.4400.1
7ffba2ef7000-7ffba306f000 r-xp 00000000 08:05 2621845                    /usr/lib/x86_64-linux-gnu/libgio-2.0.so.0.4400.1
7ffba306f000-7ffba326f000 ---p 00178000 08:05 2621845                    /usr/lib/x86_64-linux-gnu/libgio-2.0.so.0.4400.1
7ffba326f000-7ffba3273000 r--p 00178000 08:05 2621845                    /usr/lib/x86_64-linux-gnu/libgio-2.0.so.0.4400.1
7ffba3273000-7ffba3275000 rw-p 0017c000 08:05 2621845                    /usr/lib/x86_64-linux-gnu/libgio-2.0.so.0.4400.1
7ffba3275000-7ffba3277000 rw-p 00000000 00:00 0 
7ffba3277000-7ffba3278000 r--s 00003000 08:05 1713058                    /home/yogesh/Downloads/android-studio/gradle/gradle-2.8/lib/plugins/aether-spi-1.13.1.jar
7ffba3278000-7ffba3279000 r--s 00006000 08:05 1713028                    /home/yogesh/Downloads/android-studio/gradle/gradle-2.8/lib/plugins/plexus-sec-dispatcher-1.3.jar
7ffba3279000-7ffba327d000 r--s 0001d000 08:05 1716477                    /home/yogesh/Downloads/android-studio/gradle/gradle-2.8/lib/plugins/xbean-reflect-3.4.jar
7ffba327d000-7ffba3282000 r--s 0002a000 08:05 1716424                    /home/yogesh/Downloads/android-studio/gradle/gradle-2.8/lib/plugins/gson-2.2.4.jar
7ffba3282000-7ffba329e000 r--s 000ca000 08:05 1712987                    /home/yogesh/Downloads/android-studio/gradle/gradle-2.8/lib/plugins/gradle-dependency-management-2.8.jar
7ffba329e000-7ffba32b6000 r-xp 00000000 08:05 2628035                    /usr/lib/jvm/java-7-openjdk-amd64/jre/lib/amd64/libnet.so
7ffba32b6000-7ffba34b5000 ---p 00018000 08:05 2628035                    /usr/lib/jvm/java-7-openjdk-amd64/jre/lib/amd64/libnet.so
7ffba34b5000-7ffba34b6000 r--p 00017000 08:05 2628035                    /usr/lib/jvm/java-7-openjdk-amd64/jre/lib/amd64/libnet.so
7ffba34b6000-7ffba34b7000 rw-p 00018000 08:05 2628035                    /usr/lib/jvm/java-7-openjdk-amd64/jre/lib/amd64/libnet.so
7ffba34b7000-7ffba34b8000 r--s 00006000 08:05 1713069                    /home/yogesh/Downloads/android-studio/gradle/gradle-2.8/lib/gradle-wrapper-2.8.jar
7ffba34b8000-7ffba34c3000 r--s 0003a000 08:05 1713074                    /home/yogesh/Downloads/android-studio/gradle/gradle-2.8/lib/gradle-tooling-api-2.8.jar
7ffba34c3000-7ffba34c5000 r--s 00002000 08:05 1713066                    /home/yogesh/Downloads/android-studio/gradle/gradle-2.8/lib/gradle-open-api-2.8.jar
7ffba34c5000-7ffba34cb000 r--s 00032000 08:05 1716483                    /home/yogesh/Downloads/android-studio/gradle/gradle-2.8/lib/jaxen-1.1.jar
7ffba34cb000-7ffba34d0000 r--s 00048000 08:05 1716503                    /home/yogesh/Downloads/android-studio/gradle/gradle-2.8/lib/dom4j-1.6.1.jar
7ffba34d0000-7ffba34db000 r--s 00059000 08:05 1713070                    /home/yogesh/Downloads/android-studio/gradle/gradle-2.8/lib/gradle-ui-2.8.jar
7ffba34db000-7ffba34de000 r--s 00008000 08:05 1713071                    /home/yogesh/Downloads/android-studio/gradle/gradle-2.8/lib/gradle-resources-2.8.jar
7ffba34de000-7ffba34e0000 r--s 00007000 08:05 1716500                    /home/yogesh/Downloads/android-studio/gradle/gradle-2.8/lib/objenesis-1.2.jar
7ffba34e0000-7ffba34e2000 r--s 00000000 08:05 1716501                    /home/yogesh/Downloads/android-studio/gradle/gradle-2.8/lib/minlog-1.2.jar
7ffba34e2000-7ffba34e4000 r--s 0000f000 08:05 1716413                    /home/yogesh/Downloads/android-studio/gradle/gradle-2.8/lib/reflectasm-1.07-shaded.jar
7ffba34e4000-7ffba34e8000 r--s 00026000 08:05 1716482                    /home/yogesh/Downloads/android-studio/gradle/gradle-2.8/lib/kryo-2.20.jar
7ffba34e8000-7ffba34f1000 r--s 0003f000 08:05 1713073                    /home/yogesh/Downloads/android-studio/gradle/gradle-2.8/lib/gradle-messaging-2.8.jar
7ffba34f1000-7ffba34f2000 r--s 00003000 08:05 1716487                    /home/yogesh/Downloads/android-studio/gradle/gradle-2.8/lib/native-platform-freebsd-amd64-0.10.jar
7ffba34f2000-7ffba34f3000 r--s 00003000 08:05 1716481                    /home/yogesh/Downloads/android-studio/gradle/gradle-2.8/lib/native-platform-freebsd-i386-0.10.jar
7ffba34f3000-7ffba34f4000 r--s 00005000 08:05 1716498                    /home/yogesh/Downloads/android-studio/gradle/gradle-2.8/lib/native-platform-windows-i386-0.10.jar
7ffba34f4000-7ffba34f5000 r--s 00005000 08:05 1716484                    /home/yogesh/Downloads/android-studio/gradle/gradle-2.8/lib/native-platform-windows-amd64-0.10.jar
7ffba34f5000-7ffba34f6000 r--s 00003000 08:05 1716488                    /home/yogesh/Downloads/android-studio/gradle/gradle-2.8/lib/native-platform-linux-i386-0.10.jar
7ffba34f6000-7ffba34f7000 r--s 00003000 08:05 1716496                    /home/yogesh/Downloads/android-studio/gradle/gradle-2.8/lib/native-platform-linux-amd64-0.10.jar
7ffba34f7000-7ffba34f8000 r--s 00002000 08:05 1716422                    /home/yogesh/Downloads/android-studio/gradle/gradle-2.8/lib/native-platform-osx-amd64-0.10.jar
7ffba34f8000-7ffba34f9000 r--s 00002000 08:05 1716505                    /home/yogesh/Downloads/android-studio/gradle/gradle-2.8/lib/native-platform-osx-i386-0.10.jar
7ffba34f9000-7ffba34fb000 r--s 00008000 08:05 1716486                    /home/yogesh/Downloads/android-studio/gradle/gradle-2.8/lib/jansi-1.2.1.jar
7ffba34fb000-7ffba34fe000 r--s 0000d000 08:05 1716494                    /home/yogesh/Downloads/android-studio/gradle/gradle-2.8/lib/native-platform-0.10.jar
7ffba34fe000-7ffba3502000 r--s 000e4000 08:05 1716499                    /home/yogesh/Downloads/android-studio/gradle/gradle-2.8/lib/jna-3.2.7.jar
7ffba3502000-7ffba3504000 r--s 00008000 08:05 1712976                    /home/yogesh/Downloads/android-studio/gradle/gradle-2.8/lib/gradle-native-2.8.jar
7ffba3504000-7ffba3506000 r--s 00005000 08:05 1713065                    /home/yogesh/Downloads/android-studio/gradle/gradle-2.8/lib/gradle-cli-2.8.jar
7ffba3506000-7ffba3507000 r--s 00007000 08:05 1713067                    /home/yogesh/Downloads/android-studio/gradle/gradle-2.8/lib/gradle-model-groovy-2.8.jar
7ffba3507000-7ffba3508000 r--s 00006000 08:05 1713080                    /home/yogesh/Downloads/android-studio/gradle/gradle-2.8/lib/gradle-base-services-groovy-2.8.jar
7ffba3508000-7ffba3514000 r--s 00067000 08:05 1713078                    /home/yogesh/Downloads/android-studio/gradle/gradle-2.8/lib/gradle-model-core-2.8.jar
7ffba3514000-7ffba3515000 r--s 00000000 08:05 1713076                    /home/yogesh/Downloads/android-studio/gradle/gradle-2.8/lib/gradle-docs-2.8.jar
7ffba3515000-7ffba3517000 r--s 00003000 08:05 1716485                    /home/yogesh/Downloads/android-studio/gradle/gradle-2.8/lib/jcl-over-slf4j-1.7.10.jar
7ffba3517000-7ffba351a000 r--s 0001b000 08:05 1716420                    /home/yogesh/Downloads/android-studio/gradle/gradle-2.8/lib/jarjar-1.3.jar
7ffba351a000-7ffba351b000 ---p 00000000 00:00 0 
7ffba351b000-7ffba361b000 rw-p 00000000 00:00 0                          [stack:10570]
7ffba361b000-7ffba361e000 ---p 00000000 00:00 0 
7ffba361e000-7ffba371c000 rw-p 00000000 00:00 0                          [stack:10569]
7ffba371c000-7ffba371f000 ---p 00000000 00:00 0 
7ffba371f000-7ffba381d000 rw-p 00000000 00:00 0                          [stack:10568]
7ffba381d000-7ffba3820000 ---p 00000000 00:00 0 
7ffba3820000-7ffba391e000 rw-p 00000000 00:00 0                          [stack:10567]
7ffba391e000-7ffba4000000 r--p 00000000 08:05 2628994                    /usr/lib/locale/locale-archive
7ffba4000000-7ffba4034000 rw-p 00000000 00:00 0 
7ffba4034000-7ffba8000000 ---p 00000000 00:00 0 
7ffba8000000-7ffba8001000 r--s 00005000 08:05 1716480                    /home/yogesh/Downloads/android-studio/gradle/gradle-2.8/lib/log4j-over-slf4j-1.7.10.jar
7ffba8001000-7ffba8002000 r--s 00000000 08:05 1716492                    /home/yogesh/Downloads/android-studio/gradle/gradle-2.8/lib/javax.inject-1.jar
7ffba8002000-7ffba8004000 r--s 00000000 08:05 1716489                    /home/yogesh/Downloads/android-studio/gradle/gradle-2.8/lib/jul-to-slf4j-1.7.10.jar
7ffba8004000-7ffba8005000 r--s 00000000 08:05 1716504                    /home/yogesh/Downloads/android-studio/gradle/gradle-2.8/lib/jcip-annotations-1.0.jar
7ffba8005000-7ffba8013000 r--s 0007f000 08:05 1716490                    /home/yogesh/Downloads/android-studio/gradle/gradle-2.8/lib/commons-collections-3.2.1.jar
7ffba8013000-7ffba8082000 r--s 0063e000 08:05 1713072                    /home/yogesh/Downloads/android-studio/gradle/gradle-2.8/lib/groovy-all-2.4.4.jar
7ffba8082000-7ffba80aa000 r--s 001cf000 08:05 1716493                    /home/yogesh/Downloads/android-studio/gradle/gradle-2.8/lib/guava-jdk5-17.0.jar
7ffba80aa000-7ffba80c9000 r--s 001cc000 08:05 1713077                    /home/yogesh/Downloads/android-studio/gradle/gradle-2.8/lib/ant-1.9.3.jar
7ffba80c9000-7ffba80ff000 r--s 001b5000 08:05 1712961                    /home/yogesh/Downloads/android-studio/gradle/gradle-2.8/lib/gradle-core-2.8.jar
7ffba80ff000-7ffba8102000 ---p 00000000 00:00 0 
7ffba8102000-7ffba8200000 rw-p 00000000 00:00 0                          [stack:10566]
7ffba8200000-7ffba8203000 ---p 00000000 00:00 0 
7ffba8203000-7ffba8301000 rw-p 00000000 00:00 0                          [stack:10565]
7ffba8301000-7ffba8304000 ---p 00000000 00:00 0 
7ffba8304000-7ffba8402000 rw-p 00000000 00:00 0                          [stack:10564]
7ffba8402000-7ffba8403000 ---p 00000000 00:00 0 
7ffba8403000-7ffba8e4e000 rw-p 00000000 00:00 0                          [stack:10563]
7ffba8e4e000-7ffba9000000 r--s 01d2e000 08:05 2627998                    /usr/lib/jvm/java-7-openjdk-amd64/jre/lib/rt.jar
7ffba9000000-7ffba9300000 rwxp 00000000 00:00 0 
7ffba9300000-7ffbacade000 rw-p 00000000 00:00 0 
7ffbacade000-7ffbb0000000 ---p 00000000 00:00 0 
7ffbb0000000-7ffbb0003000 r--s 00018000 08:05 1716491                    /home/yogesh/Downloads/android-studio/gradle/gradle-2.8/lib/commons-io-1.4.jar
7ffbb0003000-7ffbb0008000 r--s 00036000 08:05 1716497                    /home/yogesh/Downloads/android-studio/gradle/gradle-2.8/lib/asm-all-5.0.3.jar
7ffbb0008000-7ffbb000d000 r--s 00041000 08:05 1716495                    /home/yogesh/Downloads/android-studio/gradle/gradle-2.8/lib/commons-lang-2.6.jar
7ffbb000d000-7ffbb000e000 r--s 00007000 08:05 1716502                    /home/yogesh/Downloads/android-studio/gradle/gradle-2.8/lib/slf4j-api-1.7.10.jar
7ffbb000e000-7ffbb000f000 r--s 00004000 08:05 1713068                    /home/yogesh/Downloads/android-studio/gradle/gradle-2.8/lib/ant-launcher-1.9.3.jar
7ffbb000f000-7ffbb0016000 r--s 00032000 08:05 1713079                    /home/yogesh/Downloads/android-studio/gradle/gradle-2.8/lib/gradle-base-services-2.8.jar
7ffbb0016000-7ffbb0020000 r--s 0004a000 08:05 1713075                    /home/yogesh/Downloads/android-studio/gradle/gradle-2.8/lib/gradle-launcher-2.8.jar
7ffbb0020000-7ffbb0403000 rw-p 00000000 00:00 0 
7ffbb0403000-7ffbb0404000 ---p 00000000 00:00 0 
7ffbb0404000-7ffbb0504000 rw-p 00000000 00:00 0                          [stack:10562]
7ffbb0504000-7ffbb0505000 ---p 00000000 00:00 0 
7ffbb0505000-7ffbb0616000 rw-p 00000000 00:00 0                          [stack:10561]
7ffbb0616000-7ffbb0685000 rw-p 00000000 00:00 0 
7ffbb0685000-7ffbb0699000 rw-p 00000000 00:00 0 
7ffbb0699000-7ffbb07db000 rw-p 00000000 00:00 0 
7ffbb07db000-7ffbb07ec000 rw-p 00000000 00:00 0 
7ffbb07ec000-7ffbb085b000 rw-p 00000000 00:00 0 
7ffbb085b000-7ffbb086f000 rw-p 00000000 00:00 0 
7ffbb086f000-7ffbb09b0000 rw-p 00000000 00:00 0 
7ffbb09b0000-7ffbb09f8000 rw-p 00000000 00:00 0 
7ffbb09f8000-7ffbb0a5b000 rw-p 00000000 00:00 0 
7ffbb0a5b000-7ffbb0a5c000 rw-p 00000000 00:00 0 
7ffbb0a5c000-7ffbb0a64000 r-xp 00000000 08:05 2628008                    /usr/lib/jvm/java-7-openjdk-amd64/jre/lib/amd64/libzip.so
7ffbb0a64000-7ffbb0c63000 ---p 00008000 08:05 2628008                    /usr/lib/jvm/java-7-openjdk-amd64/jre/lib/amd64/libzip.so
7ffbb0c63000-7ffbb0c64000 r--p 00007000 08:05 2628008                    /usr/lib/jvm/java-7-openjdk-amd64/jre/lib/amd64/libzip.so
7ffbb0c64000-7ffbb0c65000 rw-p 00008000 08:05 2628008                    /usr/lib/jvm/java-7-openjdk-amd64/jre/lib/amd64/libzip.so
7ffbb0c65000-7ffbb0c71000 r-xp 00000000 08:05 397588                     /lib/x86_64-linux-gnu/libnss_files-2.21.so
7ffbb0c71000-7ffbb0e70000 ---p 0000c000 08:05 397588                     /lib/x86_64-linux-gnu/libnss_files-2.21.so
7ffbb0e70000-7ffbb0e71000 r--p 0000b000 08:05 397588                     /lib/x86_64-linux-gnu/libnss_files-2.21.so
7ffbb0e71000-7ffbb0e72000 rw-p 0000c000 08:05 397588                     /lib/x86_64-linux-gnu/libnss_files-2.21.so
7ffbb0e72000-7ffbb0e7d000 r-xp 00000000 08:05 397598                     /lib/x86_64-linux-gnu/libnss_nis-2.21.so
7ffbb0e7d000-7ffbb107c000 ---p 0000b000 08:05 397598                     /lib/x86_64-linux-gnu/libnss_nis-2.21.so
7ffbb107c000-7ffbb107d000 r--p 0000a000 08:05 397598                     /lib/x86_64-linux-gnu/libnss_nis-2.21.so
7ffbb107d000-7ffbb107e000 rw-p 0000b000 08:05 397598                     /lib/x86_64-linux-gnu/libnss_nis-2.21.so
7ffbb107e000-7ffbb1095000 r-xp 00000000 08:05 397582                     /lib/x86_64-linux-gnu/libnsl-2.21.so
7ffbb1095000-7ffbb1294000 ---p 00017000 08:05 397582                     /lib/x86_64-linux-gnu/libnsl-2.21.so
7ffbb1294000-7ffbb1295000 r--p 00016000 08:05 397582                     /lib/x86_64-linux-gnu/libnsl-2.21.so
7ffbb1295000-7ffbb1296000 rw-p 00017000 08:05 397582                     /lib/x86_64-linux-gnu/libnsl-2.21.so
7ffbb1296000-7ffbb1298000 rw-p 00000000 00:00 0 
7ffbb1298000-7ffbb12a0000 r-xp 00000000 08:05 397584                     /lib/x86_64-linux-gnu/libnss_compat-2.21.so
7ffbb12a0000-7ffbb149f000 ---p 00008000 08:05 397584                     /lib/x86_64-linux-gnu/libnss_compat-2.21.so
7ffbb149f000-7ffbb14a0000 r--p 00007000 08:05 397584                     /lib/x86_64-linux-gnu/libnss_compat-2.21.so
7ffbb14a0000-7ffbb14a1000 rw-p 00008000 08:05 397584                     /lib/x86_64-linux-gnu/libnss_compat-2.21.so
7ffbb14a1000-7ffbb14ce000 r-xp 00000000 08:05 2628016                    /usr/lib/jvm/java-7-openjdk-amd64/jre/lib/amd64/libjava.so
7ffbb14ce000-7ffbb16cd000 ---p 0002d000 08:05 2628016                    /usr/lib/jvm/java-7-openjdk-amd64/jre/lib/amd64/libjava.so
7ffbb16cd000-7ffbb16ce000 r--p 0002c000 08:05 2628016                    /usr/lib/jvm/java-7-openjdk-amd64/jre/lib/amd64/libjava.so
7ffbb16ce000-7ffbb16d0000 rw-p 0002d000 08:05 2628016                    /usr/lib/jvm/java-7-openjdk-amd64/jre/lib/amd64/libjava.so
7ffbb16d0000-7ffbb16df000 r-xp 00000000 08:05 2628031                    /usr/lib/jvm/java-7-openjdk-amd64/jre/lib/amd64/libverify.so
7ffbb16df000-7ffbb18de000 ---p 0000f000 08:05 2628031                    /usr/lib/jvm/java-7-openjdk-amd64/jre/lib/amd64/libverify.so
7ffbb18de000-7ffbb18e1000 r--p 0000e000 08:05 2628031                    /usr/lib/jvm/java-7-openjdk-amd64/jre/lib/amd64/libverify.so
7ffbb18e1000-7ffbb18e2000 rw-p 00011000 08:05 2628031                    /usr/lib/jvm/java-7-openjdk-amd64/jre/lib/amd64/libverify.so
7ffbb18e2000-7ffbb18e9000 r-xp 00000000 08:05 397643                     /lib/x86_64-linux-gnu/librt-2.21.so
7ffbb18e9000-7ffbb1ae8000 ---p 00007000 08:05 397643                     /lib/x86_64-linux-gnu/librt-2.21.so
7ffbb1ae8000-7ffbb1ae9000 r--p 00006000 08:05 397643                     /lib/x86_64-linux-gnu/librt-2.21.so
7ffbb1ae9000-7ffbb1aea000 rw-p 00007000 08:05 397643                     /lib/x86_64-linux-gnu/librt-2.21.so
7ffbb1aea000-7ffbb1b00000 r-xp 00000000 08:05 393398                     /lib/x86_64-linux-gnu/libgcc_s.so.1
7ffbb1b00000-7ffbb1cff000 ---p 00016000 08:05 393398                     /lib/x86_64-linux-gnu/libgcc_s.so.1
7ffbb1cff000-7ffbb1d00000 rw-p 00015000 08:05 393398                     /lib/x86_64-linux-gnu/libgcc_s.so.1
7ffbb1d00000-7ffbb1e07000 r-xp 00000000 08:05 397561                     /lib/x86_64-linux-gnu/libm-2.21.so
7ffbb1e07000-7ffbb2006000 ---p 00107000 08:05 397561                     /lib/x86_64-linux-gnu/libm-2.21.so
7ffbb2006000-7ffbb2007000 r--p 00106000 08:05 397561                     /lib/x86_64-linux-gnu/libm-2.21.so
7ffbb2007000-7ffbb2008000 rw-p 00107000 08:05 397561                     /lib/x86_64-linux-gnu/libm-2.21.so
7ffbb2008000-7ffbb20f8000 r-xp 00000000 08:05 2630993                    /usr/lib/x86_64-linux-gnu/libstdc++.so.6.0.20
7ffbb20f8000-7ffbb22f8000 ---p 000f0000 08:05 2630993                    /usr/lib/x86_64-linux-gnu/libstdc++.so.6.0.20
7ffbb22f8000-7ffbb2300000 r--p 000f0000 08:05 2630993                    /usr/lib/x86_64-linux-gnu/libstdc++.so.6.0.20
7ffbb2300000-7ffbb2302000 rw-p 000f8000 08:05 2630993                    /usr/lib/x86_64-linux-gnu/libstdc++.so.6.0.20
7ffbb2302000-7ffbb2317000 rw-p 00000000 00:00 0 
7ffbb2317000-7ffbb2e77000 r-xp 00000000 08:05 2628023                    /usr/lib/jvm/java-7-openjdk-amd64/jre/lib/amd64/server/libjvm.so
7ffbb2e77000-7ffbb3077000 ---p 00b60000 08:05 2628023                    /usr/lib/jvm/java-7-openjdk-amd64/jre/lib/amd64/server/libjvm.so
7ffbb3077000-7ffbb3116000 r--p 00b60000 08:05 2628023                    /usr/lib/jvm/java-7-openjdk-amd64/jre/lib/amd64/server/libjvm.so
7ffbb3116000-7ffbb3139000 rw-p 00bff000 08:05 2628023                    /usr/lib/jvm/java-7-openjdk-amd64/jre/lib/amd64/server/libjvm.so
7ffbb3139000-7ffbb3166000 rw-p 00000000 00:00 0 
7ffbb3166000-7ffbb317f000 r-xp 00000000 08:05 397676                     /lib/x86_64-linux-gnu/libz.so.1.2.8
7ffbb317f000-7ffbb337f000 ---p 00019000 08:05 397676                     /lib/x86_64-linux-gnu/libz.so.1.2.8
7ffbb337f000-7ffbb3380000 r--p 00019000 08:05 397676                     /lib/x86_64-linux-gnu/libz.so.1.2.8
7ffbb3380000-7ffbb3381000 rw-p 0001a000 08:05 397676                     /lib/x86_64-linux-gnu/libz.so.1.2.8
7ffbb3381000-7ffbb3399000 r-xp 00000000 08:05 397635                     /lib/x86_64-linux-gnu/libpthread-2.21.so
7ffbb3399000-7ffbb3599000 ---p 00018000 08:05 397635                     /lib/x86_64-linux-gnu/libpthread-2.21.so
7ffbb3599000-7ffbb359a000 r--p 00018000 08:05 397635                     /lib/x86_64-linux-gnu/libpthread-2.21.so
7ffbb359a000-7ffbb359b000 rw-p 00019000 08:05 397635                     /lib/x86_64-linux-gnu/libpthread-2.21.so
7ffbb359b000-7ffbb359f000 rw-p 00000000 00:00 0 
7ffbb359f000-7ffbb35a2000 r-xp 00000000 08:05 397519                     /lib/x86_64-linux-gnu/libdl-2.21.so
7ffbb35a2000-7ffbb37a1000 ---p 00003000 08:05 397519                     /lib/x86_64-linux-gnu/libdl-2.21.so
7ffbb37a1000-7ffbb37a2000 r--p 00002000 08:05 397519                     /lib/x86_64-linux-gnu/libdl-2.21.so
7ffbb37a2000-7ffbb37a3000 rw-p 00003000 08:05 397519                     /lib/x86_64-linux-gnu/libdl-2.21.so
7ffbb37a3000-7ffbb3963000 r-xp 00000000 08:05 397502                     /lib/x86_64-linux-gnu/libc-2.21.so
7ffbb3963000-7ffbb3b63000 ---p 001c0000 08:05 397502                     /lib/x86_64-linux-gnu/libc-2.21.so
7ffbb3b63000-7ffbb3b67000 r--p 001c0000 08:05 397502                     /lib/x86_64-linux-gnu/libc-2.21.so
7ffbb3b67000-7ffbb3b69000 rw-p 001c4000 08:05 397502                     /lib/x86_64-linux-gnu/libc-2.21.so
7ffbb3b69000-7ffbb3b6d000 rw-p 00000000 00:00 0 
7ffbb3b6d000-7ffbb3b7a000 r-xp 00000000 08:05 2628032                    /usr/lib/jvm/java-7-openjdk-amd64/jre/lib/amd64/jli/libjli.so
7ffbb3b7a000-7ffbb3d79000 ---p 0000d000 08:05 2628032                    /usr/lib/jvm/java-7-openjdk-amd64/jre/lib/amd64/jli/libjli.so
7ffbb3d79000-7ffbb3d7a000 r--p 0000c000 08:05 2628032                    /usr/lib/jvm/java-7-openjdk-amd64/jre/lib/amd64/jli/libjli.so
7ffbb3d7a000-7ffbb3d7b000 rw-p 0000d000 08:05 2628032                    /usr/lib/jvm/java-7-openjdk-amd64/jre/lib/amd64/jli/libjli.so
7ffbb3d7b000-7ffbb3d9f000 r-xp 00000000 08:05 397474                     /lib/x86_64-linux-gnu/ld-2.21.so
7ffbb3d9f000-7ffbb3da1000 r--s 00012000 08:05 2627990                    /usr/lib/jvm/java-7-openjdk-amd64/jre/lib/ext/zipfs.jar
7ffbb3da1000-7ffbb3da2000 r--s 00002000 08:05 2627995                    /usr/lib/jvm/java-7-openjdk-amd64/jre/lib/ext/dnsns.jar
7ffbb3da2000-7ffbb3da6000 r--s 00085000 08:05 2627991                    /usr/lib/jvm/java-7-openjdk-amd64/jre/lib/ext/localedata.jar
7ffbb3da6000-7ffbb3da8000 r--s 00006000 08:05 3021122                    /usr/share/java/java-atk-wrapper.jar
7ffbb3da8000-7ffbb3dac000 r--s 0003c000 08:05 2627994                    /usr/lib/jvm/java-7-openjdk-amd64/jre/lib/ext/sunpkcs11.jar
7ffbb3dac000-7ffbb3daf000 r--s 0000f000 08:05 2627992                    /usr/lib/jvm/java-7-openjdk-amd64/jre/lib/ext/icedtea-sound.jar
7ffbb3daf000-7ffbb3dbb000 rw-p 00000000 00:00 0 
7ffbb3dbb000-7ffbb3e6f000 rw-p 00000000 00:00 0 
7ffbb3e6f000-7ffbb3e72000 ---p 00000000 00:00 0 
7ffbb3e72000-7ffbb3f75000 rw-p 00000000 00:00 0                          [stack:10560]
7ffbb3f75000-7ffbb3f79000 r--s 00034000 08:05 2627993                    /usr/lib/jvm/java-7-openjdk-amd64/jre/lib/ext/sunjce_provider.jar
7ffbb3f79000-7ffbb3f92000 rw-p 00000000 00:00 0 
7ffbb3f92000-7ffbb3f9a000 rw-s 00000000 08:05 3030848                    /tmp/hsperfdata_yogesh/10557
7ffbb3f9a000-7ffbb3f9b000 rw-p 00000000 00:00 0 
7ffbb3f9b000-7ffbb3f9c000 ---p 00000000 00:00 0 
7ffbb3f9c000-7ffbb3f9e000 rw-p 00000000 00:00 0 
7ffbb3f9e000-7ffbb3f9f000 r--p 00023000 08:05 397474                     /lib/x86_64-linux-gnu/ld-2.21.so
7ffbb3f9f000-7ffbb3fa0000 rw-p 00024000 08:05 397474                     /lib/x86_64-linux-gnu/ld-2.21.so
7ffbb3fa0000-7ffbb3fa1000 rw-p 00000000 00:00 0 
7fff0a206000-7fff0a227000 rw-p 00000000 00:00 0                          [stack]
7fff0a2d6000-7fff0a2d8000 r--p 00000000 00:00 0                          [vvar]
7fff0a2d8000-7fff0a2da000 r-xp 00000000 00:00 0                          [vdso]
ffffffffff600000-ffffffffff601000 r-xp 00000000 00:00 0                  [vsyscall]

VM Arguments:
jvm_args: -XX:MaxPermSize=256m -XX:+HeapDumpOnOutOfMemoryError -Xmx1024m -Dfile.encoding=UTF-8 -Duser.country=IN -Duser.language=en -Duser.variant 
java_command: org.gradle.launcher.daemon.bootstrap.GradleDaemon 2.8
Launcher Type: SUN_STANDARD

Environment Variables:
JAVA_HOME=/usr/lib/jvm/java-7-openjdk-amd64
PATH=/usr/local/sbin:/usr/local/bin:/usr/sbin:/usr/bin:/sbin:/bin:/usr/games:/usr/local/games:/usr/local/hadoop/bin:/usr/local/hadoop/sbin:/usr/local/hadoop/bin:/usr/local/hadoop/sbin
SHELL=/bin/bash
DISPLAY=:0

Signal Handlers:
SIGSEGV: [libjvm.so+0x992590], sa_mask[0]=0x7ffbfeff, sa_flags=0x10000004
SIGBUS: [libjvm.so+0x992590], sa_mask[0]=0x7ffbfeff, sa_flags=0x10000004
SIGFPE: [libjvm.so+0x7fec60], sa_mask[0]=0x7ffbfeff, sa_flags=0x10000004
SIGPIPE: [libjvm.so+0x7fec60], sa_mask[0]=0x7ffbfeff, sa_flags=0x10000004
SIGXFSZ: [libjvm.so+0x7fec60], sa_mask[0]=0x7ffbfeff, sa_flags=0x10000004
SIGILL: [libjvm.so+0x7fec60], sa_mask[0]=0x7ffbfeff, sa_flags=0x10000004
SIGUSR1: SIG_DFL, sa_mask[0]=0x00000000, sa_flags=0x00000000
SIGUSR2: [libjvm.so+0x7feae0], sa_mask[0]=0x00000004, sa_flags=0x10000004
SIGHUP: [libjvm.so+0x7fece0], sa_mask[0]=0x7ffbfeff, sa_flags=0x10000004
SIGINT: [libjvm.so+0x7fece0], sa_mask[0]=0x7ffbfeff, sa_flags=0x10000004
SIGTERM: [libjvm.so+0x7fece0], sa_mask[0]=0x7ffbfeff, sa_flags=0x10000004
SIGQUIT: [libjvm.so+0x7fece0], sa_mask[0]=0x7ffbfeff, sa_flags=0x10000004
SIGTRAP: SIG_DFL, sa_mask[0]=0x00000000, sa_flags=0x00000000


---------------  S Y S T E M  ---------------

OS:Ubuntu 15.04 (vivid)
uname:Linux 3.19.0-42-generic #48-Ubuntu SMP Thu Dec 17 22:54:45 UTC 2015 x86_64
libc:glibc 2.21 NPTL 2.21 
rlimit: STACK 8192k, CORE 0k, NPROC 14992, NOFILE 65536, AS infinity
load average:1.87 1.48 1.21

/proc/meminfo:
MemTotal:        3860452 kB
MemFree:          119044 kB
MemAvailable:      90872 kB
Buffers:            7764 kB
Cached:           469196 kB
SwapCached:            0 kB
Active:          3185684 kB
Inactive:         387088 kB
Active(anon):    3143752 kB
Inactive(anon):   352404 kB
Active(file):      41932 kB
Inactive(file):    34684 kB
Unevictable:         284 kB
Mlocked:             284 kB
SwapTotal:             0 kB
SwapFree:              0 kB
Dirty:               240 kB
Writeback:             0 kB
AnonPages:       3096376 kB
Mapped:           226560 kB
Shmem:            399988 kB
Slab:              70496 kB
SReclaimable:      35964 kB
SUnreclaim:        34532 kB
KernelStack:       11440 kB
PageTables:        47684 kB
NFS_Unstable:          0 kB
Bounce:                0 kB
WritebackTmp:          0 kB
CommitLimit:     1930224 kB
Committed_AS:    8932540 kB
VmallocTotal:   34359738367 kB
VmallocUsed:      348480 kB
VmallocChunk:   34359380444 kB
HardwareCorrupted:     0 kB
AnonHugePages:    923648 kB
CmaTotal:              0 kB
CmaFree:               0 kB
HugePages_Total:       0
HugePages_Free:        0
HugePages_Rsvd:        0
HugePages_Surp:        0
Hugepagesize:       2048 kB
DirectMap4k:      174848 kB
DirectMap2M:     3831808 kB


CPU:total 2 (2 cores per cpu, 1 threads per core) family 6 model 42 stepping 7, cmov, cx8, fxsr, mmx, sse, sse2, sse3, ssse3, sse4.1, sse4.2, popcnt, tsc, tscinvbit

/proc/cpuinfo:
processor	: 0
vendor_id	: GenuineIntel
cpu family	: 6
model		: 42
model name	: Intel(R) Pentium(R) CPU B960 @ 2.20GHz
stepping	: 7
microcode	: 0x29
cpu MHz		: 1660.828
cache size	: 2048 KB
physical id	: 0
siblings	: 2
core id		: 0
cpu cores	: 2
apicid		: 0
initial apicid	: 0
fpu		: yes
fpu_exception	: yes
cpuid level	: 13
wp		: yes
flags		: fpu vme de pse tsc msr pae mce cx8 apic sep mtrr pge mca cmov pat pse36 clflush dts acpi mmx fxsr sse sse2 ss ht tm pbe syscall nx rdtscp lm constant_tsc arch_perfmon pebs bts rep_good nopl xtopology nonstop_tsc aperfmperf eagerfpu pni pclmulqdq dtes64 monitor ds_cpl est tm2 ssse3 cx16 xtpr pdcm pcid sse4_1 sse4_2 x2apic popcnt tsc_deadline_timer xsave lahf_lm arat epb pln pts dtherm xsaveopt
bugs		:
bogomips	: 4390.26
clflush size	: 64
cache_alignment	: 64
address sizes	: 36 bits physical, 48 bits virtual
power management:

processor	: 1
vendor_id	: GenuineIntel
cpu family	: 6
model		: 42
model name	: Intel(R) Pentium(R) CPU B960 @ 2.20GHz
stepping	: 7
microcode	: 0x29
cpu MHz		: 1625.765
cache size	: 2048 KB
physical id	: 0
siblings	: 2
core id		: 1
cpu cores	: 2
apicid		: 2
initial apicid	: 2
fpu		: yes
fpu_exception	: yes
cpuid level	: 13
wp		: yes
flags		: fpu vme de pse tsc msr pae mce cx8 apic sep mtrr pge mca cmov pat pse36 clflush dts acpi mmx fxsr sse sse2 ss ht tm pbe syscall nx rdtscp lm constant_tsc arch_perfmon pebs bts rep_good nopl xtopology nonstop_tsc aperfmperf eagerfpu pni pclmulqdq dtes64 monitor ds_cpl est tm2 ssse3 cx16 xtpr pdcm pcid sse4_1 sse4_2 x2apic popcnt tsc_deadline_timer xsave lahf_lm arat epb pln pts dtherm xsaveopt
bugs		:
bogomips	: 4390.26
clflush size	: 64
cache_alignment	: 64
address sizes	: 36 bits physical, 48 bits virtual
power management:



Memory: 4k page, physical 3860452k(119044k free), swap 0k(0k free)

vm_info: OpenJDK 64-Bit Server VM (24.91-b01) for linux-amd64 JRE (1.7.0_91-b02), built on Nov 19 2015 06:08:55 by "buildd" with gcc 4.9.2

time: Thu Jan  7 22:51:03 2016
elapsed time: 24 seconds

