#
# There is insufficient memory for the Java Runtime Environment to continue.
# Native memory allocation (malloc) failed to allocate 113246208 bytes for committing reserved memory.
# Possible reasons:
#   The system is out of physical RAM or swap space
#   In 32 bit mode, the process size limit was hit
# Possible solutions:
#   Reduce memory load on the system
#   Increase physical memory or swap space
#   Check if swap backing store is full
#   Use 64 bit Java on a 64 bit OS
#   Decrease Java heap size (-Xmx/-Xms)
#   Decrease number of Java threads
#   Decrease Java thread stack sizes (-Xss)
#   Set larger code cache with -XX:ReservedCodeCacheSize=
# This output file may be truncated or incomplete.
#
#  Out of Memory Error (os_linux.cpp:2827), pid=10241, tid=140599591544576
#
# JRE version: OpenJDK Runtime Environment (7.0_91-b02) (build 1.7.0_91-b02)
# Java VM: OpenJDK 64-Bit Server VM (24.91-b01 mixed mode linux-amd64 compressed oops)
# Derivative: IcedTea 2.6.3
# Distribution: Ubuntu 15.04, package 7u91-2.6.3-0ubuntu0.15.04.1
# Failed to write core dump. Core dumps have been disabled. To enable core dumping, try "ulimit -c unlimited" before starting Java again
#

---------------  T H R E A D  ---------------

Current thread (0x00007fdfe0074000):  VMThread [stack: 0x00007fdfe4a5a000,0x00007fdfe4b5b000] [id=10248]

Stack: [0x00007fdfe4a5a000,0x00007fdfe4b5b000],  sp=0x00007fdfe4b594e0,  free space=1021k
Native frames: (J=compiled Java code, j=interpreted, Vv=VM code, C=native code)
V  [libjvm.so+0x991aa6]  VMError::report_and_die()+0x186
V  [libjvm.so+0x4934c2]  report_vm_out_of_memory(char const*, int, unsigned long, char const*)+0x92
V  [libjvm.so+0x80371b]  os::pd_commit_memory(char*, unsigned long, unsigned long, bool)+0xeb
V  [libjvm.so+0x7fddfe]  os::commit_memory(char*, unsigned long, unsigned long, bool)+0x2e
V  [libjvm.so+0x871c0b]  PSVirtualSpace::expand_by(unsigned long)+0x5b
V  [libjvm.so+0x872ac3]  PSYoungGen::resize_generation(unsigned long, unsigned long)+0xd3
V  [libjvm.so+0x8731db]  PSYoungGen::resize(unsigned long, unsigned long)+0x1b
V  [libjvm.so+0x86eb41]  PSScavenge::invoke_no_policy()+0xd51
V  [libjvm.so+0x86f3b8]  PSScavenge::invoke()+0x38
V  [libjvm.so+0x826a73]  ParallelScavengeHeap::failed_mem_allocate(unsigned long)+0x63
V  [libjvm.so+0x993372]  VM_ParallelGCFailedAllocation::doit()+0x92
V  [libjvm.so+0x9977f7]  VM_Operation::evaluate()+0x47
V  [libjvm.so+0x995f6b]  VMThread::evaluate_operation(VM_Operation*)+0xab
V  [libjvm.so+0x996616]  VMThread::loop()+0x1e6
V  [libjvm.so+0x996ae1]  VMThread::run()+0x81
V  [libjvm.so+0x800642]  java_start(Thread*)+0xf2

VM_Operation (0x00007fdfe951f380): ParallelGCFailedAllocation, mode: safepoint, requested by thread 0x00007fdfe000d000


---------------  P R O C E S S  ---------------

Java Threads: ( => current thread )
  0x00007fdfe00af000 JavaThread "Service Thread" daemon [_thread_blocked, id=10254, stack(0x00007fdfda7cd000,0x00007fdfda8ce000)]
  0x00007fdfe00ac800 JavaThread "C2 CompilerThread1" daemon [_thread_blocked, id=10253, stack(0x00007fdfda8ce000,0x00007fdfda9cf000)]
  0x00007fdfe00a9800 JavaThread "C2 CompilerThread0" daemon [_thread_blocked, id=10252, stack(0x00007fdfda9cf000,0x00007fdfdaad0000)]
  0x00007fdfe00a7800 JavaThread "Signal Dispatcher" daemon [_thread_blocked, id=10251, stack(0x00007fdfe4075000,0x00007fdfe4176000)]
  0x00007fdfe007a800 JavaThread "Finalizer" daemon [_thread_blocked, id=10250, stack(0x00007fdfe4858000,0x00007fdfe4959000)]
  0x00007fdfe0078800 JavaThread "Reference Handler" daemon [_thread_blocked, id=10249, stack(0x00007fdfe4959000,0x00007fdfe4a5a000)]
  0x00007fdfe000d000 JavaThread "main" [_thread_blocked, id=10245, stack(0x00007fdfe9420000,0x00007fdfe9521000)]

Other Threads:
=>0x00007fdfe0074000 VMThread [stack: 0x00007fdfe4a5a000,0x00007fdfe4b5b000] [id=10248]
  0x00007fdfe00b2000 WatcherThread [stack: 0x00007fdfda6cc000,0x00007fdfda7cd000] [id=10255]

VM state:at safepoint (normal execution)

VM Mutex/Monitor currently owned by a thread:  ([mutex/lock_event])
[0x00007fdfe00093d0] Threads_lock - owner thread: 0x00007fdfe0074000
[0x00007fdfe00098d0] Heap_lock - owner thread: 0x00007fdfe000d000

Heap
 PSYoungGen      total 206336K, used 9502K [0x00000000eaa80000, 0x00000000f8780000, 0x0000000100000000)
  eden space 189952K, 0% used [0x00000000eaa80000,0x00000000eaa80000,0x00000000f6400000)
  from space 16384K, 57% used [0x00000000f6400000,0x00000000f6d478b0,0x00000000f7400000)
  to   space 12800K, 0% used [0x00000000f7400000,0x00000000f7400000,0x00000000f8080000)
 ParOldGen       total 40448K, used 40045K [0x00000000c0000000, 0x00000000c2780000, 0x00000000eaa80000)
  object space 40448K, 99% used [0x00000000c0000000,0x00000000c271b5b8,0x00000000c2780000)
 PSPermGen       total 21504K, used 5494K [0x00000000b5a00000, 0x00000000b6f00000, 0x00000000c0000000)
  object space 21504K, 25% used [0x00000000b5a00000,0x00000000b5f5d9f8,0x00000000b6f00000)

Card table byte_map: [0x00007fdfe5db9000,0x00007fdfe600d000] byte_map_base: 0x00007fdfe580c000

Polling page: 0x00007fdfe954c000

Code Cache  [0x00007fdfdd000000, 0x00007fdfdd270000, 0x00007fdfe0000000)
 total_blobs=705 nmethods=470 adapters=189 free_code_cache=47790Kb largest_free_block=48902016

Compilation events (10 events):
Event: 5.894 Thread 0x00007fdfe00ac800 nmethod 469 0x00007fdfdd1511d0 code [0x00007fdfdd151340, 0x00007fdfdd151578]
Event: 5.894 Thread 0x00007fdfe00ac800  474             com.android.dx.io.instructions.InstructionCodec$23::encode (37 bytes)
Event: 5.897 Thread 0x00007fdfe00ac800 nmethod 474 0x00007fdfdd150bd0 code [0x00007fdfdd150d40, 0x00007fdfdd150f38]
Event: 5.904 Thread 0x00007fdfe00a9800 nmethod 473 0x00007fdfdd15a6d0 code [0x00007fdfdd15a880, 0x00007fdfdd15ade8]
Event: 5.999 Thread 0x00007fdfe00ac800  475             sun.misc.VM::isBooted (4 bytes)
Event: 5.999 Thread 0x00007fdfe00ac800 nmethod 475 0x00007fdfdd149f50 code [0x00007fdfdd14a080, 0x00007fdfdd14a0d8]
Event: 6.016 Thread 0x00007fdfe00a9800  476             java.lang.Math::min (46 bytes)
Event: 6.017 Thread 0x00007fdfe00a9800 nmethod 476 0x00007fdfdd159ad0 code [0x00007fdfdd159c40, 0x00007fdfdd159d58]
Event: 6.024 Thread 0x00007fdfe00a9800  477             java.util.HashMap::initHashSeedAsNeeded (61 bytes)
Event: 6.025 Thread 0x00007fdfe00a9800 nmethod 477 0x00007fdfdd1281d0 code [0x00007fdfdd128320, 0x00007fdfdd1283f8]

GC Heap History (10 events):
Event: 3.850 GC heap after
Heap after GC invocations=6 (full 0):
 PSYoungGen      total 68608K, used 7771K [0x00000000eaa80000, 0x00000000ef880000, 0x0000000100000000)
  eden space 60416K, 0% used [0x00000000eaa80000,0x00000000eaa80000,0x00000000ee580000)
  from space 8192K, 94% used [0x00000000eee80000,0x00000000ef616d88,0x00000000ef680000)
  to   space 9216K, 0% used [0x00000000ee580000,0x00000000ee580000,0x00000000eee80000)
 ParOldGen       total 39936K, used 16006K [0x00000000c0000000, 0x00000000c2700000, 0x00000000eaa80000)
  object space 39936K, 40% used [0x00000000c0000000,0x00000000c0fa1aa8,0x00000000c2700000)
 PSPermGen       total 21504K, used 5374K [0x00000000b5a00000, 0x00000000b6f00000, 0x00000000c0000000)
  object space 21504K, 24% used [0x00000000b5a00000,0x00000000b5f3fb30,0x00000000b6f00000)
}
Event: 4.411 GC heap before
{Heap before GC invocations=7 (full 0):
 PSYoungGen      total 68608K, used 68187K [0x00000000eaa80000, 0x00000000ef880000, 0x0000000100000000)
  eden space 60416K, 100% used [0x00000000eaa80000,0x00000000ee580000,0x00000000ee580000)
  from space 8192K, 94% used [0x00000000eee80000,0x00000000ef616d88,0x00000000ef680000)
  to   space 9216K, 0% used [0x00000000ee580000,0x00000000ee580000,0x00000000eee80000)
 ParOldGen       total 39936K, used 16006K [0x00000000c0000000, 0x00000000c2700000, 0x00000000eaa80000)
  object space 39936K, 40% used [0x00000000c0000000,0x00000000c0fa1aa8,0x00000000c2700000)
 PSPermGen       total 21504K, used 5473K [0x00000000b5a00000, 0x00000000b6f00000, 0x00000000c0000000)
  object space 21504K, 25% used [0x00000000b5a00000,0x00000000b5f58468,0x00000000b6f00000)
Event: 4.433 GC heap after
Heap after GC invocations=7 (full 0):
 PSYoungGen      total 69632K, used 6554K [0x00000000eaa80000, 0x00000000f3280000, 0x0000000100000000)
  eden space 60416K, 0% used [0x00000000eaa80000,0x00000000eaa80000,0x00000000ee580000)
  from space 9216K, 71% used [0x00000000ee580000,0x00000000eebe6ac0,0x00000000eee80000)
  to   space 9216K, 0% used [0x00000000f2980000,0x00000000f2980000,0x00000000f3280000)
 ParOldGen       total 39936K, used 16869K [0x00000000c0000000, 0x00000000c2700000, 0x00000000eaa80000)
  object space 39936K, 42% used [0x00000000c0000000,0x00000000c1079718,0x00000000c2700000)
 PSPermGen       total 21504K, used 5473K [0x00000000b5a00000, 0x00000000b6f00000, 0x00000000c0000000)
  object space 21504K, 25% used [0x00000000b5a00000,0x00000000b5f58468,0x00000000b6f00000)
}
Event: 4.853 GC heap before
{Heap before GC invocations=8 (full 0):
 PSYoungGen      total 69632K, used 66970K [0x00000000eaa80000, 0x00000000f3280000, 0x0000000100000000)
  eden space 60416K, 100% used [0x00000000eaa80000,0x00000000ee580000,0x00000000ee580000)
  from space 9216K, 71% used [0x00000000ee580000,0x00000000eebe6ac0,0x00000000eee80000)
  to   space 9216K, 0% used [0x00000000f2980000,0x00000000f2980000,0x00000000f3280000)
 ParOldGen       total 39936K, used 16869K [0x00000000c0000000, 0x00000000c2700000, 0x00000000eaa80000)
  object space 39936K, 42% used [0x00000000c0000000,0x00000000c1079718,0x00000000c2700000)
 PSPermGen       total 21504K, used 5478K [0x00000000b5a00000, 0x00000000b6f00000, 0x00000000c0000000)
  object space 21504K, 25% used [0x00000000b5a00000,0x00000000b5f599f8,0x00000000b6f00000)
Event: 4.861 GC heap after
Heap after GC invocations=8 (full 0):
 PSYoungGen      total 130048K, used 3833K [0x00000000eaa80000, 0x00000000f3280000, 0x0000000100000000)
  eden space 120832K, 0% used [0x00000000eaa80000,0x00000000eaa80000,0x00000000f2080000)
  from space 9216K, 41% used [0x00000000f2980000,0x00000000f2d3e468,0x00000000f3280000)
  to   space 9216K, 0% used [0x00000000f2080000,0x00000000f2080000,0x00000000f2980000)
 ParOldGen       total 39936K, used 18519K [0x00000000c0000000, 0x00000000c2700000, 0x00000000eaa80000)
  object space 39936K, 46% used [0x00000000c0000000,0x00000000c1215d98,0x00000000c2700000)
 PSPermGen       total 21504K, used 5478K [0x00000000b5a00000, 0x00000000b6f00000, 0x00000000c0000000)
  object space 21504K, 25% used [0x00000000b5a00000,0x00000000b5f599f8,0x00000000b6f00000)
}
Event: 5.251 GC heap before
{Heap before GC invocations=9 (full 0):
 PSYoungGen      total 130048K, used 124665K [0x00000000eaa80000, 0x00000000f3280000, 0x0000000100000000)
  eden space 120832K, 100% used [0x00000000eaa80000,0x00000000f2080000,0x00000000f2080000)
  from space 9216K, 41% used [0x00000000f2980000,0x00000000f2d3e468,0x00000000f3280000)
  to   space 9216K, 0% used [0x00000000f2080000,0x00000000f2080000,0x00000000f2980000)
 ParOldGen       total 39936K, used 18519K [0x00000000c0000000, 0x00000000c2700000, 0x00000000eaa80000)
  object space 39936K, 46% used [0x00000000c0000000,0x00000000c1215d98,0x00000000c2700000)
 PSPermGen       total 21504K, used 5487K [0x00000000b5a00000, 0x00000000b6f00000, 0x00000000c0000000)
  object space 21504K, 25% used [0x00000000b5a00000,0x00000000b5f5bc78,0x00000000b6f00000)
Event: 5.282 GC heap after
Heap after GC invocations=9 (full 0):
 PSYoungGen      total 130048K, used 9194K [0x00000000eaa80000, 0x00000000f8080000, 0x0000000100000000)
  eden space 120832K, 0% used [0x00000000eaa80000,0x00000000eaa80000,0x00000000f2080000)
  from space 9216K, 99% used [0x00000000f2080000,0x00000000f297a800,0x00000000f2980000)
  to   space 12800K, 0% used [0x00000000f7400000,0x00000000f7400000,0x00000000f8080000)
 ParOldGen       total 39936K, used 24723K [0x00000000c0000000, 0x00000000c2700000, 0x00000000eaa80000)
  object space 39936K, 61% used [0x00000000c0000000,0x00000000c1824da8,0x00000000c2700000)
 PSPermGen       total 21504K, used 5487K [0x00000000b5a00000, 0x00000000b6f00000, 0x00000000c0000000)
  object space 21504K, 25% used [0x00000000b5a00000,0x00000000b5f5bc78,0x00000000b6f00000)
}
Event: 5.559 GC heap before
{Heap before GC invocations=10 (full 0):
 PSYoungGen      total 130048K, used 130026K [0x00000000eaa80000, 0x00000000f8080000, 0x0000000100000000)
  eden space 120832K, 100% used [0x00000000eaa80000,0x00000000f2080000,0x00000000f2080000)
  from space 9216K, 99% used [0x00000000f2080000,0x00000000f297a800,0x00000000f2980000)
  to   space 12800K, 0% used [0x00000000f7400000,0x00000000f7400000,0x00000000f8080000)
 ParOldGen       total 39936K, used 24723K [0x00000000c0000000, 0x00000000c2700000, 0x00000000eaa80000)
  object space 39936K, 61% used [0x00000000c0000000,0x00000000c1824da8,0x00000000c2700000)
 PSPermGen       total 21504K, used 5488K [0x00000000b5a00000, 0x00000000b6f00000, 0x00000000c0000000)
  object space 21504K, 25% used [0x00000000b5a00000,0x00000000b5f5c1b8,0x00000000b6f00000)
Event: 5.598 GC heap after
Heap after GC invocations=10 (full 0):
 PSYoungGen      total 202752K, used 12784K [0x00000000eaa80000, 0x00000000f8780000, 0x0000000100000000)
  eden space 189952K, 0% used [0x00000000eaa80000,0x00000000eaa80000,0x00000000f6400000)
  from space 12800K, 99% used [0x00000000f7400000,0x00000000f807c1f0,0x00000000f8080000)
  to   space 16384K, 0% used [0x00000000f6400000,0x00000000f6400000,0x00000000f7400000)
 ParOldGen       total 39936K, used 30328K [0x00000000c0000000, 0x00000000c2700000, 0x00000000eaa80000)
  object space 39936K, 75% used [0x00000000c0000000,0x00000000c1d9e270,0x00000000c2700000)
 PSPermGen       total 21504K, used 5488K [0x00000000b5a00000, 0x00000000b6f00000, 0x00000000c0000000)
  object space 21504K, 25% used [0x00000000b5a00000,0x00000000b5f5c1b8,0x00000000b6f00000)
}
Event: 6.174 GC heap before
{Heap before GC invocations=11 (full 0):
 PSYoungGen      total 202752K, used 202736K [0x00000000eaa80000, 0x00000000f8780000, 0x0000000100000000)
  eden space 189952K, 100% used [0x00000000eaa80000,0x00000000f6400000,0x00000000f6400000)
  from space 12800K, 99% used [0x00000000f7400000,0x00000000f807c1f0,0x00000000f8080000)
  to   space 16384K, 0% used [0x00000000f6400000,0x00000000f6400000,0x00000000f7400000)
 ParOldGen       total 39936K, used 30328K [0x00000000c0000000, 0x00000000c2700000, 0x00000000eaa80000)
  object space 39936K, 75% used [0x00000000c0000000,0x00000000c1d9e270,0x00000000c2700000)
 PSPermGen       total 21504K, used 5494K [0x00000000b5a00000, 0x00000000b6f00000, 0x00000000c0000000)
  object space 21504K, 25% used [0x00000000b5a00000,0x00000000b5f5d9f8,0x00000000b6f00000)

Deoptimization events (10 events):
Event: 4.091 Thread 0x00007fdfe000d000 Uncommon trap: reason=array_check action=maybe_recompile pc=0x00007fdfdd0d5b2c method=java.util.ComparableTimSort.binarySort([Ljava/lang/Object;III)V @ 193
Event: 4.123 Thread 0x00007fdfe000d000 Uncommon trap: reason=array_check action=maybe_recompile pc=0x00007fdfdd102694 method=java.util.TimSort.binarySort([Ljava/lang/Object;IIILjava/util/Comparator;)V @ 193
Event: 4.175 Thread 0x00007fdfe000d000 Uncommon trap: reason=array_check action=maybe_recompile pc=0x00007fdfdd0d5b2c method=java.util.ComparableTimSort.binarySort([Ljava/lang/Object;III)V @ 193
Event: 4.278 Thread 0x00007fdfe000d000 Uncommon trap: reason=array_check action=maybe_recompile pc=0x00007fdfdd1089d8 method=java.util.ComparableTimSort.binarySort([Ljava/lang/Object;III)V @ 215
Event: 4.299 Thread 0x00007fdfe000d000 Uncommon trap: reason=unstable_if action=reinterpret pc=0x00007fdfdd0fec58 method=java.util.ComparableTimSort.mergeHi(IIII)V @ 553
Event: 4.510 Thread 0x00007fdfe000d000 Uncommon trap: reason=array_check action=maybe_recompile pc=0x00007fdfdd1089d8 method=java.util.ComparableTimSort.binarySort([Ljava/lang/Object;III)V @ 215
Event: 4.851 Thread 0x00007fdfe000d000 Uncommon trap: reason=array_check action=maybe_recompile pc=0x00007fdfdd121e90 method=java.util.ComparableTimSort.binarySort([Ljava/lang/Object;III)V @ 183
Event: 4.959 Thread 0x00007fdfe000d000 Uncommon trap: reason=array_check action=maybe_recompile pc=0x00007fdfdd121e90 method=java.util.ComparableTimSort.binarySort([Ljava/lang/Object;III)V @ 183
Event: 5.342 Thread 0x00007fdfe000d000 Uncommon trap: reason=unstable_if action=reinterpret pc=0x00007fdfdd1443a0 method=java.util.ComparableTimSort.mergeHi(IIII)V @ 569
Event: 5.434 Thread 0x00007fdfe000d000 Uncommon trap: reason=unstable_if action=reinterpret pc=0x00007fdfdd147114 method=java.util.ComparableTimSort.mergeLo(IIII)V @ 506

Internal exceptions (10 events):
Event: 1.233 Thread 0x00007fdfe000d000 Threw 0x00000000ead69578 at /build/openjdk-7-1hyu6m/openjdk-7-7u91-2.6.3/build/openjdk/hotspot/src/share/vm/prims/jvm.cpp:1322
Event: 1.236 Thread 0x00007fdfe000d000 Threw 0x00000000ead721e0 at /build/openjdk-7-1hyu6m/openjdk-7-7u91-2.6.3/build/openjdk/hotspot/src/share/vm/prims/jvm.cpp:1322
Event: 1.236 Thread 0x00007fdfe000d000 Threw 0x00000000ead75000 at /build/openjdk-7-1hyu6m/openjdk-7-7u91-2.6.3/build/openjdk/hotspot/src/share/vm/prims/jvm.cpp:1322
Event: 1.794 Thread 0x00007fdfe000d000 Threw 0x00000000eae0ae08 at /build/openjdk-7-1hyu6m/openjdk-7-7u91-2.6.3/build/openjdk/hotspot/src/share/vm/prims/jvm.cpp:1322
Event: 1.794 Thread 0x00007fdfe000d000 Threw 0x00000000eae0af30 at /build/openjdk-7-1hyu6m/openjdk-7-7u91-2.6.3/build/openjdk/hotspot/src/share/vm/prims/jvm.cpp:1322
Event: 1.795 Thread 0x00007fdfe000d000 Threw 0x00000000eae0d5e0 at /build/openjdk-7-1hyu6m/openjdk-7-7u91-2.6.3/build/openjdk/hotspot/src/share/vm/prims/jvm.cpp:1322
Event: 1.795 Thread 0x00007fdfe000d000 Threw 0x00000000eae0d708 at /build/openjdk-7-1hyu6m/openjdk-7-7u91-2.6.3/build/openjdk/hotspot/src/share/vm/prims/jvm.cpp:1322
Event: 1.795 Thread 0x00007fdfe000d000 Threw 0x00000000eae0e108 at /build/openjdk-7-1hyu6m/openjdk-7-7u91-2.6.3/build/openjdk/hotspot/src/share/vm/prims/jvm.cpp:1322
Event: 1.795 Thread 0x00007fdfe000d000 Threw 0x00000000eae0e230 at /build/openjdk-7-1hyu6m/openjdk-7-7u91-2.6.3/build/openjdk/hotspot/src/share/vm/prims/jvm.cpp:1322
Event: 2.867 Thread 0x00007fdfe000d000 Threw 0x00000000eb12dad8 at /build/openjdk-7-1hyu6m/openjdk-7-7u91-2.6.3/build/openjdk/hotspot/src/share/vm/prims/jvm.cpp:1322

Events (10 events):
Event: 5.342 Thread 0x00007fdfe000d000 Uncommon trap: trap_request=0xffffff75 fr.pc=0x00007fdfdd1443a0
Event: 5.342 Thread 0x00007fdfe000d000 DEOPT PACKING pc=0x00007fdfdd1443a0 sp=0x00007fdfe951f300
Event: 5.343 Thread 0x00007fdfe000d000 DEOPT UNPACKING pc=0x00007fdfdd039045 sp=0x00007fdfe951f2f8 mode 2
Event: 5.434 Thread 0x00007fdfe000d000 Uncommon trap: trap_request=0xffffff75 fr.pc=0x00007fdfdd147114
Event: 5.434 Thread 0x00007fdfe000d000 DEOPT PACKING pc=0x00007fdfdd147114 sp=0x00007fdfe951f300
Event: 5.434 Thread 0x00007fdfe000d000 DEOPT UNPACKING pc=0x00007fdfdd039045 sp=0x00007fdfe951f308 mode 2
Event: 5.559 Executing VM operation: ParallelGCFailedAllocation
Event: 5.598 Executing VM operation: ParallelGCFailedAllocation done
Event: 5.713 Thread 0x00007fdfe00ac800 flushing nmethod 0x00007fdfdd0fc790
Event: 6.174 Executing VM operation: ParallelGCFailedAllocation


Dynamic libraries:
00400000-00401000 r-xp 00000000 08:05 2627979                            /usr/lib/jvm/java-7-openjdk-amd64/jre/bin/java
00600000-00601000 r--p 00000000 08:05 2627979                            /usr/lib/jvm/java-7-openjdk-amd64/jre/bin/java
00601000-00602000 rw-p 00001000 08:05 2627979                            /usr/lib/jvm/java-7-openjdk-amd64/jre/bin/java
011a1000-011c2000 rw-p 00000000 00:00 0                                  [heap]
b5a00000-b6f00000 rw-p 00000000 00:00 0 
b6f00000-c0000000 rw-p 00000000 00:00 0 
c0000000-c2780000 rw-p 00000000 00:00 0 
c2780000-eaa80000 rw-p 00000000 00:00 0 
eaa80000-f8780000 rw-p 00000000 00:00 0 
ff380000-100000000 rw-p 00000000 00:00 0 
7fdfac000000-7fdfac021000 rw-p 00000000 00:00 0 
7fdfac021000-7fdfb0000000 ---p 00000000 00:00 0 
7fdfb4000000-7fdfb479a000 rw-p 00000000 00:00 0 
7fdfb479a000-7fdfb8000000 ---p 00000000 00:00 0 
7fdfb8000000-7fdfb8021000 rw-p 00000000 00:00 0 
7fdfb8021000-7fdfbc000000 ---p 00000000 00:00 0 
7fdfbc000000-7fdfbc021000 rw-p 00000000 00:00 0 
7fdfbc021000-7fdfc0000000 ---p 00000000 00:00 0 
7fdfc0000000-7fdfc047e000 rw-p 00000000 00:00 0 
7fdfc047e000-7fdfc4000000 ---p 00000000 00:00 0 
7fdfc4000000-7fdfc4021000 rw-p 00000000 00:00 0 
7fdfc4021000-7fdfc8000000 ---p 00000000 00:00 0 
7fdfc8000000-7fdfc8021000 rw-p 00000000 00:00 0 
7fdfc8021000-7fdfcc000000 ---p 00000000 00:00 0 
7fdfcc000000-7fdfcc021000 rw-p 00000000 00:00 0 
7fdfcc021000-7fdfd0000000 ---p 00000000 00:00 0 
7fdfd0000000-7fdfd0021000 rw-p 00000000 00:00 0 
7fdfd0021000-7fdfd4000000 ---p 00000000 00:00 0 
7fdfd4000000-7fdfd4021000 rw-p 00000000 00:00 0 
7fdfd4021000-7fdfd8000000 ---p 00000000 00:00 0 
7fdfd89cd000-7fdfd8f07000 rw-p 00000000 00:00 0 
7fdfd8f07000-7fdfd8f73000 r-xp 00000000 08:05 393325                     /lib/x86_64-linux-gnu/libpcre.so.3.13.1
7fdfd8f73000-7fdfd9172000 ---p 0006c000 08:05 393325                     /lib/x86_64-linux-gnu/libpcre.so.3.13.1
7fdfd9172000-7fdfd9173000 r--p 0006b000 08:05 393325                     /lib/x86_64-linux-gnu/libpcre.so.3.13.1
7fdfd9173000-7fdfd9174000 rw-p 0006c000 08:05 393325                     /lib/x86_64-linux-gnu/libpcre.so.3.13.1
7fdfd9174000-7fdfd917b000 r-xp 00000000 08:05 2630320                    /usr/lib/x86_64-linux-gnu/libffi.so.6.0.4
7fdfd917b000-7fdfd937a000 ---p 00007000 08:05 2630320                    /usr/lib/x86_64-linux-gnu/libffi.so.6.0.4
7fdfd937a000-7fdfd937b000 r--p 00006000 08:05 2630320                    /usr/lib/x86_64-linux-gnu/libffi.so.6.0.4
7fdfd937b000-7fdfd937c000 rw-p 00007000 08:05 2630320                    /usr/lib/x86_64-linux-gnu/libffi.so.6.0.4
7fdfd937c000-7fdfd9393000 r-xp 00000000 08:05 397641                     /lib/x86_64-linux-gnu/libresolv-2.21.so
7fdfd9393000-7fdfd9593000 ---p 00017000 08:05 397641                     /lib/x86_64-linux-gnu/libresolv-2.21.so
7fdfd9593000-7fdfd9595000 r--p 00017000 08:05 397641                     /lib/x86_64-linux-gnu/libresolv-2.21.so
7fdfd9595000-7fdfd9596000 rw-p 00019000 08:05 397641                     /lib/x86_64-linux-gnu/libresolv-2.21.so
7fdfd9596000-7fdfd9598000 rw-p 00000000 00:00 0 
7fdfd9598000-7fdfd95b9000 r-xp 00000000 08:05 397645                     /lib/x86_64-linux-gnu/libselinux.so.1
7fdfd95b9000-7fdfd97b8000 ---p 00021000 08:05 397645                     /lib/x86_64-linux-gnu/libselinux.so.1
7fdfd97b8000-7fdfd97b9000 r--p 00020000 08:05 397645                     /lib/x86_64-linux-gnu/libselinux.so.1
7fdfd97b9000-7fdfd97ba000 rw-p 00021000 08:05 397645                     /lib/x86_64-linux-gnu/libselinux.so.1
7fdfd97ba000-7fdfd97bc000 rw-p 00000000 00:00 0 
7fdfd97bc000-7fdfd97bf000 r-xp 00000000 08:05 2621863                    /usr/lib/x86_64-linux-gnu/libgmodule-2.0.so.0.4400.1
7fdfd97bf000-7fdfd99be000 ---p 00003000 08:05 2621863                    /usr/lib/x86_64-linux-gnu/libgmodule-2.0.so.0.4400.1
7fdfd99be000-7fdfd99bf000 r--p 00002000 08:05 2621863                    /usr/lib/x86_64-linux-gnu/libgmodule-2.0.so.0.4400.1
7fdfd99bf000-7fdfd99c0000 rw-p 00003000 08:05 2621863                    /usr/lib/x86_64-linux-gnu/libgmodule-2.0.so.0.4400.1
7fdfd99c0000-7fdfd9acd000 r-xp 00000000 08:05 397406                     /lib/x86_64-linux-gnu/libglib-2.0.so.0.4400.1
7fdfd9acd000-7fdfd9ccc000 ---p 0010d000 08:05 397406                     /lib/x86_64-linux-gnu/libglib-2.0.so.0.4400.1
7fdfd9ccc000-7fdfd9ccd000 r--p 0010c000 08:05 397406                     /lib/x86_64-linux-gnu/libglib-2.0.so.0.4400.1
7fdfd9ccd000-7fdfd9cce000 rw-p 0010d000 08:05 397406                     /lib/x86_64-linux-gnu/libglib-2.0.so.0.4400.1
7fdfd9cce000-7fdfd9ccf000 rw-p 00000000 00:00 0 
7fdfd9ccf000-7fdfd9d1f000 r-xp 00000000 08:05 2621823                    /usr/lib/x86_64-linux-gnu/libgobject-2.0.so.0.4400.1
7fdfd9d1f000-7fdfd9f1f000 ---p 00050000 08:05 2621823                    /usr/lib/x86_64-linux-gnu/libgobject-2.0.so.0.4400.1
7fdfd9f1f000-7fdfd9f20000 r--p 00050000 08:05 2621823                    /usr/lib/x86_64-linux-gnu/libgobject-2.0.so.0.4400.1
7fdfd9f20000-7fdfd9f21000 rw-p 00051000 08:05 2621823                    /usr/lib/x86_64-linux-gnu/libgobject-2.0.so.0.4400.1
7fdfd9f21000-7fdfda099000 r-xp 00000000 08:05 2621845                    /usr/lib/x86_64-linux-gnu/libgio-2.0.so.0.4400.1
7fdfda099000-7fdfda299000 ---p 00178000 08:05 2621845                    /usr/lib/x86_64-linux-gnu/libgio-2.0.so.0.4400.1
7fdfda299000-7fdfda29d000 r--p 00178000 08:05 2621845                    /usr/lib/x86_64-linux-gnu/libgio-2.0.so.0.4400.1
7fdfda29d000-7fdfda29f000 rw-p 0017c000 08:05 2621845                    /usr/lib/x86_64-linux-gnu/libgio-2.0.so.0.4400.1
7fdfda29f000-7fdfda2a1000 rw-p 00000000 00:00 0 
7fdfda2a1000-7fdfda2b9000 r-xp 00000000 08:05 2628035                    /usr/lib/jvm/java-7-openjdk-amd64/jre/lib/amd64/libnet.so
7fdfda2b9000-7fdfda4b8000 ---p 00018000 08:05 2628035                    /usr/lib/jvm/java-7-openjdk-amd64/jre/lib/amd64/libnet.so
7fdfda4b8000-7fdfda4b9000 r--p 00017000 08:05 2628035                    /usr/lib/jvm/java-7-openjdk-amd64/jre/lib/amd64/libnet.so
7fdfda4b9000-7fdfda4ba000 rw-p 00018000 08:05 2628035                    /usr/lib/jvm/java-7-openjdk-amd64/jre/lib/amd64/libnet.so
7fdfda4ba000-7fdfda4cb000 r-xp 00000000 08:05 2628004                    /usr/lib/jvm/java-7-openjdk-amd64/jre/lib/amd64/libnio.so
7fdfda4cb000-7fdfda6ca000 ---p 00011000 08:05 2628004                    /usr/lib/jvm/java-7-openjdk-amd64/jre/lib/amd64/libnio.so
7fdfda6ca000-7fdfda6cb000 r--p 00010000 08:05 2628004                    /usr/lib/jvm/java-7-openjdk-amd64/jre/lib/amd64/libnio.so
7fdfda6cb000-7fdfda6cc000 rw-p 00011000 08:05 2628004                    /usr/lib/jvm/java-7-openjdk-amd64/jre/lib/amd64/libnio.so
7fdfda6cc000-7fdfda6cd000 ---p 00000000 00:00 0 
7fdfda6cd000-7fdfda7cd000 rw-p 00000000 00:00 0                          [stack:10255]
7fdfda7cd000-7fdfda7d0000 ---p 00000000 00:00 0 
7fdfda7d0000-7fdfda8ce000 rw-p 00000000 00:00 0                          [stack:10254]
7fdfda8ce000-7fdfda8d1000 ---p 00000000 00:00 0 
7fdfda8d1000-7fdfda9cf000 rw-p 00000000 00:00 0                          [stack:10253]
7fdfda9cf000-7fdfda9d2000 ---p 00000000 00:00 0 
7fdfda9d2000-7fdfdd000000 rw-p 00000000 00:00 0                          [stack:10252]
7fdfdd000000-7fdfdd270000 rwxp 00000000 00:00 0 
7fdfdd270000-7fdfe01ad000 rw-p 00000000 00:00 0 
7fdfe01ad000-7fdfe4000000 ---p 00000000 00:00 0 
7fdfe4061000-7fdfe4066000 r--s 0004e000 08:05 2628046                    /usr/lib/jvm/java-7-openjdk-amd64/jre/lib/jsse.jar
7fdfe4066000-7fdfe4075000 r--s 000df000 08:05 6815852                    /home/yogesh/Android/Sdk/build-tools/23.0.1/lib/dx.jar
7fdfe4075000-7fdfe4078000 ---p 00000000 00:00 0 
7fdfe4078000-7fdfe4176000 rw-p 00000000 00:00 0                          [stack:10251]
7fdfe4176000-7fdfe4858000 r--p 00000000 08:05 2628994                    /usr/lib/locale/locale-archive
7fdfe4858000-7fdfe485b000 ---p 00000000 00:00 0 
7fdfe485b000-7fdfe4959000 rw-p 00000000 00:00 0                          [stack:10250]
7fdfe4959000-7fdfe495c000 ---p 00000000 00:00 0 
7fdfe495c000-7fdfe4a5a000 rw-p 00000000 00:00 0                          [stack:10249]
7fdfe4a5a000-7fdfe4a5b000 ---p 00000000 00:00 0 
7fdfe4a5b000-7fdfe5510000 rw-p 00000000 00:00 0                          [stack:10248]
7fdfe5510000-7fdfe56c2000 r--s 01d2e000 08:05 2627998                    /usr/lib/jvm/java-7-openjdk-amd64/jre/lib/rt.jar
7fdfe56c2000-7fdfe5a0e000 rw-p 00000000 00:00 0 
7fdfe5a0e000-7fdfe5a0f000 ---p 00000000 00:00 0 
7fdfe5a0f000-7fdfe5b0f000 rw-p 00000000 00:00 0                          [stack:10247]
7fdfe5b0f000-7fdfe5b10000 ---p 00000000 00:00 0 
7fdfe5b10000-7fdfe5c1b000 rw-p 00000000 00:00 0                          [stack:10246]
7fdfe5c1b000-7fdfe5c63000 rw-p 00000000 00:00 0 
7fdfe5c63000-7fdfe5c77000 rw-p 00000000 00:00 0 
7fdfe5c77000-7fdfe5db9000 rw-p 00000000 00:00 0 
7fdfe5db9000-7fdfe5dc4000 rw-p 00000000 00:00 0 
7fdfe5dc4000-7fdfe5e0c000 rw-p 00000000 00:00 0 
7fdfe5e0c000-7fdfe5e20000 rw-p 00000000 00:00 0 
7fdfe5e20000-7fdfe5f61000 rw-p 00000000 00:00 0 
7fdfe5f61000-7fdfe5fd0000 rw-p 00000000 00:00 0 
7fdfe5fd0000-7fdfe600c000 rw-p 00000000 00:00 0 
7fdfe600c000-7fdfe600d000 rw-p 00000000 00:00 0 
7fdfe600d000-7fdfe6015000 r-xp 00000000 08:05 2628008                    /usr/lib/jvm/java-7-openjdk-amd64/jre/lib/amd64/libzip.so
7fdfe6015000-7fdfe6214000 ---p 00008000 08:05 2628008                    /usr/lib/jvm/java-7-openjdk-amd64/jre/lib/amd64/libzip.so
7fdfe6214000-7fdfe6215000 r--p 00007000 08:05 2628008                    /usr/lib/jvm/java-7-openjdk-amd64/jre/lib/amd64/libzip.so
7fdfe6215000-7fdfe6216000 rw-p 00008000 08:05 2628008                    /usr/lib/jvm/java-7-openjdk-amd64/jre/lib/amd64/libzip.so
7fdfe6216000-7fdfe6222000 r-xp 00000000 08:05 397588                     /lib/x86_64-linux-gnu/libnss_files-2.21.so
7fdfe6222000-7fdfe6421000 ---p 0000c000 08:05 397588                     /lib/x86_64-linux-gnu/libnss_files-2.21.so
7fdfe6421000-7fdfe6422000 r--p 0000b000 08:05 397588                     /lib/x86_64-linux-gnu/libnss_files-2.21.so
7fdfe6422000-7fdfe6423000 rw-p 0000c000 08:05 397588                     /lib/x86_64-linux-gnu/libnss_files-2.21.so
7fdfe6423000-7fdfe642e000 r-xp 00000000 08:05 397598                     /lib/x86_64-linux-gnu/libnss_nis-2.21.so
7fdfe642e000-7fdfe662d000 ---p 0000b000 08:05 397598                     /lib/x86_64-linux-gnu/libnss_nis-2.21.so
7fdfe662d000-7fdfe662e000 r--p 0000a000 08:05 397598                     /lib/x86_64-linux-gnu/libnss_nis-2.21.so
7fdfe662e000-7fdfe662f000 rw-p 0000b000 08:05 397598                     /lib/x86_64-linux-gnu/libnss_nis-2.21.so
7fdfe662f000-7fdfe6646000 r-xp 00000000 08:05 397582                     /lib/x86_64-linux-gnu/libnsl-2.21.so
7fdfe6646000-7fdfe6845000 ---p 00017000 08:05 397582                     /lib/x86_64-linux-gnu/libnsl-2.21.so
7fdfe6845000-7fdfe6846000 r--p 00016000 08:05 397582                     /lib/x86_64-linux-gnu/libnsl-2.21.so
7fdfe6846000-7fdfe6847000 rw-p 00017000 08:05 397582                     /lib/x86_64-linux-gnu/libnsl-2.21.so
7fdfe6847000-7fdfe6849000 rw-p 00000000 00:00 0 
7fdfe6849000-7fdfe6851000 r-xp 00000000 08:05 397584                     /lib/x86_64-linux-gnu/libnss_compat-2.21.so
7fdfe6851000-7fdfe6a50000 ---p 00008000 08:05 397584                     /lib/x86_64-linux-gnu/libnss_compat-2.21.so
7fdfe6a50000-7fdfe6a51000 r--p 00007000 08:05 397584                     /lib/x86_64-linux-gnu/libnss_compat-2.21.so
7fdfe6a51000-7fdfe6a52000 rw-p 00008000 08:05 397584                     /lib/x86_64-linux-gnu/libnss_compat-2.21.so
7fdfe6a52000-7fdfe6a7f000 r-xp 00000000 08:05 2628016                    /usr/lib/jvm/java-7-openjdk-amd64/jre/lib/amd64/libjava.so
7fdfe6a7f000-7fdfe6c7e000 ---p 0002d000 08:05 2628016                    /usr/lib/jvm/java-7-openjdk-amd64/jre/lib/amd64/libjava.so
7fdfe6c7e000-7fdfe6c7f000 r--p 0002c000 08:05 2628016                    /usr/lib/jvm/java-7-openjdk-amd64/jre/lib/amd64/libjava.so
7fdfe6c7f000-7fdfe6c81000 rw-p 0002d000 08:05 2628016                    /usr/lib/jvm/java-7-openjdk-amd64/jre/lib/amd64/libjava.so
7fdfe6c81000-7fdfe6c90000 r-xp 00000000 08:05 2628031                    /usr/lib/jvm/java-7-openjdk-amd64/jre/lib/amd64/libverify.so
7fdfe6c90000-7fdfe6e8f000 ---p 0000f000 08:05 2628031                    /usr/lib/jvm/java-7-openjdk-amd64/jre/lib/amd64/libverify.so
7fdfe6e8f000-7fdfe6e92000 r--p 0000e000 08:05 2628031                    /usr/lib/jvm/java-7-openjdk-amd64/jre/lib/amd64/libverify.so
7fdfe6e92000-7fdfe6e93000 rw-p 00011000 08:05 2628031                    /usr/lib/jvm/java-7-openjdk-amd64/jre/lib/amd64/libverify.so
7fdfe6e93000-7fdfe6e9a000 r-xp 00000000 08:05 397643                     /lib/x86_64-linux-gnu/librt-2.21.so
7fdfe6e9a000-7fdfe7099000 ---p 00007000 08:05 397643                     /lib/x86_64-linux-gnu/librt-2.21.so
7fdfe7099000-7fdfe709a000 r--p 00006000 08:05 397643                     /lib/x86_64-linux-gnu/librt-2.21.so
7fdfe709a000-7fdfe709b000 rw-p 00007000 08:05 397643                     /lib/x86_64-linux-gnu/librt-2.21.so
7fdfe709b000-7fdfe70b1000 r-xp 00000000 08:05 393398                     /lib/x86_64-linux-gnu/libgcc_s.so.1
7fdfe70b1000-7fdfe72b0000 ---p 00016000 08:05 393398                     /lib/x86_64-linux-gnu/libgcc_s.so.1
7fdfe72b0000-7fdfe72b1000 rw-p 00015000 08:05 393398                     /lib/x86_64-linux-gnu/libgcc_s.so.1
7fdfe72b1000-7fdfe73b8000 r-xp 00000000 08:05 397561                     /lib/x86_64-linux-gnu/libm-2.21.so
7fdfe73b8000-7fdfe75b7000 ---p 00107000 08:05 397561                     /lib/x86_64-linux-gnu/libm-2.21.so
7fdfe75b7000-7fdfe75b8000 r--p 00106000 08:05 397561                     /lib/x86_64-linux-gnu/libm-2.21.so
7fdfe75b8000-7fdfe75b9000 rw-p 00107000 08:05 397561                     /lib/x86_64-linux-gnu/libm-2.21.so
7fdfe75b9000-7fdfe76a9000 r-xp 00000000 08:05 2630993                    /usr/lib/x86_64-linux-gnu/libstdc++.so.6.0.20
7fdfe76a9000-7fdfe78a9000 ---p 000f0000 08:05 2630993                    /usr/lib/x86_64-linux-gnu/libstdc++.so.6.0.20
7fdfe78a9000-7fdfe78b1000 r--p 000f0000 08:05 2630993                    /usr/lib/x86_64-linux-gnu/libstdc++.so.6.0.20
7fdfe78b1000-7fdfe78b3000 rw-p 000f8000 08:05 2630993                    /usr/lib/x86_64-linux-gnu/libstdc++.so.6.0.20
7fdfe78b3000-7fdfe78c8000 rw-p 00000000 00:00 0 
7fdfe78c8000-7fdfe8428000 r-xp 00000000 08:05 2628023                    /usr/lib/jvm/java-7-openjdk-amd64/jre/lib/amd64/server/libjvm.so
7fdfe8428000-7fdfe8628000 ---p 00b60000 08:05 2628023                    /usr/lib/jvm/java-7-openjdk-amd64/jre/lib/amd64/server/libjvm.so
7fdfe8628000-7fdfe86c7000 r--p 00b60000 08:05 2628023                    /usr/lib/jvm/java-7-openjdk-amd64/jre/lib/amd64/server/libjvm.so
7fdfe86c7000-7fdfe86ea000 rw-p 00bff000 08:05 2628023                    /usr/lib/jvm/java-7-openjdk-amd64/jre/lib/amd64/server/libjvm.so
7fdfe86ea000-7fdfe8717000 rw-p 00000000 00:00 0 
7fdfe8717000-7fdfe8730000 r-xp 00000000 08:05 397676                     /lib/x86_64-linux-gnu/libz.so.1.2.8
7fdfe8730000-7fdfe8930000 ---p 00019000 08:05 397676                     /lib/x86_64-linux-gnu/libz.so.1.2.8
7fdfe8930000-7fdfe8931000 r--p 00019000 08:05 397676                     /lib/x86_64-linux-gnu/libz.so.1.2.8
7fdfe8931000-7fdfe8932000 rw-p 0001a000 08:05 397676                     /lib/x86_64-linux-gnu/libz.so.1.2.8
7fdfe8932000-7fdfe894a000 r-xp 00000000 08:05 397635                     /lib/x86_64-linux-gnu/libpthread-2.21.so
7fdfe894a000-7fdfe8b4a000 ---p 00018000 08:05 397635                     /lib/x86_64-linux-gnu/libpthread-2.21.so
7fdfe8b4a000-7fdfe8b4b000 r--p 00018000 08:05 397635                     /lib/x86_64-linux-gnu/libpthread-2.21.so
7fdfe8b4b000-7fdfe8b4c000 rw-p 00019000 08:05 397635                     /lib/x86_64-linux-gnu/libpthread-2.21.so
7fdfe8b4c000-7fdfe8b50000 rw-p 00000000 00:00 0 
7fdfe8b50000-7fdfe8b53000 r-xp 00000000 08:05 397519                     /lib/x86_64-linux-gnu/libdl-2.21.so
7fdfe8b53000-7fdfe8d52000 ---p 00003000 08:05 397519                     /lib/x86_64-linux-gnu/libdl-2.21.so
7fdfe8d52000-7fdfe8d53000 r--p 00002000 08:05 397519                     /lib/x86_64-linux-gnu/libdl-2.21.so
7fdfe8d53000-7fdfe8d54000 rw-p 00003000 08:05 397519                     /lib/x86_64-linux-gnu/libdl-2.21.so
7fdfe8d54000-7fdfe8f14000 r-xp 00000000 08:05 397502                     /lib/x86_64-linux-gnu/libc-2.21.so
7fdfe8f14000-7fdfe9114000 ---p 001c0000 08:05 397502                     /lib/x86_64-linux-gnu/libc-2.21.so
7fdfe9114000-7fdfe9118000 r--p 001c0000 08:05 397502                     /lib/x86_64-linux-gnu/libc-2.21.so
7fdfe9118000-7fdfe911a000 rw-p 001c4000 08:05 397502                     /lib/x86_64-linux-gnu/libc-2.21.so
7fdfe911a000-7fdfe911e000 rw-p 00000000 00:00 0 
7fdfe911e000-7fdfe912b000 r-xp 00000000 08:05 2628032                    /usr/lib/jvm/java-7-openjdk-amd64/jre/lib/amd64/jli/libjli.so
7fdfe912b000-7fdfe932a000 ---p 0000d000 08:05 2628032                    /usr/lib/jvm/java-7-openjdk-amd64/jre/lib/amd64/jli/libjli.so
7fdfe932a000-7fdfe932b000 r--p 0000c000 08:05 2628032                    /usr/lib/jvm/java-7-openjdk-amd64/jre/lib/amd64/jli/libjli.so
7fdfe932b000-7fdfe932c000 rw-p 0000d000 08:05 2628032                    /usr/lib/jvm/java-7-openjdk-amd64/jre/lib/amd64/jli/libjli.so
7fdfe932c000-7fdfe9350000 r-xp 00000000 08:05 397474                     /lib/x86_64-linux-gnu/ld-2.21.so
7fdfe9350000-7fdfe9351000 rw-p 00000000 00:00 0 
7fdfe9351000-7fdfe9353000 r--s 00012000 08:05 2627990                    /usr/lib/jvm/java-7-openjdk-amd64/jre/lib/ext/zipfs.jar
7fdfe9353000-7fdfe9357000 r--s 00085000 08:05 2627991                    /usr/lib/jvm/java-7-openjdk-amd64/jre/lib/ext/localedata.jar
7fdfe9357000-7fdfe9359000 r--s 00006000 08:05 3021122                    /usr/share/java/java-atk-wrapper.jar
7fdfe9359000-7fdfe935d000 r--s 0003c000 08:05 2627994                    /usr/lib/jvm/java-7-openjdk-amd64/jre/lib/ext/sunpkcs11.jar
7fdfe935d000-7fdfe9360000 r--s 0000f000 08:05 2627992                    /usr/lib/jvm/java-7-openjdk-amd64/jre/lib/ext/icedtea-sound.jar
7fdfe9360000-7fdfe936a000 rw-p 00000000 00:00 0 
7fdfe936a000-7fdfe9420000 rw-p 00000000 00:00 0 
7fdfe9420000-7fdfe9423000 ---p 00000000 00:00 0 
7fdfe9423000-7fdfe9526000 rw-p 00000000 00:00 0                          [stack:10245]
7fdfe9526000-7fdfe9527000 r--s 00002000 08:05 2627995                    /usr/lib/jvm/java-7-openjdk-amd64/jre/lib/ext/dnsns.jar
7fdfe9527000-7fdfe952b000 r--s 00034000 08:05 2627993                    /usr/lib/jvm/java-7-openjdk-amd64/jre/lib/ext/sunjce_provider.jar
7fdfe952b000-7fdfe9543000 rw-p 00000000 00:00 0 
7fdfe9543000-7fdfe954b000 rw-s 00000000 08:05 3030847                    /tmp/hsperfdata_yogesh/10241
7fdfe954b000-7fdfe954c000 rw-p 00000000 00:00 0 
7fdfe954c000-7fdfe954d000 ---p 00000000 00:00 0 
7fdfe954d000-7fdfe954f000 rw-p 00000000 00:00 0 
7fdfe954f000-7fdfe9550000 r--p 00023000 08:05 397474                     /lib/x86_64-linux-gnu/ld-2.21.so
7fdfe9550000-7fdfe9551000 rw-p 00024000 08:05 397474                     /lib/x86_64-linux-gnu/ld-2.21.so
7fdfe9551000-7fdfe9552000 rw-p 00000000 00:00 0 
7ffe08f46000-7ffe08f68000 rw-p 00000000 00:00 0                          [stack]
7ffe08fb1000-7ffe08fb3000 r--p 00000000 00:00 0                          [vvar]
7ffe08fb3000-7ffe08fb5000 r-xp 00000000 00:00 0                          [vdso]
ffffffffff600000-ffffffffff601000 r-xp 00000000 00:00 0                  [vsyscall]

VM Arguments:
jvm_args: -Djava.awt.headless=true -Xmx1024M -Dfile.encoding=UTF-8 -Duser.country=IN -Duser.language=en -Duser.variant 
java_command: com.android.dx.command.Main --dex --num-threads=4 --output /home/yogesh/AndroidStudioProjects/Life/app/build/intermediates/transforms/dex/debug/folders/1000/1f/main /home/yogesh/AndroidStudioProjects/Life/app/build/intermediates/pre-dexed/debug/support-annotations-23.1.1_381edc262d6b32137e337775cda4ee35d4cdd2e3.jar /home/yogesh/AndroidStudioProjects/Life/app/build/intermediates/pre-dexed/debug/com.google.android.gms-play-services-panorama-8.4.0_0a607f877f922448d2d720ca55da93b0ffb96dbf.jar /home/yogesh/AndroidStudioProjects/Life/app/build/intermediates/pre-dexed/debug/internal_impl-23.0.0_9233474fca399ef710aa9901a8c14d76dfb0330a.jar /home/yogesh/AndroidStudioProjects/Life/app/build/intermediates/pre-dexed/debug/com.google.android.gms-play-services-safetynet-8.4.0_32709dc73f87cbeaf892dca907bde0f1ecc36939.jar /home/yogesh/AndroidStudioProjects/Life/app/build/intermediates/pre-dexed/debug/com.google.android.gms-play-services-identity-8.4.0_c465ae7c855cd8f4a23e9646d2e9f4b8ac06d1fa.jar /home/yogesh/AndroidStudioProjects/Life/app/build/intermediates/pre-dexed/debug/com.android.support-cardview-v7-23.1.1_37893b6b79c9655d943826d7e8046391a8547427.jar /home/yogesh/AndroidStudioProjects/Life/app/build/intermediates/pre-dexed/debug/com.google.android.gms-play-services-appinvite-8.4.0_e64fa1f6476e0082882637b786c02ac84fa01d10.jar /home/yogesh/AndroidStudioProjects/Life/app/build/intermediates/pre-dexed/debug/com.google.android.gms-play-services-appindexing-8.4.0_33ef1c41cfd55735ae880f429c0c39d822f70122.jar /home/yogesh/AndroidStudioProjects/Life/app/build/intermediates/pre-dexed/debug/com.google.android.gms-play-services-gcm-8.4.0_1d82c224e86f1c0a25a1c50880e2dfcfd85a5382.jar /home/yogesh/AndroidStudioProjects/Life/app/build/intermediates/pre-dexed/debug/com.google.android.gms-play-services-vision-8.4.0_10bb6619d8bb94119e69fca53ac145fa214511b0.jar /home/yogesh/AndroidStudioProjects/Life/app/build/intermediates/pre-dexed/debug/com.google.android.gms-play-services-bas
Launcher Type: SUN_STANDARD

Environment Variables:
JAVA_HOME=/usr/lib/jvm/java-7-openjdk-amd64
PATH=/usr/local/sbin:/usr/local/bin:/usr/sbin:/usr/bin:/sbin:/bin:/usr/games:/usr/local/games:/usr/local/hadoop/bin:/usr/local/hadoop/sbin:/usr/local/hadoop/bin:/usr/local/hadoop/sbin
SHELL=/bin/bash
DISPLAY=:0

Signal Handlers:
SIGSEGV: [libjvm.so+0x992590], sa_mask[0]=0x7ffbfeff, sa_flags=0x10000004
SIGBUS: [libjvm.so+0x992590], sa_mask[0]=0x7ffbfeff, sa_flags=0x10000004
SIGFPE: [libjvm.so+0x7fec60], sa_mask[0]=0x7ffbfeff, sa_flags=0x10000004
SIGPIPE: [libjvm.so+0x7fec60], sa_mask[0]=0x7ffbfeff, sa_flags=0x10000004
SIGXFSZ: [libjvm.so+0x7fec60], sa_mask[0]=0x7ffbfeff, sa_flags=0x10000004
SIGILL: [libjvm.so+0x7fec60], sa_mask[0]=0x7ffbfeff, sa_flags=0x10000004
SIGUSR1: SIG_DFL, sa_mask[0]=0x00000000, sa_flags=0x00000000
SIGUSR2: [libjvm.so+0x7feae0], sa_mask[0]=0x00000004, sa_flags=0x10000004
SIGHUP: [libjvm.so+0x7fece0], sa_mask[0]=0x7ffbfeff, sa_flags=0x10000004
SIGINT: [libjvm.so+0x7fece0], sa_mask[0]=0x7ffbfeff, sa_flags=0x10000004
SIGTERM: [libjvm.so+0x7fece0], sa_mask[0]=0x7ffbfeff, sa_flags=0x10000004
SIGQUIT: [libjvm.so+0x7fece0], sa_mask[0]=0x7ffbfeff, sa_flags=0x10000004
SIGTRAP: SIG_DFL, sa_mask[0]=0x00000000, sa_flags=0x00000000


---------------  S Y S T E M  ---------------

OS:Ubuntu 15.04 (vivid)
uname:Linux 3.19.0-42-generic #48-Ubuntu SMP Thu Dec 17 22:54:45 UTC 2015 x86_64
libc:glibc 2.21 NPTL 2.21 
rlimit: STACK 8192k, CORE 0k, NPROC 14992, NOFILE 65536, AS infinity
load average:2.18 1.08 0.83

/proc/meminfo:
MemTotal:        3860452 kB
MemFree:          116260 kB
MemAvailable:      81492 kB
Buffers:            7348 kB
Cached:           487372 kB
SwapCached:            0 kB
Active:          3158660 kB
Inactive:         422280 kB
Active(anon):    3128776 kB
Inactive(anon):   388320 kB
Active(file):      29884 kB
Inactive(file):    33960 kB
Unevictable:         288 kB
Mlocked:             288 kB
SwapTotal:             0 kB
SwapFree:              0 kB
Dirty:              5776 kB
Writeback:             0 kB
AnonPages:       3086848 kB
Mapped:           190148 kB
Shmem:            430632 kB
Slab:              69844 kB
SReclaimable:      35540 kB
SUnreclaim:        34304 kB
KernelStack:       11152 kB
PageTables:        44524 kB
NFS_Unstable:          0 kB
Bounce:                0 kB
WritebackTmp:          0 kB
CommitLimit:     1930224 kB
Committed_AS:    8346216 kB
VmallocTotal:   34359738367 kB
VmallocUsed:      348460 kB
VmallocChunk:   34359382492 kB
HardwareCorrupted:     0 kB
AnonHugePages:   1499136 kB
CmaTotal:              0 kB
CmaFree:               0 kB
HugePages_Total:       0
HugePages_Free:        0
HugePages_Rsvd:        0
HugePages_Surp:        0
Hugepagesize:       2048 kB
DirectMap4k:      180992 kB
DirectMap2M:     3825664 kB


CPU:total 2 (2 cores per cpu, 1 threads per core) family 6 model 42 stepping 7, cmov, cx8, fxsr, mmx, sse, sse2, sse3, ssse3, sse4.1, sse4.2, popcnt, tsc, tscinvbit

/proc/cpuinfo:
processor	: 0
vendor_id	: GenuineIntel
cpu family	: 6
model		: 42
model name	: Intel(R) Pentium(R) CPU B960 @ 2.20GHz
stepping	: 7
microcode	: 0x29
cpu MHz		: 1479.328
cache size	: 2048 KB
physical id	: 0
siblings	: 2
core id		: 0
cpu cores	: 2
apicid		: 0
initial apicid	: 0
fpu		: yes
fpu_exception	: yes
cpuid level	: 13
wp		: yes
flags		: fpu vme de pse tsc msr pae mce cx8 apic sep mtrr pge mca cmov pat pse36 clflush dts acpi mmx fxsr sse sse2 ss ht tm pbe syscall nx rdtscp lm constant_tsc arch_perfmon pebs bts rep_good nopl xtopology nonstop_tsc aperfmperf eagerfpu pni pclmulqdq dtes64 monitor ds_cpl est tm2 ssse3 cx16 xtpr pdcm pcid sse4_1 sse4_2 x2apic popcnt tsc_deadline_timer xsave lahf_lm arat epb pln pts dtherm xsaveopt
bugs		:
bogomips	: 4389.92
clflush size	: 64
cache_alignment	: 64
address sizes	: 36 bits physical, 48 bits virtual
power management:

processor	: 1
vendor_id	: GenuineIntel
cpu family	: 6
model		: 42
model name	: Intel(R) Pentium(R) CPU B960 @ 2.20GHz
stepping	: 7
microcode	: 0x29
cpu MHz		: 1784.234
cache size	: 2048 KB
physical id	: 0
siblings	: 2
core id		: 1
cpu cores	: 2
apicid		: 2
initial apicid	: 2
fpu		: yes
fpu_exception	: yes
cpuid level	: 13
wp		: yes
flags		: fpu vme de pse tsc msr pae mce cx8 apic sep mtrr pge mca cmov pat pse36 clflush dts acpi mmx fxsr sse sse2 ss ht tm pbe syscall nx rdtscp lm constant_tsc arch_perfmon pebs bts rep_good nopl xtopology nonstop_tsc aperfmperf eagerfpu pni pclmulqdq dtes64 monitor ds_cpl est tm2 ssse3 cx16 xtpr pdcm pcid sse4_1 sse4_2 x2apic popcnt tsc_deadline_timer xsave lahf_lm arat epb pln pts dtherm xsaveopt
bugs		:
bogomips	: 4389.92
clflush size	: 64
cache_alignment	: 64
address sizes	: 36 bits physical, 48 bits virtual
power management:



Memory: 4k page, physical 3860452k(116260k free), swap 0k(0k free)

vm_info: OpenJDK 64-Bit Server VM (24.91-b01) for linux-amd64 JRE (1.7.0_91-b02), built on Nov 19 2015 06:08:55 by "buildd" with gcc 4.9.2

time: Thu Jan 21 21:44:20 2016
elapsed time: 7 seconds

