#
# There is insufficient memory for the Java Runtime Environment to continue.
# Native memory allocation (malloc) failed to allocate 71303168 bytes for committing reserved memory.
# Possible reasons:
#   The system is out of physical RAM or swap space
#   In 32 bit mode, the process size limit was hit
# Possible solutions:
#   Reduce memory load on the system
#   Increase physical memory or swap space
#   Check if swap backing store is full
#   Use 64 bit Java on a 64 bit OS
#   Decrease Java heap size (-Xmx/-Xms)
#   Decrease number of Java threads
#   Decrease Java thread stack sizes (-Xss)
#   Set larger code cache with -XX:ReservedCodeCacheSize=
# This output file may be truncated or incomplete.
#
#  Out of Memory Error (os_linux.cpp:2827), pid=15036, tid=140618645321472
#
# JRE version: OpenJDK Runtime Environment (7.0_91-b02) (build 1.7.0_91-b02)
# Java VM: OpenJDK 64-Bit Server VM (24.91-b01 mixed mode linux-amd64 compressed oops)
# Derivative: IcedTea 2.6.3
# Distribution: Ubuntu 15.04, package 7u91-2.6.3-0ubuntu0.15.04.1
# Failed to write core dump. Core dumps have been disabled. To enable core dumping, try "ulimit -c unlimited" before starting Java again
#

---------------  T H R E A D  ---------------

Current thread (0x00007fe450071800):  VMThread [stack: 0x00007fe454573000,0x00007fe454674000] [id=15053]

Stack: [0x00007fe454573000,0x00007fe454674000],  sp=0x00007fe4546724e0,  free space=1021k
Native frames: (J=compiled Java code, j=interpreted, Vv=VM code, C=native code)
V  [libjvm.so+0x991aa6]  VMError::report_and_die()+0x186
V  [libjvm.so+0x4934c2]  report_vm_out_of_memory(char const*, int, unsigned long, char const*)+0x92
V  [libjvm.so+0x80371b]  os::pd_commit_memory(char*, unsigned long, unsigned long, bool)+0xeb
V  [libjvm.so+0x7fddfe]  os::commit_memory(char*, unsigned long, unsigned long, bool)+0x2e
V  [libjvm.so+0x871c0b]  PSVirtualSpace::expand_by(unsigned long)+0x5b
V  [libjvm.so+0x872ac3]  PSYoungGen::resize_generation(unsigned long, unsigned long)+0xd3
V  [libjvm.so+0x8731db]  PSYoungGen::resize(unsigned long, unsigned long)+0x1b
V  [libjvm.so+0x86eb41]  PSScavenge::invoke_no_policy()+0xd51
V  [libjvm.so+0x86f3b8]  PSScavenge::invoke()+0x38
V  [libjvm.so+0x826a73]  ParallelScavengeHeap::failed_mem_allocate(unsigned long)+0x63
V  [libjvm.so+0x993372]  VM_ParallelGCFailedAllocation::doit()+0x92
V  [libjvm.so+0x9977f7]  VM_Operation::evaluate()+0x47
V  [libjvm.so+0x995f6b]  VMThread::evaluate_operation(VM_Operation*)+0xab
V  [libjvm.so+0x996616]  VMThread::loop()+0x1e6
V  [libjvm.so+0x996ae1]  VMThread::run()+0x81
V  [libjvm.so+0x800642]  java_start(Thread*)+0xf2

VM_Operation (0x00007fe448723e20): ParallelGCFailedAllocation, mode: safepoint, requested by thread 0x00007fe450195000


---------------  P R O C E S S  ---------------

Java Threads: ( => current thread )
  0x00007fe4501a1800 JavaThread "pool-1-thread-4" [_thread_blocked, id=15078, stack(0x00007fe448221000,0x00007fe448322000)]
  0x00007fe45019f800 JavaThread "pool-1-thread-3" [_thread_blocked, id=15077, stack(0x00007fe448322000,0x00007fe448423000)]
  0x00007fe45019d000 JavaThread "pool-1-thread-2" [_thread_blocked, id=15074, stack(0x00007fe448423000,0x00007fe448524000)]
  0x00007fe450199000 JavaThread "pool-2-thread-1" [_thread_blocked, id=15071, stack(0x00007fe448524000,0x00007fe448625000)]
  0x00007fe450195000 JavaThread "pool-1-thread-1" [_thread_blocked, id=15069, stack(0x00007fe448625000,0x00007fe448726000)]
  0x00007fe4500ac000 JavaThread "Service Thread" daemon [_thread_blocked, id=15064, stack(0x00007fe44a2ed000,0x00007fe44a3ee000)]
  0x00007fe4500aa000 JavaThread "C2 CompilerThread1" daemon [_thread_blocked, id=15063, stack(0x00007fe45406e000,0x00007fe45416f000)]
  0x00007fe4500a7000 JavaThread "C2 CompilerThread0" daemon [_thread_blocked, id=15060, stack(0x00007fe45416f000,0x00007fe454270000)]
  0x00007fe4500a4800 JavaThread "Signal Dispatcher" daemon [_thread_blocked, id=15059, stack(0x00007fe454270000,0x00007fe454371000)]
  0x00007fe450078000 JavaThread "Finalizer" daemon [_thread_blocked, id=15057, stack(0x00007fe454371000,0x00007fe454472000)]
  0x00007fe450076000 JavaThread "Reference Handler" daemon [_thread_blocked, id=15055, stack(0x00007fe454472000,0x00007fe454573000)]
  0x00007fe45000a000 JavaThread "main" [_thread_blocked, id=15046, stack(0x00007fe458f39000,0x00007fe45903a000)]

Other Threads:
=>0x00007fe450071800 VMThread [stack: 0x00007fe454573000,0x00007fe454674000] [id=15053]
  0x00007fe4500b7000 WatcherThread [stack: 0x00007fe44a1ec000,0x00007fe44a2ed000] [id=15066]

VM state:at safepoint (normal execution)

VM Mutex/Monitor currently owned by a thread:  ([mutex/lock_event])
[0x00007fe4500069d0] Threads_lock - owner thread: 0x00007fe450071800
[0x00007fe450006ed0] Heap_lock - owner thread: 0x00007fe450195000

Heap
 PSYoungGen      total 72704K, used 11760K [0x00000000eaa80000, 0x00000000efd80000, 0x0000000100000000)
  eden space 60928K, 0% used [0x00000000eaa80000,0x00000000eaa80000,0x00000000ee600000)
  from space 11776K, 99% used [0x00000000ee600000,0x00000000ef17c020,0x00000000ef180000)
  to   space 11264K, 0% used [0x00000000ef180000,0x00000000ef180000,0x00000000efc80000)
 ParOldGen       total 39936K, used 28280K [0x00000000c0000000, 0x00000000c2700000, 0x00000000eaa80000)
  object space 39936K, 70% used [0x00000000c0000000,0x00000000c1b9e0e8,0x00000000c2700000)
 PSPermGen       total 21504K, used 6114K [0x00000000b5a00000, 0x00000000b6f00000, 0x00000000c0000000)
  object space 21504K, 28% used [0x00000000b5a00000,0x00000000b5ff8ad0,0x00000000b6f00000)

Card table byte_map: [0x00007fe4558d2000,0x00007fe455b26000] byte_map_base: 0x00007fe455325000

Polling page: 0x00007fe459065000

Code Cache  [0x00007fe44d000000, 0x00007fe44d270000, 0x00007fe450000000)
 total_blobs=470 nmethods=240 adapters=184 free_code_cache=48015Kb largest_free_block=49130560

Compilation events (10 events):
Event: 19.839 Thread 0x00007fe4500a7000 nmethod 238 0x00007fe44d0db610 code [0x00007fe44d0db7a0, 0x00007fe44d0db9f8]
Event: 19.839 Thread 0x00007fe4500a7000  239             com.android.dx.cf.code.ByteBlock::getLabel (5 bytes)
Event: 19.843 Thread 0x00007fe4500a7000 nmethod 239 0x00007fe44d0dbcd0 code [0x00007fe44d0dbe00, 0x00007fe44d0dbe58]
Event: 19.843 Thread 0x00007fe4500a7000  240             com.android.dx.rop.code.BasicBlockList::forEachInsn (39 bytes)
Event: 19.867 Thread 0x00007fe4500a7000 nmethod 240 0x00007fe44d08f590 code [0x00007fe44d08f700, 0x00007fe44d08f9b8]
Event: 19.867 Thread 0x00007fe4500a7000  241             com.android.dx.cf.code.BasicBlocker::addWorkIfNecessary (32 bytes)
Event: 19.869 Thread 0x00007fe4500a7000 nmethod 241 0x00007fe44d08f090 code [0x00007fe44d08f1e0, 0x00007fe44d08f318]
Event: 19.869 Thread 0x00007fe4500a7000  242             com.android.dx.cf.code.BaseMachine::storeResults (90 bytes)
Event: 20.004 Thread 0x00007fe4500a7000 nmethod 242 0x00007fe44d122fd0 code [0x00007fe44d123260, 0x00007fe44d123f00]
Event: 20.005 Thread 0x00007fe4500a7000  243             com.android.dx.ssa.SCCP::simulateBlock (54 bytes)

GC Heap History (10 events):
Event: 9.920 GC heap after
Heap after GC invocations=2 (full 0):
 PSYoungGen      total 17920K, used 2533K [0x00000000eaa80000, 0x00000000ecd80000, 0x0000000100000000)
  eden space 15360K, 0% used [0x00000000eaa80000,0x00000000eaa80000,0x00000000eb980000)
  from space 2560K, 98% used [0x00000000ebc00000,0x00000000ebe79670,0x00000000ebe80000)
  to   space 2560K, 0% used [0x00000000eb980000,0x00000000eb980000,0x00000000ebc00000)
 ParOldGen       total 39936K, used 4864K [0x00000000c0000000, 0x00000000c2700000, 0x00000000eaa80000)
  object space 39936K, 12% used [0x00000000c0000000,0x00000000c04c01e0,0x00000000c2700000)
 PSPermGen       total 21504K, used 5933K [0x00000000b5a00000, 0x00000000b6f00000, 0x00000000c0000000)
  object space 21504K, 27% used [0x00000000b5a00000,0x00000000b5fcb790,0x00000000b6f00000)
}
Event: 10.808 GC heap before
{Heap before GC invocations=3 (full 0):
 PSYoungGen      total 17920K, used 17893K [0x00000000eaa80000, 0x00000000ecd80000, 0x0000000100000000)
  eden space 15360K, 100% used [0x00000000eaa80000,0x00000000eb980000,0x00000000eb980000)
  from space 2560K, 98% used [0x00000000ebc00000,0x00000000ebe79670,0x00000000ebe80000)
  to   space 2560K, 0% used [0x00000000eb980000,0x00000000eb980000,0x00000000ebc00000)
 ParOldGen       total 39936K, used 4864K [0x00000000c0000000, 0x00000000c2700000, 0x00000000eaa80000)
  object space 39936K, 12% used [0x00000000c0000000,0x00000000c04c01e0,0x00000000c2700000)
 PSPermGen       total 21504K, used 5963K [0x00000000b5a00000, 0x00000000b6f00000, 0x00000000c0000000)
  object space 21504K, 27% used [0x00000000b5a00000,0x00000000b5fd2c40,0x00000000b6f00000)
Event: 10.849 GC heap after
Heap after GC invocations=3 (full 0):
 PSYoungGen      total 17920K, used 2549K [0x00000000eaa80000, 0x00000000ecd80000, 0x0000000100000000)
  eden space 15360K, 0% used [0x00000000eaa80000,0x00000000eaa80000,0x00000000eb980000)
  from space 2560K, 99% used [0x00000000eb980000,0x00000000ebbfd640,0x00000000ebc00000)
  to   space 2560K, 0% used [0x00000000ecb00000,0x00000000ecb00000,0x00000000ecd80000)
 ParOldGen       total 39936K, used 10443K [0x00000000c0000000, 0x00000000c2700000, 0x00000000eaa80000)
  object space 39936K, 26% used [0x00000000c0000000,0x00000000c0a32fa0,0x00000000c2700000)
 PSPermGen       total 21504K, used 5963K [0x00000000b5a00000, 0x00000000b6f00000, 0x00000000c0000000)
  object space 21504K, 27% used [0x00000000b5a00000,0x00000000b5fd2c40,0x00000000b6f00000)
}
Event: 11.867 GC heap before
{Heap before GC invocations=4 (full 0):
 PSYoungGen      total 17920K, used 17909K [0x00000000eaa80000, 0x00000000ecd80000, 0x0000000100000000)
  eden space 15360K, 100% used [0x00000000eaa80000,0x00000000eb980000,0x00000000eb980000)
  from space 2560K, 99% used [0x00000000eb980000,0x00000000ebbfd640,0x00000000ebc00000)
  to   space 2560K, 0% used [0x00000000ecb00000,0x00000000ecb00000,0x00000000ecd80000)
 ParOldGen       total 39936K, used 10443K [0x00000000c0000000, 0x00000000c2700000, 0x00000000eaa80000)
  object space 39936K, 26% used [0x00000000c0000000,0x00000000c0a32fa0,0x00000000c2700000)
 PSPermGen       total 21504K, used 5980K [0x00000000b5a00000, 0x00000000b6f00000, 0x00000000c0000000)
  object space 21504K, 27% used [0x00000000b5a00000,0x00000000b5fd71b0,0x00000000b6f00000)
Event: 11.940 GC heap after
Heap after GC invocations=4 (full 0):
 PSYoungGen      total 33280K, used 2549K [0x00000000eaa80000, 0x00000000ecd80000, 0x0000000100000000)
  eden space 30720K, 0% used [0x00000000eaa80000,0x00000000eaa80000,0x00000000ec880000)
  from space 2560K, 99% used [0x00000000ecb00000,0x00000000ecd7d640,0x00000000ecd80000)
  to   space 2560K, 0% used [0x00000000ec880000,0x00000000ec880000,0x00000000ecb00000)
 ParOldGen       total 39936K, used 14233K [0x00000000c0000000, 0x00000000c2700000, 0x00000000eaa80000)
  object space 39936K, 35% used [0x00000000c0000000,0x00000000c0de6548,0x00000000c2700000)
 PSPermGen       total 21504K, used 5980K [0x00000000b5a00000, 0x00000000b6f00000, 0x00000000c0000000)
  object space 21504K, 27% used [0x00000000b5a00000,0x00000000b5fd71b0,0x00000000b6f00000)
}
Event: 14.354 GC heap before
{Heap before GC invocations=5 (full 0):
 PSYoungGen      total 33280K, used 33269K [0x00000000eaa80000, 0x00000000ecd80000, 0x0000000100000000)
  eden space 30720K, 100% used [0x00000000eaa80000,0x00000000ec880000,0x00000000ec880000)
  from space 2560K, 99% used [0x00000000ecb00000,0x00000000ecd7d640,0x00000000ecd80000)
  to   space 2560K, 0% used [0x00000000ec880000,0x00000000ec880000,0x00000000ecb00000)
 ParOldGen       total 39936K, used 14233K [0x00000000c0000000, 0x00000000c2700000, 0x00000000eaa80000)
  object space 39936K, 35% used [0x00000000c0000000,0x00000000c0de6548,0x00000000c2700000)
 PSPermGen       total 21504K, used 6019K [0x00000000b5a00000, 0x00000000b6f00000, 0x00000000c0000000)
  object space 21504K, 27% used [0x00000000b5a00000,0x00000000b5fe0dd0,0x00000000b6f00000)
Event: 14.502 GC heap after
Heap after GC invocations=5 (full 0):
 PSYoungGen      total 33280K, used 2533K [0x00000000eaa80000, 0x00000000efc80000, 0x0000000100000000)
  eden space 30720K, 0% used [0x00000000eaa80000,0x00000000eaa80000,0x00000000ec880000)
  from space 2560K, 98% used [0x00000000ec880000,0x00000000ecaf9628,0x00000000ecb00000)
  to   space 11264K, 0% used [0x00000000ef180000,0x00000000ef180000,0x00000000efc80000)
 ParOldGen       total 39936K, used 22841K [0x00000000c0000000, 0x00000000c2700000, 0x00000000eaa80000)
  object space 39936K, 57% used [0x00000000c0000000,0x00000000c164e6a8,0x00000000c2700000)
 PSPermGen       total 21504K, used 6019K [0x00000000b5a00000, 0x00000000b6f00000, 0x00000000c0000000)
  object space 21504K, 27% used [0x00000000b5a00000,0x00000000b5fe0dd0,0x00000000b6f00000)
}
Event: 16.703 GC heap before
{Heap before GC invocations=6 (full 0):
 PSYoungGen      total 33280K, used 33253K [0x00000000eaa80000, 0x00000000efc80000, 0x0000000100000000)
  eden space 30720K, 100% used [0x00000000eaa80000,0x00000000ec880000,0x00000000ec880000)
  from space 2560K, 98% used [0x00000000ec880000,0x00000000ecaf9628,0x00000000ecb00000)
  to   space 11264K, 0% used [0x00000000ef180000,0x00000000ef180000,0x00000000efc80000)
 ParOldGen       total 39936K, used 22841K [0x00000000c0000000, 0x00000000c2700000, 0x00000000eaa80000)
  object space 39936K, 57% used [0x00000000c0000000,0x00000000c164e6a8,0x00000000c2700000)
 PSPermGen       total 21504K, used 6060K [0x00000000b5a00000, 0x00000000b6f00000, 0x00000000c0000000)
  object space 21504K, 28% used [0x00000000b5a00000,0x00000000b5feb2b0,0x00000000b6f00000)
Event: 16.886 GC heap after
Heap after GC invocations=6 (full 0):
 PSYoungGen      total 72192K, used 8827K [0x00000000eaa80000, 0x00000000efd80000, 0x0000000100000000)
  eden space 60928K, 0% used [0x00000000eaa80000,0x00000000eaa80000,0x00000000ee600000)
  from space 11264K, 78% used [0x00000000ef180000,0x00000000efa1ed18,0x00000000efc80000)
  to   space 11776K, 0% used [0x00000000ee600000,0x00000000ee600000,0x00000000ef180000)
 ParOldGen       total 39936K, used 22841K [0x00000000c0000000, 0x00000000c2700000, 0x00000000eaa80000)
  object space 39936K, 57% used [0x00000000c0000000,0x00000000c164e6a8,0x00000000c2700000)
 PSPermGen       total 21504K, used 6060K [0x00000000b5a00000, 0x00000000b6f00000, 0x00000000c0000000)
  object space 21504K, 28% used [0x00000000b5a00000,0x00000000b5feb2b0,0x00000000b6f00000)
}
Event: 20.675 GC heap before
{Heap before GC invocations=7 (full 0):
 PSYoungGen      total 72192K, used 69755K [0x00000000eaa80000, 0x00000000efd80000, 0x0000000100000000)
  eden space 60928K, 100% used [0x00000000eaa80000,0x00000000ee600000,0x00000000ee600000)
  from space 11264K, 78% used [0x00000000ef180000,0x00000000efa1ed18,0x00000000efc80000)
  to   space 11776K, 0% used [0x00000000ee600000,0x00000000ee600000,0x00000000ef180000)
 ParOldGen       total 39936K, used 22841K [0x00000000c0000000, 0x00000000c2700000, 0x00000000eaa80000)
  object space 39936K, 57% used [0x00000000c0000000,0x00000000c164e6a8,0x00000000c2700000)
 PSPermGen       total 21504K, used 6114K [0x00000000b5a00000, 0x00000000b6f00000, 0x00000000c0000000)
  object space 21504K, 28% used [0x00000000b5a00000,0x00000000b5ff8ad0,0x00000000b6f00000)

Deoptimization events (10 events):
Event: 14.885 Thread 0x00007fe45000a000 Uncommon trap: reason=unstable_if action=reinterpret pc=0x00007fe44d0d2d04 method=com.android.dx.ssa.Dominators.run()V @ 346
Event: 15.485 Thread 0x00007fe450195000 Uncommon trap: reason=unstable_if action=reinterpret pc=0x00007fe44d089634 method=com.android.dx.util.IntList.binarysearch(I)I @ 105
Event: 15.551 Thread 0x00007fe45019f800 Uncommon trap: reason=null_check action=make_not_entrant pc=0x00007fe44d088910 method=com.android.dx.rop.type.Type.equals(Ljava/lang/Object;)Z @ 8
Event: 18.352 Thread 0x00007fe4501a1800 Uncommon trap: reason=unstable_if action=reinterpret pc=0x00007fe44d06288c method=java.lang.String.replace(CC)Ljava/lang/String; @ 26
Event: 19.564 Thread 0x00007fe45019d000 Uncommon trap: reason=bimorphic action=maybe_recompile pc=0x00007fe44d0fb9ac method=com.android.dx.cf.code.BytecodeArray.parseInstruction(ILcom/android/dx/cf/code/BytecodeArray$Visitor;)I @ 2281
Event: 19.568 Thread 0x00007fe45019d000 Uncommon trap: reason=bimorphic action=maybe_recompile pc=0x00007fe44d0fb9ac method=com.android.dx.cf.code.BytecodeArray.parseInstruction(ILcom/android/dx/cf/code/BytecodeArray$Visitor;)I @ 2281
Event: 19.571 Thread 0x00007fe450195000 Uncommon trap: reason=class_check action=maybe_recompile pc=0x00007fe44d1103d8 method=com.android.dx.ssa.SCCP.simulateBranch(Lcom/android/dx/ssa/SsaInsn;)V @ 145
Event: 19.818 Thread 0x00007fe45019f800 Uncommon trap: reason=class_check action=maybe_recompile pc=0x00007fe44d1103d8 method=com.android.dx.ssa.SCCP.simulateBranch(Lcom/android/dx/ssa/SsaInsn;)V @ 145
Event: 19.818 Thread 0x00007fe45019f800 Uncommon trap: reason=class_check action=maybe_recompile pc=0x00007fe44d1103d8 method=com.android.dx.ssa.SCCP.simulateBranch(Lcom/android/dx/ssa/SsaInsn;)V @ 145
Event: 19.886 Thread 0x00007fe45019d000 Uncommon trap: reason=class_check action=maybe_recompile pc=0x00007fe44d0fa6bc method=com.android.dx.cf.code.BytecodeArray.parseInstruction(ILcom/android/dx/cf/code/BytecodeArray$Visitor;)I @ 1287

Internal exceptions (10 events):
Event: 13.212 Thread 0x00007fe450195000 Threw 0x00000000ebb60970 at /build/openjdk-7-1hyu6m/openjdk-7-7u91-2.6.3/build/openjdk/hotspot/src/share/vm/prims/jvm.cpp:1322
Event: 15.133 Thread 0x00007fe45000a000 Threw 0x00000000eaed8300 at /build/openjdk-7-1hyu6m/openjdk-7-7u91-2.6.3/build/openjdk/hotspot/src/share/vm/prims/jvm.cpp:1322
Event: 15.551 Thread 0x00007fe45019f800 Implicit null exception at 0x00007fe44d088812 to 0x00007fe44d088903
Event: 18.163 Thread 0x00007fe45000a000 Threw 0x00000000eb936318 at /build/openjdk-7-1hyu6m/openjdk-7-7u91-2.6.3/build/openjdk/hotspot/src/share/vm/prims/jvm.cpp:1322
Event: 18.163 Thread 0x00007fe45000a000 Threw 0x00000000eb939280 at /build/openjdk-7-1hyu6m/openjdk-7-7u91-2.6.3/build/openjdk/hotspot/src/share/vm/prims/jvm.cpp:1322
Event: 18.313 Thread 0x00007fe4501a1800 Threw 0x00000000ebbb9db0 at /build/openjdk-7-1hyu6m/openjdk-7-7u91-2.6.3/build/openjdk/hotspot/src/share/vm/prims/jvm.cpp:1322
Event: 18.350 Thread 0x00007fe4501a1800 Threw 0x00000000ebbbfd70 at /build/openjdk-7-1hyu6m/openjdk-7-7u91-2.6.3/build/openjdk/hotspot/src/share/vm/prims/jvm.cpp:1322
Event: 18.351 Thread 0x00007fe4501a1800 Threw 0x00000000ebbc5ad0 at /build/openjdk-7-1hyu6m/openjdk-7-7u91-2.6.3/build/openjdk/hotspot/src/share/vm/prims/jvm.cpp:1322
Event: 20.324 Thread 0x00007fe45000a000 Threw 0x00000000ede7a668 at /build/openjdk-7-1hyu6m/openjdk-7-7u91-2.6.3/build/openjdk/hotspot/src/share/vm/prims/jvm.cpp:1322
Event: 20.324 Thread 0x00007fe45000a000 Threw 0x00000000ede7d468 at /build/openjdk-7-1hyu6m/openjdk-7-7u91-2.6.3/build/openjdk/hotspot/src/share/vm/prims/jvm.cpp:1322

Events (10 events):
Event: 19.818 Thread 0x00007fe45019f800 DEOPT UNPACKING pc=0x00007fe44d039045 sp=0x00007fe4484210c8 mode 2
Event: 19.843 Thread 0x00007fe4500a7000 flushing nmethod 0x00007fe44d08f090
Event: 19.886 Thread 0x00007fe45019d000 Uncommon trap: trap_request=0xffffffde fr.pc=0x00007fe44d0fa6bc
Event: 19.886 Thread 0x00007fe45019d000 DEOPT PACKING pc=0x00007fe44d0fa6bc sp=0x00007fe4485221e0
Event: 19.886 Thread 0x00007fe45019d000 DEOPT UNPACKING pc=0x00007fe44d039045 sp=0x00007fe448522198 mode 2
Event: 20.324 loading class 0x00007fe45012e850
Event: 20.324 loading class 0x00007fe45012e850 done
Event: 20.324 loading class 0x00007fe45012ed80
Event: 20.324 loading class 0x00007fe45012ed80 done
Event: 20.663 Executing VM operation: ParallelGCFailedAllocation


Dynamic libraries:
00400000-00401000 r-xp 00000000 08:05 2627979                            /usr/lib/jvm/java-7-openjdk-amd64/jre/bin/java
00600000-00601000 r--p 00000000 08:05 2627979                            /usr/lib/jvm/java-7-openjdk-amd64/jre/bin/java
00601000-00602000 rw-p 00001000 08:05 2627979                            /usr/lib/jvm/java-7-openjdk-amd64/jre/bin/java
02000000-02068000 rw-p 00000000 00:00 0                                  [heap]
b5a00000-b6f00000 rw-p 00000000 00:00 0 
b6f00000-c0000000 rw-p 00000000 00:00 0 
c0000000-c2700000 rw-p 00000000 00:00 0 
c2700000-eaa80000 rw-p 00000000 00:00 0 
eaa80000-efd80000 rw-p 00000000 00:00 0 
f4180000-100000000 rw-p 00000000 00:00 0 
7fe40c000000-7fe40c021000 rw-p 00000000 00:00 0 
7fe40c021000-7fe410000000 ---p 00000000 00:00 0 
7fe414000000-7fe414021000 rw-p 00000000 00:00 0 
7fe414021000-7fe418000000 ---p 00000000 00:00 0 
7fe418000000-7fe418021000 rw-p 00000000 00:00 0 
7fe418021000-7fe41c000000 ---p 00000000 00:00 0 
7fe41c000000-7fe41c021000 rw-p 00000000 00:00 0 
7fe41c021000-7fe420000000 ---p 00000000 00:00 0 
7fe420000000-7fe420024000 rw-p 00000000 00:00 0 
7fe420024000-7fe424000000 ---p 00000000 00:00 0 
7fe424000000-7fe425b65000 rw-p 00000000 00:00 0 
7fe425b65000-7fe428000000 ---p 00000000 00:00 0 
7fe428000000-7fe428021000 rw-p 00000000 00:00 0 
7fe428021000-7fe42c000000 ---p 00000000 00:00 0 
7fe42c000000-7fe42c021000 rw-p 00000000 00:00 0 
7fe42c021000-7fe430000000 ---p 00000000 00:00 0 
7fe430000000-7fe431227000 rw-p 00000000 00:00 0 
7fe431227000-7fe434000000 ---p 00000000 00:00 0 
7fe434000000-7fe434021000 rw-p 00000000 00:00 0 
7fe434021000-7fe438000000 ---p 00000000 00:00 0 
7fe438000000-7fe438021000 rw-p 00000000 00:00 0 
7fe438021000-7fe43c000000 ---p 00000000 00:00 0 
7fe43c000000-7fe43c021000 rw-p 00000000 00:00 0 
7fe43c021000-7fe440000000 ---p 00000000 00:00 0 
7fe440000000-7fe440240000 rw-p 00000000 00:00 0 
7fe440240000-7fe444000000 ---p 00000000 00:00 0 
7fe444000000-7fe44402a000 rw-p 00000000 00:00 0 
7fe44402a000-7fe448000000 ---p 00000000 00:00 0 
7fe448221000-7fe448224000 ---p 00000000 00:00 0 
7fe448224000-7fe448322000 rw-p 00000000 00:00 0                          [stack:15078]
7fe448322000-7fe448325000 ---p 00000000 00:00 0 
7fe448325000-7fe448423000 rw-p 00000000 00:00 0                          [stack:15077]
7fe448423000-7fe448426000 ---p 00000000 00:00 0 
7fe448426000-7fe448524000 rw-p 00000000 00:00 0                          [stack:15074]
7fe448524000-7fe448527000 ---p 00000000 00:00 0 
7fe448527000-7fe448625000 rw-p 00000000 00:00 0                          [stack:15071]
7fe448625000-7fe448628000 ---p 00000000 00:00 0 
7fe448628000-7fe448a27000 rw-p 00000000 00:00 0                          [stack:15069]
7fe448a27000-7fe448a93000 r-xp 00000000 08:05 393325                     /lib/x86_64-linux-gnu/libpcre.so.3.13.1
7fe448a93000-7fe448c92000 ---p 0006c000 08:05 393325                     /lib/x86_64-linux-gnu/libpcre.so.3.13.1
7fe448c92000-7fe448c93000 r--p 0006b000 08:05 393325                     /lib/x86_64-linux-gnu/libpcre.so.3.13.1
7fe448c93000-7fe448c94000 rw-p 0006c000 08:05 393325                     /lib/x86_64-linux-gnu/libpcre.so.3.13.1
7fe448c94000-7fe448c9b000 r-xp 00000000 08:05 2630320                    /usr/lib/x86_64-linux-gnu/libffi.so.6.0.4
7fe448c9b000-7fe448e9a000 ---p 00007000 08:05 2630320                    /usr/lib/x86_64-linux-gnu/libffi.so.6.0.4
7fe448e9a000-7fe448e9b000 r--p 00006000 08:05 2630320                    /usr/lib/x86_64-linux-gnu/libffi.so.6.0.4
7fe448e9b000-7fe448e9c000 rw-p 00007000 08:05 2630320                    /usr/lib/x86_64-linux-gnu/libffi.so.6.0.4
7fe448e9c000-7fe448eb3000 r-xp 00000000 08:05 397641                     /lib/x86_64-linux-gnu/libresolv-2.21.so
7fe448eb3000-7fe4490b3000 ---p 00017000 08:05 397641                     /lib/x86_64-linux-gnu/libresolv-2.21.so
7fe4490b3000-7fe4490b5000 r--p 00017000 08:05 397641                     /lib/x86_64-linux-gnu/libresolv-2.21.so
7fe4490b5000-7fe4490b6000 rw-p 00019000 08:05 397641                     /lib/x86_64-linux-gnu/libresolv-2.21.so
7fe4490b6000-7fe4490b8000 rw-p 00000000 00:00 0 
7fe4490b8000-7fe4490d9000 r-xp 00000000 08:05 397645                     /lib/x86_64-linux-gnu/libselinux.so.1
7fe4490d9000-7fe4492d8000 ---p 00021000 08:05 397645                     /lib/x86_64-linux-gnu/libselinux.so.1
7fe4492d8000-7fe4492d9000 r--p 00020000 08:05 397645                     /lib/x86_64-linux-gnu/libselinux.so.1
7fe4492d9000-7fe4492da000 rw-p 00021000 08:05 397645                     /lib/x86_64-linux-gnu/libselinux.so.1
7fe4492da000-7fe4492dc000 rw-p 00000000 00:00 0 
7fe4492dc000-7fe4492df000 r-xp 00000000 08:05 2621863                    /usr/lib/x86_64-linux-gnu/libgmodule-2.0.so.0.4400.1
7fe4492df000-7fe4494de000 ---p 00003000 08:05 2621863                    /usr/lib/x86_64-linux-gnu/libgmodule-2.0.so.0.4400.1
7fe4494de000-7fe4494df000 r--p 00002000 08:05 2621863                    /usr/lib/x86_64-linux-gnu/libgmodule-2.0.so.0.4400.1
7fe4494df000-7fe4494e0000 rw-p 00003000 08:05 2621863                    /usr/lib/x86_64-linux-gnu/libgmodule-2.0.so.0.4400.1
7fe4494e0000-7fe4495ed000 r-xp 00000000 08:05 397406                     /lib/x86_64-linux-gnu/libglib-2.0.so.0.4400.1
7fe4495ed000-7fe4497ec000 ---p 0010d000 08:05 397406                     /lib/x86_64-linux-gnu/libglib-2.0.so.0.4400.1
7fe4497ec000-7fe4497ed000 r--p 0010c000 08:05 397406                     /lib/x86_64-linux-gnu/libglib-2.0.so.0.4400.1
7fe4497ed000-7fe4497ee000 rw-p 0010d000 08:05 397406                     /lib/x86_64-linux-gnu/libglib-2.0.so.0.4400.1
7fe4497ee000-7fe4497ef000 rw-p 00000000 00:00 0 
7fe4497ef000-7fe44983f000 r-xp 00000000 08:05 2621823                    /usr/lib/x86_64-linux-gnu/libgobject-2.0.so.0.4400.1
7fe44983f000-7fe449a3f000 ---p 00050000 08:05 2621823                    /usr/lib/x86_64-linux-gnu/libgobject-2.0.so.0.4400.1
7fe449a3f000-7fe449a40000 r--p 00050000 08:05 2621823                    /usr/lib/x86_64-linux-gnu/libgobject-2.0.so.0.4400.1
7fe449a40000-7fe449a41000 rw-p 00051000 08:05 2621823                    /usr/lib/x86_64-linux-gnu/libgobject-2.0.so.0.4400.1
7fe449a41000-7fe449bb9000 r-xp 00000000 08:05 2621845                    /usr/lib/x86_64-linux-gnu/libgio-2.0.so.0.4400.1
7fe449bb9000-7fe449db9000 ---p 00178000 08:05 2621845                    /usr/lib/x86_64-linux-gnu/libgio-2.0.so.0.4400.1
7fe449db9000-7fe449dbd000 r--p 00178000 08:05 2621845                    /usr/lib/x86_64-linux-gnu/libgio-2.0.so.0.4400.1
7fe449dbd000-7fe449dbf000 rw-p 0017c000 08:05 2621845                    /usr/lib/x86_64-linux-gnu/libgio-2.0.so.0.4400.1
7fe449dbf000-7fe449dc1000 rw-p 00000000 00:00 0 
7fe449dc1000-7fe449dd9000 r-xp 00000000 08:05 2628035                    /usr/lib/jvm/java-7-openjdk-amd64/jre/lib/amd64/libnet.so
7fe449dd9000-7fe449fd8000 ---p 00018000 08:05 2628035                    /usr/lib/jvm/java-7-openjdk-amd64/jre/lib/amd64/libnet.so
7fe449fd8000-7fe449fd9000 r--p 00017000 08:05 2628035                    /usr/lib/jvm/java-7-openjdk-amd64/jre/lib/amd64/libnet.so
7fe449fd9000-7fe449fda000 rw-p 00018000 08:05 2628035                    /usr/lib/jvm/java-7-openjdk-amd64/jre/lib/amd64/libnet.so
7fe449fda000-7fe449feb000 r-xp 00000000 08:05 2628004                    /usr/lib/jvm/java-7-openjdk-amd64/jre/lib/amd64/libnio.so
7fe449feb000-7fe44a1ea000 ---p 00011000 08:05 2628004                    /usr/lib/jvm/java-7-openjdk-amd64/jre/lib/amd64/libnio.so
7fe44a1ea000-7fe44a1eb000 r--p 00010000 08:05 2628004                    /usr/lib/jvm/java-7-openjdk-amd64/jre/lib/amd64/libnio.so
7fe44a1eb000-7fe44a1ec000 rw-p 00011000 08:05 2628004                    /usr/lib/jvm/java-7-openjdk-amd64/jre/lib/amd64/libnio.so
7fe44a1ec000-7fe44a1ed000 ---p 00000000 00:00 0 
7fe44a1ed000-7fe44a2ed000 rw-p 00000000 00:00 0                          [stack:15066]
7fe44a2ed000-7fe44a2f0000 ---p 00000000 00:00 0 
7fe44a2f0000-7fe44a3ee000 rw-p 00000000 00:00 0                          [stack:15064]
7fe44a3ee000-7fe44aad0000 r--p 00000000 08:05 2628994                    /usr/lib/locale/locale-archive
7fe44aad0000-7fe44d000000 rw-p 00000000 00:00 0 
7fe44d000000-7fe44d270000 rwxp 00000000 00:00 0 
7fe44d270000-7fe4501b7000 rw-p 00000000 00:00 0 
7fe4501b7000-7fe454000000 ---p 00000000 00:00 0 
7fe454056000-7fe45405f000 r--s 0005a000 08:05 6693776                    /home/yogesh/AndroidStudioProjects/Life/app/build/intermediates/exploded-aar/com.google.android.gms/play-services-analytics/8.4.0/jars/classes.jar
7fe45405f000-7fe45406e000 r--s 000df000 08:05 6815852                    /home/yogesh/Android/Sdk/build-tools/23.0.1/lib/dx.jar
7fe45406e000-7fe454071000 ---p 00000000 00:00 0 
7fe454071000-7fe45416f000 rw-p 00000000 00:00 0                          [stack:15063]
7fe45416f000-7fe454172000 ---p 00000000 00:00 0 
7fe454172000-7fe454270000 rw-p 00000000 00:00 0                          [stack:15060]
7fe454270000-7fe454273000 ---p 00000000 00:00 0 
7fe454273000-7fe454371000 rw-p 00000000 00:00 0                          [stack:15059]
7fe454371000-7fe454374000 ---p 00000000 00:00 0 
7fe454374000-7fe454472000 rw-p 00000000 00:00 0                          [stack:15057]
7fe454472000-7fe454475000 ---p 00000000 00:00 0 
7fe454475000-7fe454573000 rw-p 00000000 00:00 0                          [stack:15055]
7fe454573000-7fe454574000 ---p 00000000 00:00 0 
7fe454574000-7fe455029000 rw-p 00000000 00:00 0                          [stack:15053]
7fe455029000-7fe4551db000 r--s 01d2e000 08:05 2627998                    /usr/lib/jvm/java-7-openjdk-amd64/jre/lib/rt.jar
7fe4551db000-7fe455527000 rw-p 00000000 00:00 0 
7fe455527000-7fe455528000 ---p 00000000 00:00 0 
7fe455528000-7fe455628000 rw-p 00000000 00:00 0                          [stack:15051]
7fe455628000-7fe455629000 ---p 00000000 00:00 0 
7fe455629000-7fe455734000 rw-p 00000000 00:00 0                          [stack:15048]
7fe455734000-7fe45577c000 rw-p 00000000 00:00 0 
7fe45577c000-7fe455790000 rw-p 00000000 00:00 0 
7fe455790000-7fe4558d2000 rw-p 00000000 00:00 0 
7fe4558d2000-7fe4558dd000 rw-p 00000000 00:00 0 
7fe4558dd000-7fe455925000 rw-p 00000000 00:00 0 
7fe455925000-7fe455939000 rw-p 00000000 00:00 0 
7fe455939000-7fe455a7a000 rw-p 00000000 00:00 0 
7fe455a7a000-7fe455aa4000 rw-p 00000000 00:00 0 
7fe455aa4000-7fe455b25000 rw-p 00000000 00:00 0 
7fe455b25000-7fe455b26000 rw-p 00000000 00:00 0 
7fe455b26000-7fe455b2e000 r-xp 00000000 08:05 2628008                    /usr/lib/jvm/java-7-openjdk-amd64/jre/lib/amd64/libzip.so
7fe455b2e000-7fe455d2d000 ---p 00008000 08:05 2628008                    /usr/lib/jvm/java-7-openjdk-amd64/jre/lib/amd64/libzip.so
7fe455d2d000-7fe455d2e000 r--p 00007000 08:05 2628008                    /usr/lib/jvm/java-7-openjdk-amd64/jre/lib/amd64/libzip.so
7fe455d2e000-7fe455d2f000 rw-p 00008000 08:05 2628008                    /usr/lib/jvm/java-7-openjdk-amd64/jre/lib/amd64/libzip.so
7fe455d2f000-7fe455d3b000 r-xp 00000000 08:05 397588                     /lib/x86_64-linux-gnu/libnss_files-2.21.so
7fe455d3b000-7fe455f3a000 ---p 0000c000 08:05 397588                     /lib/x86_64-linux-gnu/libnss_files-2.21.so
7fe455f3a000-7fe455f3b000 r--p 0000b000 08:05 397588                     /lib/x86_64-linux-gnu/libnss_files-2.21.so
7fe455f3b000-7fe455f3c000 rw-p 0000c000 08:05 397588                     /lib/x86_64-linux-gnu/libnss_files-2.21.so
7fe455f3c000-7fe455f47000 r-xp 00000000 08:05 397598                     /lib/x86_64-linux-gnu/libnss_nis-2.21.so
7fe455f47000-7fe456146000 ---p 0000b000 08:05 397598                     /lib/x86_64-linux-gnu/libnss_nis-2.21.so
7fe456146000-7fe456147000 r--p 0000a000 08:05 397598                     /lib/x86_64-linux-gnu/libnss_nis-2.21.so
7fe456147000-7fe456148000 rw-p 0000b000 08:05 397598                     /lib/x86_64-linux-gnu/libnss_nis-2.21.so
7fe456148000-7fe45615f000 r-xp 00000000 08:05 397582                     /lib/x86_64-linux-gnu/libnsl-2.21.so
7fe45615f000-7fe45635e000 ---p 00017000 08:05 397582                     /lib/x86_64-linux-gnu/libnsl-2.21.so
7fe45635e000-7fe45635f000 r--p 00016000 08:05 397582                     /lib/x86_64-linux-gnu/libnsl-2.21.so
7fe45635f000-7fe456360000 rw-p 00017000 08:05 397582                     /lib/x86_64-linux-gnu/libnsl-2.21.so
7fe456360000-7fe456362000 rw-p 00000000 00:00 0 
7fe456362000-7fe45636a000 r-xp 00000000 08:05 397584                     /lib/x86_64-linux-gnu/libnss_compat-2.21.so
7fe45636a000-7fe456569000 ---p 00008000 08:05 397584                     /lib/x86_64-linux-gnu/libnss_compat-2.21.so
7fe456569000-7fe45656a000 r--p 00007000 08:05 397584                     /lib/x86_64-linux-gnu/libnss_compat-2.21.so
7fe45656a000-7fe45656b000 rw-p 00008000 08:05 397584                     /lib/x86_64-linux-gnu/libnss_compat-2.21.so
7fe45656b000-7fe456598000 r-xp 00000000 08:05 2628016                    /usr/lib/jvm/java-7-openjdk-amd64/jre/lib/amd64/libjava.so
7fe456598000-7fe456797000 ---p 0002d000 08:05 2628016                    /usr/lib/jvm/java-7-openjdk-amd64/jre/lib/amd64/libjava.so
7fe456797000-7fe456798000 r--p 0002c000 08:05 2628016                    /usr/lib/jvm/java-7-openjdk-amd64/jre/lib/amd64/libjava.so
7fe456798000-7fe45679a000 rw-p 0002d000 08:05 2628016                    /usr/lib/jvm/java-7-openjdk-amd64/jre/lib/amd64/libjava.so
7fe45679a000-7fe4567a9000 r-xp 00000000 08:05 2628031                    /usr/lib/jvm/java-7-openjdk-amd64/jre/lib/amd64/libverify.so
7fe4567a9000-7fe4569a8000 ---p 0000f000 08:05 2628031                    /usr/lib/jvm/java-7-openjdk-amd64/jre/lib/amd64/libverify.so
7fe4569a8000-7fe4569ab000 r--p 0000e000 08:05 2628031                    /usr/lib/jvm/java-7-openjdk-amd64/jre/lib/amd64/libverify.so
7fe4569ab000-7fe4569ac000 rw-p 00011000 08:05 2628031                    /usr/lib/jvm/java-7-openjdk-amd64/jre/lib/amd64/libverify.so
7fe4569ac000-7fe4569b3000 r-xp 00000000 08:05 397643                     /lib/x86_64-linux-gnu/librt-2.21.so
7fe4569b3000-7fe456bb2000 ---p 00007000 08:05 397643                     /lib/x86_64-linux-gnu/librt-2.21.so
7fe456bb2000-7fe456bb3000 r--p 00006000 08:05 397643                     /lib/x86_64-linux-gnu/librt-2.21.so
7fe456bb3000-7fe456bb4000 rw-p 00007000 08:05 397643                     /lib/x86_64-linux-gnu/librt-2.21.so
7fe456bb4000-7fe456bca000 r-xp 00000000 08:05 393398                     /lib/x86_64-linux-gnu/libgcc_s.so.1
7fe456bca000-7fe456dc9000 ---p 00016000 08:05 393398                     /lib/x86_64-linux-gnu/libgcc_s.so.1
7fe456dc9000-7fe456dca000 rw-p 00015000 08:05 393398                     /lib/x86_64-linux-gnu/libgcc_s.so.1
7fe456dca000-7fe456ed1000 r-xp 00000000 08:05 397561                     /lib/x86_64-linux-gnu/libm-2.21.so
7fe456ed1000-7fe4570d0000 ---p 00107000 08:05 397561                     /lib/x86_64-linux-gnu/libm-2.21.so
7fe4570d0000-7fe4570d1000 r--p 00106000 08:05 397561                     /lib/x86_64-linux-gnu/libm-2.21.so
7fe4570d1000-7fe4570d2000 rw-p 00107000 08:05 397561                     /lib/x86_64-linux-gnu/libm-2.21.so
7fe4570d2000-7fe4571c2000 r-xp 00000000 08:05 2630993                    /usr/lib/x86_64-linux-gnu/libstdc++.so.6.0.20
7fe4571c2000-7fe4573c2000 ---p 000f0000 08:05 2630993                    /usr/lib/x86_64-linux-gnu/libstdc++.so.6.0.20
7fe4573c2000-7fe4573ca000 r--p 000f0000 08:05 2630993                    /usr/lib/x86_64-linux-gnu/libstdc++.so.6.0.20
7fe4573ca000-7fe4573cc000 rw-p 000f8000 08:05 2630993                    /usr/lib/x86_64-linux-gnu/libstdc++.so.6.0.20
7fe4573cc000-7fe4573e1000 rw-p 00000000 00:00 0 
7fe4573e1000-7fe457f41000 r-xp 00000000 08:05 2628023                    /usr/lib/jvm/java-7-openjdk-amd64/jre/lib/amd64/server/libjvm.so
7fe457f41000-7fe458141000 ---p 00b60000 08:05 2628023                    /usr/lib/jvm/java-7-openjdk-amd64/jre/lib/amd64/server/libjvm.so
7fe458141000-7fe4581e0000 r--p 00b60000 08:05 2628023                    /usr/lib/jvm/java-7-openjdk-amd64/jre/lib/amd64/server/libjvm.so
7fe4581e0000-7fe458203000 rw-p 00bff000 08:05 2628023                    /usr/lib/jvm/java-7-openjdk-amd64/jre/lib/amd64/server/libjvm.so
7fe458203000-7fe458230000 rw-p 00000000 00:00 0 
7fe458230000-7fe458249000 r-xp 00000000 08:05 397676                     /lib/x86_64-linux-gnu/libz.so.1.2.8
7fe458249000-7fe458449000 ---p 00019000 08:05 397676                     /lib/x86_64-linux-gnu/libz.so.1.2.8
7fe458449000-7fe45844a000 r--p 00019000 08:05 397676                     /lib/x86_64-linux-gnu/libz.so.1.2.8
7fe45844a000-7fe45844b000 rw-p 0001a000 08:05 397676                     /lib/x86_64-linux-gnu/libz.so.1.2.8
7fe45844b000-7fe458463000 r-xp 00000000 08:05 397635                     /lib/x86_64-linux-gnu/libpthread-2.21.so
7fe458463000-7fe458663000 ---p 00018000 08:05 397635                     /lib/x86_64-linux-gnu/libpthread-2.21.so
7fe458663000-7fe458664000 r--p 00018000 08:05 397635                     /lib/x86_64-linux-gnu/libpthread-2.21.so
7fe458664000-7fe458665000 rw-p 00019000 08:05 397635                     /lib/x86_64-linux-gnu/libpthread-2.21.so
7fe458665000-7fe458669000 rw-p 00000000 00:00 0 
7fe458669000-7fe45866c000 r-xp 00000000 08:05 397519                     /lib/x86_64-linux-gnu/libdl-2.21.so
7fe45866c000-7fe45886b000 ---p 00003000 08:05 397519                     /lib/x86_64-linux-gnu/libdl-2.21.so
7fe45886b000-7fe45886c000 r--p 00002000 08:05 397519                     /lib/x86_64-linux-gnu/libdl-2.21.so
7fe45886c000-7fe45886d000 rw-p 00003000 08:05 397519                     /lib/x86_64-linux-gnu/libdl-2.21.so
7fe45886d000-7fe458a2d000 r-xp 00000000 08:05 397502                     /lib/x86_64-linux-gnu/libc-2.21.so
7fe458a2d000-7fe458c2d000 ---p 001c0000 08:05 397502                     /lib/x86_64-linux-gnu/libc-2.21.so
7fe458c2d000-7fe458c31000 r--p 001c0000 08:05 397502                     /lib/x86_64-linux-gnu/libc-2.21.so
7fe458c31000-7fe458c33000 rw-p 001c4000 08:05 397502                     /lib/x86_64-linux-gnu/libc-2.21.so
7fe458c33000-7fe458c37000 rw-p 00000000 00:00 0 
7fe458c37000-7fe458c44000 r-xp 00000000 08:05 2628032                    /usr/lib/jvm/java-7-openjdk-amd64/jre/lib/amd64/jli/libjli.so
7fe458c44000-7fe458e43000 ---p 0000d000 08:05 2628032                    /usr/lib/jvm/java-7-openjdk-amd64/jre/lib/amd64/jli/libjli.so
7fe458e43000-7fe458e44000 r--p 0000c000 08:05 2628032                    /usr/lib/jvm/java-7-openjdk-amd64/jre/lib/amd64/jli/libjli.so
7fe458e44000-7fe458e45000 rw-p 0000d000 08:05 2628032                    /usr/lib/jvm/java-7-openjdk-amd64/jre/lib/amd64/jli/libjli.so
7fe458e45000-7fe458e69000 r-xp 00000000 08:05 397474                     /lib/x86_64-linux-gnu/ld-2.21.so
7fe458e69000-7fe458e6a000 rw-p 00000000 00:00 0 
7fe458e6a000-7fe458e6c000 r--s 00012000 08:05 2627990                    /usr/lib/jvm/java-7-openjdk-amd64/jre/lib/ext/zipfs.jar
7fe458e6c000-7fe458e70000 r--s 00085000 08:05 2627991                    /usr/lib/jvm/java-7-openjdk-amd64/jre/lib/ext/localedata.jar
7fe458e70000-7fe458e72000 r--s 00006000 08:05 3021122                    /usr/share/java/java-atk-wrapper.jar
7fe458e72000-7fe458e76000 r--s 0003c000 08:05 2627994                    /usr/lib/jvm/java-7-openjdk-amd64/jre/lib/ext/sunpkcs11.jar
7fe458e76000-7fe458e79000 r--s 0000f000 08:05 2627992                    /usr/lib/jvm/java-7-openjdk-amd64/jre/lib/ext/icedtea-sound.jar
7fe458e79000-7fe458e83000 rw-p 00000000 00:00 0 
7fe458e83000-7fe458f39000 rw-p 00000000 00:00 0 
7fe458f39000-7fe458f3c000 ---p 00000000 00:00 0 
7fe458f3c000-7fe45903f000 rw-p 00000000 00:00 0                          [stack:15046]
7fe45903f000-7fe459040000 r--s 00002000 08:05 2627995                    /usr/lib/jvm/java-7-openjdk-amd64/jre/lib/ext/dnsns.jar
7fe459040000-7fe459044000 r--s 00034000 08:05 2627993                    /usr/lib/jvm/java-7-openjdk-amd64/jre/lib/ext/sunjce_provider.jar
7fe459044000-7fe45905c000 rw-p 00000000 00:00 0 
7fe45905c000-7fe459064000 rw-s 00000000 08:05 3030870                    /tmp/hsperfdata_yogesh/15036
7fe459064000-7fe459065000 rw-p 00000000 00:00 0 
7fe459065000-7fe459066000 ---p 00000000 00:00 0 
7fe459066000-7fe459068000 rw-p 00000000 00:00 0 
7fe459068000-7fe459069000 r--p 00023000 08:05 397474                     /lib/x86_64-linux-gnu/ld-2.21.so
7fe459069000-7fe45906a000 rw-p 00024000 08:05 397474                     /lib/x86_64-linux-gnu/ld-2.21.so
7fe45906a000-7fe45906b000 rw-p 00000000 00:00 0 
7ffc8d030000-7ffc8d051000 rw-p 00000000 00:00 0                          [stack]
7ffc8d0f8000-7ffc8d0fa000 r--p 00000000 00:00 0                          [vvar]
7ffc8d0fa000-7ffc8d0fc000 r-xp 00000000 00:00 0                          [vdso]
ffffffffff600000-ffffffffff601000 r-xp 00000000 00:00 0                  [vsyscall]

VM Arguments:
jvm_args: -Djava.awt.headless=true -Xmx1024M -Dfile.encoding=UTF-8 -Duser.country=IN -Duser.language=en -Duser.variant 
java_command: com.android.dx.command.Main --dex --num-threads=4 --output /home/yogesh/AndroidStudioProjects/Life/app/build/intermediates/pre-dexed/debug/com.google.android.gms-play-services-analytics-8.4.0_f17f4aa6d4f4802e7df0a54862cffb3c4edf3518.jar /home/yogesh/AndroidStudioProjects/Life/app/build/intermediates/exploded-aar/com.google.android.gms/play-services-analytics/8.4.0/jars/classes.jar
Launcher Type: SUN_STANDARD

Environment Variables:
JAVA_HOME=/usr/lib/jvm/java-7-openjdk-amd64
PATH=/usr/local/sbin:/usr/local/bin:/usr/sbin:/usr/bin:/sbin:/bin:/usr/games:/usr/local/games:/usr/local/hadoop/bin:/usr/local/hadoop/sbin:/usr/local/hadoop/bin:/usr/local/hadoop/sbin
SHELL=/bin/bash
DISPLAY=:0

Signal Handlers:
SIGSEGV: [libjvm.so+0x992590], sa_mask[0]=0x7ffbfeff, sa_flags=0x10000004
SIGBUS: [libjvm.so+0x992590], sa_mask[0]=0x7ffbfeff, sa_flags=0x10000004
SIGFPE: [libjvm.so+0x7fec60], sa_mask[0]=0x7ffbfeff, sa_flags=0x10000004
SIGPIPE: [libjvm.so+0x7fec60], sa_mask[0]=0x7ffbfeff, sa_flags=0x10000004
SIGXFSZ: [libjvm.so+0x7fec60], sa_mask[0]=0x7ffbfeff, sa_flags=0x10000004
SIGILL: [libjvm.so+0x7fec60], sa_mask[0]=0x7ffbfeff, sa_flags=0x10000004
SIGUSR1: SIG_DFL, sa_mask[0]=0x00000000, sa_flags=0x00000000
SIGUSR2: [libjvm.so+0x7feae0], sa_mask[0]=0x00000004, sa_flags=0x10000004
SIGHUP: [libjvm.so+0x7fece0], sa_mask[0]=0x7ffbfeff, sa_flags=0x10000004
SIGINT: [libjvm.so+0x7fece0], sa_mask[0]=0x7ffbfeff, sa_flags=0x10000004
SIGTERM: [libjvm.so+0x7fece0], sa_mask[0]=0x7ffbfeff, sa_flags=0x10000004
SIGQUIT: [libjvm.so+0x7fece0], sa_mask[0]=0x7ffbfeff, sa_flags=0x10000004
SIGTRAP: SIG_DFL, sa_mask[0]=0x00000000, sa_flags=0x00000000


---------------  S Y S T E M  ---------------

OS:Ubuntu 15.04 (vivid)
uname:Linux 3.19.0-42-generic #48-Ubuntu SMP Thu Dec 17 22:54:45 UTC 2015 x86_64
libc:glibc 2.21 NPTL 2.21 
rlimit: STACK 8192k, CORE 0k, NPROC 14992, NOFILE 65536, AS infinity
load average:9.56 8.20 4.32

/proc/meminfo:
MemTotal:        3860452 kB
MemFree:          109492 kB
MemAvailable:      66552 kB
Buffers:            1664 kB
Cached:           403772 kB
SwapCached:            0 kB
Active:          3237900 kB
Inactive:         349108 kB
Active(anon):    3218904 kB
Inactive(anon):   319872 kB
Active(file):      18996 kB
Inactive(file):    29236 kB
Unevictable:         288 kB
Mlocked:             288 kB
SwapTotal:             0 kB
SwapFree:              0 kB
Dirty:               352 kB
Writeback:             0 kB
AnonPages:       3182180 kB
Mapped:           164776 kB
Shmem:            356984 kB
Slab:              69648 kB
SReclaimable:      34812 kB
SUnreclaim:        34836 kB
KernelStack:       11136 kB
PageTables:        45112 kB
NFS_Unstable:          0 kB
Bounce:                0 kB
WritebackTmp:          0 kB
CommitLimit:     1930224 kB
Committed_AS:    8410172 kB
VmallocTotal:   34359738367 kB
VmallocUsed:      348424 kB
VmallocChunk:   34359380444 kB
HardwareCorrupted:     0 kB
AnonHugePages:   1849344 kB
CmaTotal:              0 kB
CmaFree:               0 kB
HugePages_Total:       0
HugePages_Free:        0
HugePages_Rsvd:        0
HugePages_Surp:        0
Hugepagesize:       2048 kB
DirectMap4k:      248576 kB
DirectMap2M:     3758080 kB


CPU:total 2 (2 cores per cpu, 1 threads per core) family 6 model 42 stepping 7, cmov, cx8, fxsr, mmx, sse, sse2, sse3, ssse3, sse4.1, sse4.2, popcnt, tsc, tscinvbit

/proc/cpuinfo:
processor	: 0
vendor_id	: GenuineIntel
cpu family	: 6
model		: 42
model name	: Intel(R) Pentium(R) CPU B960 @ 2.20GHz
stepping	: 7
microcode	: 0x29
cpu MHz		: 2200.000
cache size	: 2048 KB
physical id	: 0
siblings	: 2
core id		: 0
cpu cores	: 2
apicid		: 0
initial apicid	: 0
fpu		: yes
fpu_exception	: yes
cpuid level	: 13
wp		: yes
flags		: fpu vme de pse tsc msr pae mce cx8 apic sep mtrr pge mca cmov pat pse36 clflush dts acpi mmx fxsr sse sse2 ss ht tm pbe syscall nx rdtscp lm constant_tsc arch_perfmon pebs bts rep_good nopl xtopology nonstop_tsc aperfmperf eagerfpu pni pclmulqdq dtes64 monitor ds_cpl est tm2 ssse3 cx16 xtpr pdcm pcid sse4_1 sse4_2 x2apic popcnt tsc_deadline_timer xsave lahf_lm arat epb pln pts dtherm xsaveopt
bugs		:
bogomips	: 4390.30
clflush size	: 64
cache_alignment	: 64
address sizes	: 36 bits physical, 48 bits virtual
power management:

processor	: 1
vendor_id	: GenuineIntel
cpu family	: 6
model		: 42
model name	: Intel(R) Pentium(R) CPU B960 @ 2.20GHz
stepping	: 7
microcode	: 0x29
cpu MHz		: 2199.914
cache size	: 2048 KB
physical id	: 0
siblings	: 2
core id		: 1
cpu cores	: 2
apicid		: 2
initial apicid	: 2
fpu		: yes
fpu_exception	: yes
cpuid level	: 13
wp		: yes
flags		: fpu vme de pse tsc msr pae mce cx8 apic sep mtrr pge mca cmov pat pse36 clflush dts acpi mmx fxsr sse sse2 ss ht tm pbe syscall nx rdtscp lm constant_tsc arch_perfmon pebs bts rep_good nopl xtopology nonstop_tsc aperfmperf eagerfpu pni pclmulqdq dtes64 monitor ds_cpl est tm2 ssse3 cx16 xtpr pdcm pcid sse4_1 sse4_2 x2apic popcnt tsc_deadline_timer xsave lahf_lm arat epb pln pts dtherm xsaveopt
bugs		:
bogomips	: 4390.30
clflush size	: 64
cache_alignment	: 64
address sizes	: 36 bits physical, 48 bits virtual
power management:



Memory: 4k page, physical 3860452k(109492k free), swap 0k(0k free)

vm_info: OpenJDK 64-Bit Server VM (24.91-b01) for linux-amd64 JRE (1.7.0_91-b02), built on Nov 19 2015 06:08:55 by "buildd" with gcc 4.9.2

time: Thu Jan 21 00:22:03 2016
elapsed time: 27 seconds

